Removed Pin From Net: NetName=+24V_MOTOR Pin=D1-1
Removed Pin From Net: NetName=MOTOR1_CHA-RAW Pin=D1-2
Removed Pin From Net: NetName=+24V_MOTOR Pin=D2-1
Removed Pin From Net: NetName=MOTOR1_CHB Pin=D2-2
Removed Pin From Net: NetName=MOTOR1_CHA-RAW Pin=D5-1
Removed Pin From Net: NetName=GND Pin=D5-2
Removed Pin From Net: NetName=MOTOR1_CHB Pin=D6-1
Removed Pin From Net: NetName=GND Pin=D6-2
Removed Pin From Net: NetName=+24V_MOTOR Pin=D17-1
Removed Pin From Net: NetName=MOTOR2_CHA-RAW Pin=D17-2
Removed Pin From Net: NetName=+24V_MOTOR Pin=D18-1
Removed Pin From Net: NetName=MOTOR2_CHB Pin=D18-2
Removed Pin From Net: NetName=MOTOR2_CHA-RAW Pin=D21-1
Removed Pin From Net: NetName=GND Pin=D21-2
Removed Pin From Net: NetName=MOTOR2_CHB Pin=D22-1
Removed Pin From Net: NetName=GND Pin=D22-2
Removed Pin From Net: NetName=+24V_MOTOR Pin=D33-1
Removed Pin From Net: NetName=MOTOR3_CHA-RAW Pin=D33-2
Removed Pin From Net: NetName=+24V_MOTOR Pin=D34-1
Removed Pin From Net: NetName=MOTOR3_CHB Pin=D34-2
Removed Pin From Net: NetName=MOTOR3_CHA-RAW Pin=D37-1
Removed Pin From Net: NetName=GND Pin=D37-2
Removed Pin From Net: NetName=MOTOR3_CHB Pin=D38-1
Removed Pin From Net: NetName=GND Pin=D38-2
Removed Pin From Net: NetName=+24V_MOTOR Pin=D49-1
Removed Pin From Net: NetName=MOTOR4_CHA-RAW Pin=D49-2
Removed Pin From Net: NetName=+24V_MOTOR Pin=D50-1
Removed Pin From Net: NetName=MOTOR4_CHB Pin=D50-2
Removed Pin From Net: NetName=MOTOR4_CHA-RAW Pin=D53-1
Removed Pin From Net: NetName=GND Pin=D53-2
Removed Pin From Net: NetName=MOTOR4_CHB Pin=D54-1
Removed Pin From Net: NetName=GND Pin=D54-2
Change Component Footprint: Designator=D1 Old Footprint=FP-1N4007-MFG New Footprint=DIOD-SMA-2_A_V
Change Component Footprint: Designator=D2 Old Footprint=FP-1N4007-MFG New Footprint=DIOD-SMA-2_A_V
Change Component Footprint: Designator=D5 Old Footprint=FP-1N4007-MFG New Footprint=DIOD-SMA-2_A_V
Change Component Footprint: Designator=D6 Old Footprint=FP-1N4007-MFG New Footprint=DIOD-SMA-2_A_V
Change Component Footprint: Designator=D17 Old Footprint=FP-1N4007-MFG New Footprint=DIOD-SMA-2_A_V
Change Component Footprint: Designator=D18 Old Footprint=FP-1N4007-MFG New Footprint=DIOD-SMA-2_A_V
Change Component Footprint: Designator=D21 Old Footprint=FP-1N4007-MFG New Footprint=DIOD-SMA-2_A_V
Change Component Footprint: Designator=D22 Old Footprint=FP-1N4007-MFG New Footprint=DIOD-SMA-2_A_V
Change Component Footprint: Designator=D33 Old Footprint=FP-1N4007-MFG New Footprint=DIOD-SMA-2_A_V
Change Component Footprint: Designator=D34 Old Footprint=FP-1N4007-MFG New Footprint=DIOD-SMA-2_A_V
Change Component Footprint: Designator=D37 Old Footprint=FP-1N4007-MFG New Footprint=DIOD-SMA-2_A_V
Change Component Footprint: Designator=D38 Old Footprint=FP-1N4007-MFG New Footprint=DIOD-SMA-2_A_V
Change Component Footprint: Designator=D49 Old Footprint=FP-1N4007-MFG New Footprint=DIOD-SMA-2_A_V
Change Component Footprint: Designator=D50 Old Footprint=FP-1N4007-MFG New Footprint=DIOD-SMA-2_A_V
Change Component Footprint: Designator=D53 Old Footprint=FP-1N4007-MFG New Footprint=DIOD-SMA-2_A_V
Change Component Footprint: Designator=D54 Old Footprint=FP-1N4007-MFG New Footprint=DIOD-SMA-2_A_V
Change Component Comment : Designator=D1 Old Comment=1N4007-E3/54 New Comment=US1K-13-F
Change Component Comment : Designator=D2 Old Comment=1N4007-E3/54 New Comment=US1K-13-F
Change Component Comment : Designator=D5 Old Comment=1N4007-E3/54 New Comment=US1K-13-F
Change Component Comment : Designator=D6 Old Comment=1N4007-E3/54 New Comment=US1K-13-F
Change Component Comment : Designator=D17 Old Comment=1N4007-E3/54 New Comment=US1K-13-F
Change Component Comment : Designator=D18 Old Comment=1N4007-E3/54 New Comment=US1K-13-F
Change Component Comment : Designator=D21 Old Comment=1N4007-E3/54 New Comment=US1K-13-F
Change Component Comment : Designator=D22 Old Comment=1N4007-E3/54 New Comment=US1K-13-F
Change Component Comment : Designator=D33 Old Comment=1N4007-E3/54 New Comment=US1K-13-F
Change Component Comment : Designator=D34 Old Comment=1N4007-E3/54 New Comment=US1K-13-F
Change Component Comment : Designator=D37 Old Comment=1N4007-E3/54 New Comment=US1K-13-F
Change Component Comment : Designator=D38 Old Comment=1N4007-E3/54 New Comment=US1K-13-F
Change Component Comment : Designator=D49 Old Comment=1N4007-E3/54 New Comment=US1K-13-F
Change Component Comment : Designator=D50 Old Comment=1N4007-E3/54 New Comment=US1K-13-F
Change Component Comment : Designator=D53 Old Comment=1N4007-E3/54 New Comment=US1K-13-F
Change Component Comment : Designator=D54 Old Comment=1N4007-E3/54 New Comment=US1K-13-F
Change Managed Component Library Link : Designator=D1 Old VaultGUID=B7D15EC3-160A-466F-A46C-7801FE6295A7 New VaultGUID=B7D15EC3-160A-466F-A46C-7801FE6295A7 Old ItemGUID=BFB9C957-DCB1-47C6-960A-B21888F74B27 New ItemGUID=EC7B4EE4-3D55-49C8-B804-3D3E33988B27 Old RevisionGUID=CC545632-4EE5-43FA-9350-BDAEADB6F288 New RevisionGUID=A4A4C54B-3E7D-45C8-8E60-F7F9292BA087
Change Managed Component Library Link : Designator=D2 Old VaultGUID=B7D15EC3-160A-466F-A46C-7801FE6295A7 New VaultGUID=B7D15EC3-160A-466F-A46C-7801FE6295A7 Old ItemGUID=BFB9C957-DCB1-47C6-960A-B21888F74B27 New ItemGUID=EC7B4EE4-3D55-49C8-B804-3D3E33988B27 Old RevisionGUID=CC545632-4EE5-43FA-9350-BDAEADB6F288 New RevisionGUID=A4A4C54B-3E7D-45C8-8E60-F7F9292BA087
Change Managed Component Library Link : Designator=D5 Old VaultGUID=B7D15EC3-160A-466F-A46C-7801FE6295A7 New VaultGUID=B7D15EC3-160A-466F-A46C-7801FE6295A7 Old ItemGUID=BFB9C957-DCB1-47C6-960A-B21888F74B27 New ItemGUID=EC7B4EE4-3D55-49C8-B804-3D3E33988B27 Old RevisionGUID=CC545632-4EE5-43FA-9350-BDAEADB6F288 New RevisionGUID=A4A4C54B-3E7D-45C8-8E60-F7F9292BA087
Change Managed Component Library Link : Designator=D6 Old VaultGUID=B7D15EC3-160A-466F-A46C-7801FE6295A7 New VaultGUID=B7D15EC3-160A-466F-A46C-7801FE6295A7 Old ItemGUID=BFB9C957-DCB1-47C6-960A-B21888F74B27 New ItemGUID=EC7B4EE4-3D55-49C8-B804-3D3E33988B27 Old RevisionGUID=CC545632-4EE5-43FA-9350-BDAEADB6F288 New RevisionGUID=A4A4C54B-3E7D-45C8-8E60-F7F9292BA087
Change Managed Component Library Link : Designator=D17 Old VaultGUID=B7D15EC3-160A-466F-A46C-7801FE6295A7 New VaultGUID=B7D15EC3-160A-466F-A46C-7801FE6295A7 Old ItemGUID=BFB9C957-DCB1-47C6-960A-B21888F74B27 New ItemGUID=EC7B4EE4-3D55-49C8-B804-3D3E33988B27 Old RevisionGUID=CC545632-4EE5-43FA-9350-BDAEADB6F288 New RevisionGUID=A4A4C54B-3E7D-45C8-8E60-F7F9292BA087
Change Managed Component Library Link : Designator=D18 Old VaultGUID=B7D15EC3-160A-466F-A46C-7801FE6295A7 New VaultGUID=B7D15EC3-160A-466F-A46C-7801FE6295A7 Old ItemGUID=BFB9C957-DCB1-47C6-960A-B21888F74B27 New ItemGUID=EC7B4EE4-3D55-49C8-B804-3D3E33988B27 Old RevisionGUID=CC545632-4EE5-43FA-9350-BDAEADB6F288 New RevisionGUID=A4A4C54B-3E7D-45C8-8E60-F7F9292BA087
Change Managed Component Library Link : Designator=D21 Old VaultGUID=B7D15EC3-160A-466F-A46C-7801FE6295A7 New VaultGUID=B7D15EC3-160A-466F-A46C-7801FE6295A7 Old ItemGUID=BFB9C957-DCB1-47C6-960A-B21888F74B27 New ItemGUID=EC7B4EE4-3D55-49C8-B804-3D3E33988B27 Old RevisionGUID=CC545632-4EE5-43FA-9350-BDAEADB6F288 New RevisionGUID=A4A4C54B-3E7D-45C8-8E60-F7F9292BA087
Change Managed Component Library Link : Designator=D22 Old VaultGUID=B7D15EC3-160A-466F-A46C-7801FE6295A7 New VaultGUID=B7D15EC3-160A-466F-A46C-7801FE6295A7 Old ItemGUID=BFB9C957-DCB1-47C6-960A-B21888F74B27 New ItemGUID=EC7B4EE4-3D55-49C8-B804-3D3E33988B27 Old RevisionGUID=CC545632-4EE5-43FA-9350-BDAEADB6F288 New RevisionGUID=A4A4C54B-3E7D-45C8-8E60-F7F9292BA087
Change Managed Component Library Link : Designator=D33 Old VaultGUID=B7D15EC3-160A-466F-A46C-7801FE6295A7 New VaultGUID=B7D15EC3-160A-466F-A46C-7801FE6295A7 Old ItemGUID=BFB9C957-DCB1-47C6-960A-B21888F74B27 New ItemGUID=EC7B4EE4-3D55-49C8-B804-3D3E33988B27 Old RevisionGUID=CC545632-4EE5-43FA-9350-BDAEADB6F288 New RevisionGUID=A4A4C54B-3E7D-45C8-8E60-F7F9292BA087
Change Managed Component Library Link : Designator=D34 Old VaultGUID=B7D15EC3-160A-466F-A46C-7801FE6295A7 New VaultGUID=B7D15EC3-160A-466F-A46C-7801FE6295A7 Old ItemGUID=BFB9C957-DCB1-47C6-960A-B21888F74B27 New ItemGUID=EC7B4EE4-3D55-49C8-B804-3D3E33988B27 Old RevisionGUID=CC545632-4EE5-43FA-9350-BDAEADB6F288 New RevisionGUID=A4A4C54B-3E7D-45C8-8E60-F7F9292BA087
Change Managed Component Library Link : Designator=D37 Old VaultGUID=B7D15EC3-160A-466F-A46C-7801FE6295A7 New VaultGUID=B7D15EC3-160A-466F-A46C-7801FE6295A7 Old ItemGUID=BFB9C957-DCB1-47C6-960A-B21888F74B27 New ItemGUID=EC7B4EE4-3D55-49C8-B804-3D3E33988B27 Old RevisionGUID=CC545632-4EE5-43FA-9350-BDAEADB6F288 New RevisionGUID=A4A4C54B-3E7D-45C8-8E60-F7F9292BA087
Change Managed Component Library Link : Designator=D38 Old VaultGUID=B7D15EC3-160A-466F-A46C-7801FE6295A7 New VaultGUID=B7D15EC3-160A-466F-A46C-7801FE6295A7 Old ItemGUID=BFB9C957-DCB1-47C6-960A-B21888F74B27 New ItemGUID=EC7B4EE4-3D55-49C8-B804-3D3E33988B27 Old RevisionGUID=CC545632-4EE5-43FA-9350-BDAEADB6F288 New RevisionGUID=A4A4C54B-3E7D-45C8-8E60-F7F9292BA087
Change Managed Component Library Link : Designator=D49 Old VaultGUID=B7D15EC3-160A-466F-A46C-7801FE6295A7 New VaultGUID=B7D15EC3-160A-466F-A46C-7801FE6295A7 Old ItemGUID=BFB9C957-DCB1-47C6-960A-B21888F74B27 New ItemGUID=EC7B4EE4-3D55-49C8-B804-3D3E33988B27 Old RevisionGUID=CC545632-4EE5-43FA-9350-BDAEADB6F288 New RevisionGUID=A4A4C54B-3E7D-45C8-8E60-F7F9292BA087
Change Managed Component Library Link : Designator=D50 Old VaultGUID=B7D15EC3-160A-466F-A46C-7801FE6295A7 New VaultGUID=B7D15EC3-160A-466F-A46C-7801FE6295A7 Old ItemGUID=BFB9C957-DCB1-47C6-960A-B21888F74B27 New ItemGUID=EC7B4EE4-3D55-49C8-B804-3D3E33988B27 Old RevisionGUID=CC545632-4EE5-43FA-9350-BDAEADB6F288 New RevisionGUID=A4A4C54B-3E7D-45C8-8E60-F7F9292BA087
Change Managed Component Library Link : Designator=D53 Old VaultGUID=B7D15EC3-160A-466F-A46C-7801FE6295A7 New VaultGUID=B7D15EC3-160A-466F-A46C-7801FE6295A7 Old ItemGUID=BFB9C957-DCB1-47C6-960A-B21888F74B27 New ItemGUID=EC7B4EE4-3D55-49C8-B804-3D3E33988B27 Old RevisionGUID=CC545632-4EE5-43FA-9350-BDAEADB6F288 New RevisionGUID=A4A4C54B-3E7D-45C8-8E60-F7F9292BA087
Change Managed Component Library Link : Designator=D54 Old VaultGUID=B7D15EC3-160A-466F-A46C-7801FE6295A7 New VaultGUID=B7D15EC3-160A-466F-A46C-7801FE6295A7 Old ItemGUID=BFB9C957-DCB1-47C6-960A-B21888F74B27 New ItemGUID=EC7B4EE4-3D55-49C8-B804-3D3E33988B27 Old RevisionGUID=CC545632-4EE5-43FA-9350-BDAEADB6F288 New RevisionGUID=A4A4C54B-3E7D-45C8-8E60-F7F9292BA087
Change component parameters: Designator = "D1" ("D1"); Footprint = "FP-1N4007-MFG"; UniqueID = "\UMIJBHJN" ("\UMIJBHJN")
Change component parameters (AddParameter): Name = "ComponentLink1Description"; Value = "Manufacturer URL"; VariantName = "[No Variations]"
Change component parameters (AddParameter): Name = "ComponentLink1URL"; Value = "http://www.diodes.com/"; VariantName = "[No Variations]"
Change component parameters (AddParameter): Name = "ComponentLink2Description"; Value = "Datasheet"; VariantName = "[No Variations]"
Change component parameters (AddParameter): Name = "ComponentLink2URL"; Value = "http://www.diodes.com/_files/datasheets/ds16008.pdf"; VariantName = "[No Variations]"
Change component parameters (AddParameter): Name = "DatasheetVersion"; Value = "Rev. 11-2, 12/2014"; VariantName = "[No Variations]"
Change component parameters (AddParameter): Name = "Height"; Value = "2.1 mm"; VariantName = "[No Variations]"
Change component parameters (AddParameter): Name = "Length"; Value = "4.6 mm"; VariantName = "[No Variations]"
Change component parameters (AddParameter): Name = "Manufacturer"; Value = "Diodes Inc"; VariantName = "[No Variations]"
Change component parameters (AddParameter): Name = "Max Operating Temperature"; Value = "150 degC"; VariantName = "[No Variations]"
Change component parameters (AddParameter): Name = "Min Operating Temperature"; Value = "-65 degC"; VariantName = "[No Variations]"
Change component parameters (AddParameter): Name = "Mount"; Value = "Surface Mount"; VariantName = "[No Variations]"
Change component parameters (AddParameter): Name = "Mounting Technology"; Value = "Surface Mount"; VariantName = "[No Variations]"
Change component parameters (AddParameter): Name = "Package Quantity"; Value = "1"; VariantName = "[No Variations]"
Change component parameters (AddParameter): Name = "PackageDescription"; Value = "2-Pin Surface Mount Device, Body 4.3 x 2.605 mm"; VariantName = "[No Variations]"
Change component parameters (AddParameter): Name = "PackageReference"; Value = "SMA-2"; VariantName = "[No Variations]"
Change component parameters (AddParameter): Name = "Packaging"; Value = "Cut Tape"; VariantName = "[No Variations]"
Change component parameters (AddParameter): Name = "Pins"; Value = "2"; VariantName = "[No Variations]"
Change component parameters (AddParameter): Name = "REACH SVHC"; Value = "Yes"; VariantName = "[No Variations]"
Change component parameters (AddParameter): Name = "RoHSCompliant"; Value = "true"; VariantName = "[No Variations]"
Change component parameters: Designator = "D2" ("D2"); Footprint = "FP-1N4007-MFG"; UniqueID = "\ZNAZUDIH" ("\ZNAZUDIH")
Change component parameters (AddParameter): Name = "ComponentLink1Description"; Value = "Manufacturer URL"; VariantName = "[No Variations]"
Change component parameters (AddParameter): Name = "ComponentLink1URL"; Value = "http://www.diodes.com/"; VariantName = "[No Variations]"
Change component parameters (AddParameter): Name = "ComponentLink2Description"; Value = "Datasheet"; VariantName = "[No Variations]"
Change component parameters (AddParameter): Name = "ComponentLink2URL"; Value = "http://www.diodes.com/_files/datasheets/ds16008.pdf"; VariantName = "[No Variations]"
Change component parameters (AddParameter): Name = "DatasheetVersion"; Value = "Rev. 11-2, 12/2014"; VariantName = "[No Variations]"
Change component parameters (AddParameter): Name = "Height"; Value = "2.1 mm"; VariantName = "[No Variations]"
Change component parameters (AddParameter): Name = "Length"; Value = "4.6 mm"; VariantName = "[No Variations]"
Change component parameters (AddParameter): Name = "Manufacturer"; Value = "Diodes Inc"; VariantName = "[No Variations]"
Change component parameters (AddParameter): Name = "Max Operating Temperature"; Value = "150 degC"; VariantName = "[No Variations]"
Change component parameters (AddParameter): Name = "Min Operating Temperature"; Value = "-65 degC"; VariantName = "[No Variations]"
Change component parameters (AddParameter): Name = "Mount"; Value = "Surface Mount"; VariantName = "[No Variations]"
Change component parameters (AddParameter): Name = "Mounting Technology"; Value = "Surface Mount"; VariantName = "[No Variations]"
Change component parameters (AddParameter): Name = "Package Quantity"; Value = "1"; VariantName = "[No Variations]"
Change component parameters (AddParameter): Name = "PackageDescription"; Value = "2-Pin Surface Mount Device, Body 4.3 x 2.605 mm"; VariantName = "[No Variations]"
Change component parameters (AddParameter): Name = "PackageReference"; Value = "SMA-2"; VariantName = "[No Variations]"
Change component parameters (AddParameter): Name = "Packaging"; Value = "Cut Tape"; VariantName = "[No Variations]"
Change component parameters (AddParameter): Name = "Pins"; Value = "2"; VariantName = "[No Variations]"
Change component parameters (AddParameter): Name = "REACH SVHC"; Value = "Yes"; VariantName = "[No Variations]"
Change component parameters (AddParameter): Name = "RoHSCompliant"; Value = "true"; VariantName = "[No Variations]"
Change component parameters: Designator = "D5" ("D5"); Footprint = "FP-1N4007-MFG"; UniqueID = "\GEKWUCHS" ("\GEKWUCHS")
Change component parameters (AddParameter): Name = "ComponentLink1Description"; Value = "Manufacturer URL"; VariantName = "[No Variations]"
Change component parameters (AddParameter): Name = "ComponentLink1URL"; Value = "http://www.diodes.com/"; VariantName = "[No Variations]"
Change component parameters (AddParameter): Name = "ComponentLink2Description"; Value = "Datasheet"; VariantName = "[No Variations]"
Change component parameters (AddParameter): Name = "ComponentLink2URL"; Value = "http://www.diodes.com/_files/datasheets/ds16008.pdf"; VariantName = "[No Variations]"
Change component parameters (AddParameter): Name = "DatasheetVersion"; Value = "Rev. 11-2, 12/2014"; VariantName = "[No Variations]"
Change component parameters (AddParameter): Name = "Height"; Value = "2.1 mm"; VariantName = "[No Variations]"
Change component parameters (AddParameter): Name = "Length"; Value = "4.6 mm"; VariantName = "[No Variations]"
Change component parameters (AddParameter): Name = "Manufacturer"; Value = "Diodes Inc"; VariantName = "[No Variations]"
Change component parameters (AddParameter): Name = "Max Operating Temperature"; Value = "150 degC"; VariantName = "[No Variations]"
Change component parameters (AddParameter): Name = "Min Operating Temperature"; Value = "-65 degC"; VariantName = "[No Variations]"
Change component parameters (AddParameter): Name = "Mount"; Value = "Surface Mount"; VariantName = "[No Variations]"
Change component parameters (AddParameter): Name = "Mounting Technology"; Value = "Surface Mount"; VariantName = "[No Variations]"
Change component parameters (AddParameter): Name = "Package Quantity"; Value = "1"; VariantName = "[No Variations]"
Change component parameters (AddParameter): Name = "PackageDescription"; Value = "2-Pin Surface Mount Device, Body 4.3 x 2.605 mm"; VariantName = "[No Variations]"
Change component parameters (AddParameter): Name = "PackageReference"; Value = "SMA-2"; VariantName = "[No Variations]"
Change component parameters (AddParameter): Name = "Packaging"; Value = "Cut Tape"; VariantName = "[No Variations]"
Change component parameters (AddParameter): Name = "Pins"; Value = "2"; VariantName = "[No Variations]"
Change component parameters (AddParameter): Name = "REACH SVHC"; Value = "Yes"; VariantName = "[No Variations]"
Change component parameters (AddParameter): Name = "RoHSCompliant"; Value = "true"; VariantName = "[No Variations]"
Change component parameters: Designator = "D6" ("D6"); Footprint = "FP-1N4007-MFG"; UniqueID = "\CHUVBYTG" ("\CHUVBYTG")
Change component parameters (AddParameter): Name = "ComponentLink1Description"; Value = "Manufacturer URL"; VariantName = "[No Variations]"
Change component parameters (AddParameter): Name = "ComponentLink1URL"; Value = "http://www.diodes.com/"; VariantName = "[No Variations]"
Change component parameters (AddParameter): Name = "ComponentLink2Description"; Value = "Datasheet"; VariantName = "[No Variations]"
Change component parameters (AddParameter): Name = "ComponentLink2URL"; Value = "http://www.diodes.com/_files/datasheets/ds16008.pdf"; VariantName = "[No Variations]"
Change component parameters (AddParameter): Name = "DatasheetVersion"; Value = "Rev. 11-2, 12/2014"; VariantName = "[No Variations]"
Change component parameters (AddParameter): Name = "Height"; Value = "2.1 mm"; VariantName = "[No Variations]"
Change component parameters (AddParameter): Name = "Length"; Value = "4.6 mm"; VariantName = "[No Variations]"
Change component parameters (AddParameter): Name = "Manufacturer"; Value = "Diodes Inc"; VariantName = "[No Variations]"
Change component parameters (AddParameter): Name = "Max Operating Temperature"; Value = "150 degC"; VariantName = "[No Variations]"
Change component parameters (AddParameter): Name = "Min Operating Temperature"; Value = "-65 degC"; VariantName = "[No Variations]"
Change component parameters (AddParameter): Name = "Mount"; Value = "Surface Mount"; VariantName = "[No Variations]"
Change component parameters (AddParameter): Name = "Mounting Technology"; Value = "Surface Mount"; VariantName = "[No Variations]"
Change component parameters (AddParameter): Name = "Package Quantity"; Value = "1"; VariantName = "[No Variations]"
Change component parameters (AddParameter): Name = "PackageDescription"; Value = "2-Pin Surface Mount Device, Body 4.3 x 2.605 mm"; VariantName = "[No Variations]"
Change component parameters (AddParameter): Name = "PackageReference"; Value = "SMA-2"; VariantName = "[No Variations]"
Change component parameters (AddParameter): Name = "Packaging"; Value = "Cut Tape"; VariantName = "[No Variations]"
Change component parameters (AddParameter): Name = "Pins"; Value = "2"; VariantName = "[No Variations]"
Change component parameters (AddParameter): Name = "REACH SVHC"; Value = "Yes"; VariantName = "[No Variations]"
Change component parameters (AddParameter): Name = "RoHSCompliant"; Value = "true"; VariantName = "[No Variations]"
Change component parameters: Designator = "D17" ("D17"); Footprint = "FP-1N4007-MFG"; UniqueID = "\QJQHICTU" ("\QJQHICTU")
Change component parameters (AddParameter): Name = "ComponentLink1Description"; Value = "Manufacturer URL"; VariantName = "[No Variations]"
Change component parameters (AddParameter): Name = "ComponentLink1URL"; Value = "http://www.diodes.com/"; VariantName = "[No Variations]"
Change component parameters (AddParameter): Name = "ComponentLink2Description"; Value = "Datasheet"; VariantName = "[No Variations]"
Change component parameters (AddParameter): Name = "ComponentLink2URL"; Value = "http://www.diodes.com/_files/datasheets/ds16008.pdf"; VariantName = "[No Variations]"
Change component parameters (AddParameter): Name = "DatasheetVersion"; Value = "Rev. 11-2, 12/2014"; VariantName = "[No Variations]"
Change component parameters (AddParameter): Name = "Height"; Value = "2.1 mm"; VariantName = "[No Variations]"
Change component parameters (AddParameter): Name = "Length"; Value = "4.6 mm"; VariantName = "[No Variations]"
Change component parameters (AddParameter): Name = "Manufacturer"; Value = "Diodes Inc"; VariantName = "[No Variations]"
Change component parameters (AddParameter): Name = "Max Operating Temperature"; Value = "150 degC"; VariantName = "[No Variations]"
Change component parameters (AddParameter): Name = "Min Operating Temperature"; Value = "-65 degC"; VariantName = "[No Variations]"
Change component parameters (AddParameter): Name = "Mount"; Value = "Surface Mount"; VariantName = "[No Variations]"
Change component parameters (AddParameter): Name = "Mounting Technology"; Value = "Surface Mount"; VariantName = "[No Variations]"
Change component parameters (AddParameter): Name = "Package Quantity"; Value = "1"; VariantName = "[No Variations]"
Change component parameters (AddParameter): Name = "PackageDescription"; Value = "2-Pin Surface Mount Device, Body 4.3 x 2.605 mm"; VariantName = "[No Variations]"
Change component parameters (AddParameter): Name = "PackageReference"; Value = "SMA-2"; VariantName = "[No Variations]"
Change component parameters (AddParameter): Name = "Packaging"; Value = "Cut Tape"; VariantName = "[No Variations]"
Change component parameters (AddParameter): Name = "Pins"; Value = "2"; VariantName = "[No Variations]"
Change component parameters (AddParameter): Name = "REACH SVHC"; Value = "Yes"; VariantName = "[No Variations]"
Change component parameters (AddParameter): Name = "RoHSCompliant"; Value = "true"; VariantName = "[No Variations]"
Change component parameters: Designator = "D18" ("D18"); Footprint = "FP-1N4007-MFG"; UniqueID = "\VRVSSMYN" ("\VRVSSMYN")
Change component parameters (AddParameter): Name = "ComponentLink1Description"; Value = "Manufacturer URL"; VariantName = "[No Variations]"
Change component parameters (AddParameter): Name = "ComponentLink1URL"; Value = "http://www.diodes.com/"; VariantName = "[No Variations]"
Change component parameters (AddParameter): Name = "ComponentLink2Description"; Value = "Datasheet"; VariantName = "[No Variations]"
Change component parameters (AddParameter): Name = "ComponentLink2URL"; Value = "http://www.diodes.com/_files/datasheets/ds16008.pdf"; VariantName = "[No Variations]"
Change component parameters (AddParameter): Name = "DatasheetVersion"; Value = "Rev. 11-2, 12/2014"; VariantName = "[No Variations]"
Change component parameters (AddParameter): Name = "Height"; Value = "2.1 mm"; VariantName = "[No Variations]"
Change component parameters (AddParameter): Name = "Length"; Value = "4.6 mm"; VariantName = "[No Variations]"
Change component parameters (AddParameter): Name = "Manufacturer"; Value = "Diodes Inc"; VariantName = "[No Variations]"
Change component parameters (AddParameter): Name = "Max Operating Temperature"; Value = "150 degC"; VariantName = "[No Variations]"
Change component parameters (AddParameter): Name = "Min Operating Temperature"; Value = "-65 degC"; VariantName = "[No Variations]"
Change component parameters (AddParameter): Name = "Mount"; Value = "Surface Mount"; VariantName = "[No Variations]"
Change component parameters (AddParameter): Name = "Mounting Technology"; Value = "Surface Mount"; VariantName = "[No Variations]"
Change component parameters (AddParameter): Name = "Package Quantity"; Value = "1"; VariantName = "[No Variations]"
Change component parameters (AddParameter): Name = "PackageDescription"; Value = "2-Pin Surface Mount Device, Body 4.3 x 2.605 mm"; VariantName = "[No Variations]"
Change component parameters (AddParameter): Name = "PackageReference"; Value = "SMA-2"; VariantName = "[No Variations]"
Change component parameters (AddParameter): Name = "Packaging"; Value = "Cut Tape"; VariantName = "[No Variations]"
Change component parameters (AddParameter): Name = "Pins"; Value = "2"; VariantName = "[No Variations]"
Change component parameters (AddParameter): Name = "REACH SVHC"; Value = "Yes"; VariantName = "[No Variations]"
Change component parameters (AddParameter): Name = "RoHSCompliant"; Value = "true"; VariantName = "[No Variations]"
Change component parameters: Designator = "D21" ("D21"); Footprint = "FP-1N4007-MFG"; UniqueID = "\CGYIDEST" ("\CGYIDEST")
Change component parameters (AddParameter): Name = "ComponentLink1Description"; Value = "Manufacturer URL"; VariantName = "[No Variations]"
Change component parameters (AddParameter): Name = "ComponentLink1URL"; Value = "http://www.diodes.com/"; VariantName = "[No Variations]"
Change component parameters (AddParameter): Name = "ComponentLink2Description"; Value = "Datasheet"; VariantName = "[No Variations]"
Change component parameters (AddParameter): Name = "ComponentLink2URL"; Value = "http://www.diodes.com/_files/datasheets/ds16008.pdf"; VariantName = "[No Variations]"
Change component parameters (AddParameter): Name = "DatasheetVersion"; Value = "Rev. 11-2, 12/2014"; VariantName = "[No Variations]"
Change component parameters (AddParameter): Name = "Height"; Value = "2.1 mm"; VariantName = "[No Variations]"
Change component parameters (AddParameter): Name = "Length"; Value = "4.6 mm"; VariantName = "[No Variations]"
Change component parameters (AddParameter): Name = "Manufacturer"; Value = "Diodes Inc"; VariantName = "[No Variations]"
Change component parameters (AddParameter): Name = "Max Operating Temperature"; Value = "150 degC"; VariantName = "[No Variations]"
Change component parameters (AddParameter): Name = "Min Operating Temperature"; Value = "-65 degC"; VariantName = "[No Variations]"
Change component parameters (AddParameter): Name = "Mount"; Value = "Surface Mount"; VariantName = "[No Variations]"
Change component parameters (AddParameter): Name = "Mounting Technology"; Value = "Surface Mount"; VariantName = "[No Variations]"
Change component parameters (AddParameter): Name = "Package Quantity"; Value = "1"; VariantName = "[No Variations]"
Change component parameters (AddParameter): Name = "PackageDescription"; Value = "2-Pin Surface Mount Device, Body 4.3 x 2.605 mm"; VariantName = "[No Variations]"
Change component parameters (AddParameter): Name = "PackageReference"; Value = "SMA-2"; VariantName = "[No Variations]"
Change component parameters (AddParameter): Name = "Packaging"; Value = "Cut Tape"; VariantName = "[No Variations]"
Change component parameters (AddParameter): Name = "Pins"; Value = "2"; VariantName = "[No Variations]"
Change component parameters (AddParameter): Name = "REACH SVHC"; Value = "Yes"; VariantName = "[No Variations]"
Change component parameters (AddParameter): Name = "RoHSCompliant"; Value = "true"; VariantName = "[No Variations]"
Change component parameters: Designator = "D22" ("D22"); Footprint = "FP-1N4007-MFG"; UniqueID = "\XHUSQHNG" ("\XHUSQHNG")
Change component parameters (AddParameter): Name = "ComponentLink1Description"; Value = "Manufacturer URL"; VariantName = "[No Variations]"
Change component parameters (AddParameter): Name = "ComponentLink1URL"; Value = "http://www.diodes.com/"; VariantName = "[No Variations]"
Change component parameters (AddParameter): Name = "ComponentLink2Description"; Value = "Datasheet"; VariantName = "[No Variations]"
Change component parameters (AddParameter): Name = "ComponentLink2URL"; Value = "http://www.diodes.com/_files/datasheets/ds16008.pdf"; VariantName = "[No Variations]"
Change component parameters (AddParameter): Name = "DatasheetVersion"; Value = "Rev. 11-2, 12/2014"; VariantName = "[No Variations]"
Change component parameters (AddParameter): Name = "Height"; Value = "2.1 mm"; VariantName = "[No Variations]"
Change component parameters (AddParameter): Name = "Length"; Value = "4.6 mm"; VariantName = "[No Variations]"
Change component parameters (AddParameter): Name = "Manufacturer"; Value = "Diodes Inc"; VariantName = "[No Variations]"
Change component parameters (AddParameter): Name = "Max Operating Temperature"; Value = "150 degC"; VariantName = "[No Variations]"
Change component parameters (AddParameter): Name = "Min Operating Temperature"; Value = "-65 degC"; VariantName = "[No Variations]"
Change component parameters (AddParameter): Name = "Mount"; Value = "Surface Mount"; VariantName = "[No Variations]"
Change component parameters (AddParameter): Name = "Mounting Technology"; Value = "Surface Mount"; VariantName = "[No Variations]"
Change component parameters (AddParameter): Name = "Package Quantity"; Value = "1"; VariantName = "[No Variations]"
Change component parameters (AddParameter): Name = "PackageDescription"; Value = "2-Pin Surface Mount Device, Body 4.3 x 2.605 mm"; VariantName = "[No Variations]"
Change component parameters (AddParameter): Name = "PackageReference"; Value = "SMA-2"; VariantName = "[No Variations]"
Change component parameters (AddParameter): Name = "Packaging"; Value = "Cut Tape"; VariantName = "[No Variations]"
Change component parameters (AddParameter): Name = "Pins"; Value = "2"; VariantName = "[No Variations]"
Change component parameters (AddParameter): Name = "REACH SVHC"; Value = "Yes"; VariantName = "[No Variations]"
Change component parameters (AddParameter): Name = "RoHSCompliant"; Value = "true"; VariantName = "[No Variations]"
Change component parameters: Designator = "D33" ("D33"); Footprint = "FP-1N4007-MFG"; UniqueID = "\NXEQHLMU" ("\NXEQHLMU")
Change component parameters (AddParameter): Name = "ComponentLink1Description"; Value = "Manufacturer URL"; VariantName = "[No Variations]"
Change component parameters (AddParameter): Name = "ComponentLink1URL"; Value = "http://www.diodes.com/"; VariantName = "[No Variations]"
Change component parameters (AddParameter): Name = "ComponentLink2Description"; Value = "Datasheet"; VariantName = "[No Variations]"
Change component parameters (AddParameter): Name = "ComponentLink2URL"; Value = "http://www.diodes.com/_files/datasheets/ds16008.pdf"; VariantName = "[No Variations]"
Change component parameters (AddParameter): Name = "DatasheetVersion"; Value = "Rev. 11-2, 12/2014"; VariantName = "[No Variations]"
Change component parameters (AddParameter): Name = "Height"; Value = "2.1 mm"; VariantName = "[No Variations]"
Change component parameters (AddParameter): Name = "Length"; Value = "4.6 mm"; VariantName = "[No Variations]"
Change component parameters (AddParameter): Name = "Manufacturer"; Value = "Diodes Inc"; VariantName = "[No Variations]"
Change component parameters (AddParameter): Name = "Max Operating Temperature"; Value = "150 degC"; VariantName = "[No Variations]"
Change component parameters (AddParameter): Name = "Min Operating Temperature"; Value = "-65 degC"; VariantName = "[No Variations]"
Change component parameters (AddParameter): Name = "Mount"; Value = "Surface Mount"; VariantName = "[No Variations]"
Change component parameters (AddParameter): Name = "Mounting Technology"; Value = "Surface Mount"; VariantName = "[No Variations]"
Change component parameters (AddParameter): Name = "Package Quantity"; Value = "1"; VariantName = "[No Variations]"
Change component parameters (AddParameter): Name = "PackageDescription"; Value = "2-Pin Surface Mount Device, Body 4.3 x 2.605 mm"; VariantName = "[No Variations]"
Change component parameters (AddParameter): Name = "PackageReference"; Value = "SMA-2"; VariantName = "[No Variations]"
Change component parameters (AddParameter): Name = "Packaging"; Value = "Cut Tape"; VariantName = "[No Variations]"
Change component parameters (AddParameter): Name = "Pins"; Value = "2"; VariantName = "[No Variations]"
Change component parameters (AddParameter): Name = "REACH SVHC"; Value = "Yes"; VariantName = "[No Variations]"
Change component parameters (AddParameter): Name = "RoHSCompliant"; Value = "true"; VariantName = "[No Variations]"
Change component parameters: Designator = "D34" ("D34"); Footprint = "FP-1N4007-MFG"; UniqueID = "\AGLPKUVI" ("\AGLPKUVI")
Change component parameters (AddParameter): Name = "ComponentLink1Description"; Value = "Manufacturer URL"; VariantName = "[No Variations]"
Change component parameters (AddParameter): Name = "ComponentLink1URL"; Value = "http://www.diodes.com/"; VariantName = "[No Variations]"
Change component parameters (AddParameter): Name = "ComponentLink2Description"; Value = "Datasheet"; VariantName = "[No Variations]"
Change component parameters (AddParameter): Name = "ComponentLink2URL"; Value = "http://www.diodes.com/_files/datasheets/ds16008.pdf"; VariantName = "[No Variations]"
Change component parameters (AddParameter): Name = "DatasheetVersion"; Value = "Rev. 11-2, 12/2014"; VariantName = "[No Variations]"
Change component parameters (AddParameter): Name = "Height"; Value = "2.1 mm"; VariantName = "[No Variations]"
Change component parameters (AddParameter): Name = "Length"; Value = "4.6 mm"; VariantName = "[No Variations]"
Change component parameters (AddParameter): Name = "Manufacturer"; Value = "Diodes Inc"; VariantName = "[No Variations]"
Change component parameters (AddParameter): Name = "Max Operating Temperature"; Value = "150 degC"; VariantName = "[No Variations]"
Change component parameters (AddParameter): Name = "Min Operating Temperature"; Value = "-65 degC"; VariantName = "[No Variations]"
Change component parameters (AddParameter): Name = "Mount"; Value = "Surface Mount"; VariantName = "[No Variations]"
Change component parameters (AddParameter): Name = "Mounting Technology"; Value = "Surface Mount"; VariantName = "[No Variations]"
Change component parameters (AddParameter): Name = "Package Quantity"; Value = "1"; VariantName = "[No Variations]"
Change component parameters (AddParameter): Name = "PackageDescription"; Value = "2-Pin Surface Mount Device, Body 4.3 x 2.605 mm"; VariantName = "[No Variations]"
Change component parameters (AddParameter): Name = "PackageReference"; Value = "SMA-2"; VariantName = "[No Variations]"
Change component parameters (AddParameter): Name = "Packaging"; Value = "Cut Tape"; VariantName = "[No Variations]"
Change component parameters (AddParameter): Name = "Pins"; Value = "2"; VariantName = "[No Variations]"
Change component parameters (AddParameter): Name = "REACH SVHC"; Value = "Yes"; VariantName = "[No Variations]"
Change component parameters (AddParameter): Name = "RoHSCompliant"; Value = "true"; VariantName = "[No Variations]"
Change component parameters: Designator = "D37" ("D37"); Footprint = "FP-1N4007-MFG"; UniqueID = "\JQCQWITR" ("\JQCQWITR")
Change component parameters (AddParameter): Name = "ComponentLink1Description"; Value = "Manufacturer URL"; VariantName = "[No Variations]"
Change component parameters (AddParameter): Name = "ComponentLink1URL"; Value = "http://www.diodes.com/"; VariantName = "[No Variations]"
Change component parameters (AddParameter): Name = "ComponentLink2Description"; Value = "Datasheet"; VariantName = "[No Variations]"
Change component parameters (AddParameter): Name = "ComponentLink2URL"; Value = "http://www.diodes.com/_files/datasheets/ds16008.pdf"; VariantName = "[No Variations]"
Change component parameters (AddParameter): Name = "DatasheetVersion"; Value = "Rev. 11-2, 12/2014"; VariantName = "[No Variations]"
Change component parameters (AddParameter): Name = "Height"; Value = "2.1 mm"; VariantName = "[No Variations]"
Change component parameters (AddParameter): Name = "Length"; Value = "4.6 mm"; VariantName = "[No Variations]"
Change component parameters (AddParameter): Name = "Manufacturer"; Value = "Diodes Inc"; VariantName = "[No Variations]"
Change component parameters (AddParameter): Name = "Max Operating Temperature"; Value = "150 degC"; VariantName = "[No Variations]"
Change component parameters (AddParameter): Name = "Min Operating Temperature"; Value = "-65 degC"; VariantName = "[No Variations]"
Change component parameters (AddParameter): Name = "Mount"; Value = "Surface Mount"; VariantName = "[No Variations]"
Change component parameters (AddParameter): Name = "Mounting Technology"; Value = "Surface Mount"; VariantName = "[No Variations]"
Change component parameters (AddParameter): Name = "Package Quantity"; Value = "1"; VariantName = "[No Variations]"
Change component parameters (AddParameter): Name = "PackageDescription"; Value = "2-Pin Surface Mount Device, Body 4.3 x 2.605 mm"; VariantName = "[No Variations]"
Change component parameters (AddParameter): Name = "PackageReference"; Value = "SMA-2"; VariantName = "[No Variations]"
Change component parameters (AddParameter): Name = "Packaging"; Value = "Cut Tape"; VariantName = "[No Variations]"
Change component parameters (AddParameter): Name = "Pins"; Value = "2"; VariantName = "[No Variations]"
Change component parameters (AddParameter): Name = "REACH SVHC"; Value = "Yes"; VariantName = "[No Variations]"
Change component parameters (AddParameter): Name = "RoHSCompliant"; Value = "true"; VariantName = "[No Variations]"
Change component parameters: Designator = "D38" ("D38"); Footprint = "FP-1N4007-MFG"; UniqueID = "\HWSSYYHD" ("\HWSSYYHD")
Change component parameters (AddParameter): Name = "ComponentLink1Description"; Value = "Manufacturer URL"; VariantName = "[No Variations]"
Change component parameters (AddParameter): Name = "ComponentLink1URL"; Value = "http://www.diodes.com/"; VariantName = "[No Variations]"
Change component parameters (AddParameter): Name = "ComponentLink2Description"; Value = "Datasheet"; VariantName = "[No Variations]"
Change component parameters (AddParameter): Name = "ComponentLink2URL"; Value = "http://www.diodes.com/_files/datasheets/ds16008.pdf"; VariantName = "[No Variations]"
Change component parameters (AddParameter): Name = "DatasheetVersion"; Value = "Rev. 11-2, 12/2014"; VariantName = "[No Variations]"
Change component parameters (AddParameter): Name = "Height"; Value = "2.1 mm"; VariantName = "[No Variations]"
Change component parameters (AddParameter): Name = "Length"; Value = "4.6 mm"; VariantName = "[No Variations]"
Change component parameters (AddParameter): Name = "Manufacturer"; Value = "Diodes Inc"; VariantName = "[No Variations]"
Change component parameters (AddParameter): Name = "Max Operating Temperature"; Value = "150 degC"; VariantName = "[No Variations]"
Change component parameters (AddParameter): Name = "Min Operating Temperature"; Value = "-65 degC"; VariantName = "[No Variations]"
Change component parameters (AddParameter): Name = "Mount"; Value = "Surface Mount"; VariantName = "[No Variations]"
Change component parameters (AddParameter): Name = "Mounting Technology"; Value = "Surface Mount"; VariantName = "[No Variations]"
Change component parameters (AddParameter): Name = "Package Quantity"; Value = "1"; VariantName = "[No Variations]"
Change component parameters (AddParameter): Name = "PackageDescription"; Value = "2-Pin Surface Mount Device, Body 4.3 x 2.605 mm"; VariantName = "[No Variations]"
Change component parameters (AddParameter): Name = "PackageReference"; Value = "SMA-2"; VariantName = "[No Variations]"
Change component parameters (AddParameter): Name = "Packaging"; Value = "Cut Tape"; VariantName = "[No Variations]"
Change component parameters (AddParameter): Name = "Pins"; Value = "2"; VariantName = "[No Variations]"
Change component parameters (AddParameter): Name = "REACH SVHC"; Value = "Yes"; VariantName = "[No Variations]"
Change component parameters (AddParameter): Name = "RoHSCompliant"; Value = "true"; VariantName = "[No Variations]"
Change component parameters: Designator = "D49" ("D49"); Footprint = "FP-1N4007-MFG"; UniqueID = "\HBSOEEQA" ("\HBSOEEQA")
Change component parameters (AddParameter): Name = "ComponentLink1Description"; Value = "Manufacturer URL"; VariantName = "[No Variations]"
Change component parameters (AddParameter): Name = "ComponentLink1URL"; Value = "http://www.diodes.com/"; VariantName = "[No Variations]"
Change component parameters (AddParameter): Name = "ComponentLink2Description"; Value = "Datasheet"; VariantName = "[No Variations]"
Change component parameters (AddParameter): Name = "ComponentLink2URL"; Value = "http://www.diodes.com/_files/datasheets/ds16008.pdf"; VariantName = "[No Variations]"
Change component parameters (AddParameter): Name = "DatasheetVersion"; Value = "Rev. 11-2, 12/2014"; VariantName = "[No Variations]"
Change component parameters (AddParameter): Name = "Height"; Value = "2.1 mm"; VariantName = "[No Variations]"
Change component parameters (AddParameter): Name = "Length"; Value = "4.6 mm"; VariantName = "[No Variations]"
Change component parameters (AddParameter): Name = "Manufacturer"; Value = "Diodes Inc"; VariantName = "[No Variations]"
Change component parameters (AddParameter): Name = "Max Operating Temperature"; Value = "150 degC"; VariantName = "[No Variations]"
Change component parameters (AddParameter): Name = "Min Operating Temperature"; Value = "-65 degC"; VariantName = "[No Variations]"
Change component parameters (AddParameter): Name = "Mount"; Value = "Surface Mount"; VariantName = "[No Variations]"
Change component parameters (AddParameter): Name = "Mounting Technology"; Value = "Surface Mount"; VariantName = "[No Variations]"
Change component parameters (AddParameter): Name = "Package Quantity"; Value = "1"; VariantName = "[No Variations]"
Change component parameters (AddParameter): Name = "PackageDescription"; Value = "2-Pin Surface Mount Device, Body 4.3 x 2.605 mm"; VariantName = "[No Variations]"
Change component parameters (AddParameter): Name = "PackageReference"; Value = "SMA-2"; VariantName = "[No Variations]"
Change component parameters (AddParameter): Name = "Packaging"; Value = "Cut Tape"; VariantName = "[No Variations]"
Change component parameters (AddParameter): Name = "Pins"; Value = "2"; VariantName = "[No Variations]"
Change component parameters (AddParameter): Name = "REACH SVHC"; Value = "Yes"; VariantName = "[No Variations]"
Change component parameters (AddParameter): Name = "RoHSCompliant"; Value = "true"; VariantName = "[No Variations]"
Change component parameters: Designator = "D50" ("D50"); Footprint = "FP-1N4007-MFG"; UniqueID = "\FHNSEMOE" ("\FHNSEMOE")
Change component parameters (AddParameter): Name = "ComponentLink1Description"; Value = "Manufacturer URL"; VariantName = "[No Variations]"
Change component parameters (AddParameter): Name = "ComponentLink1URL"; Value = "http://www.diodes.com/"; VariantName = "[No Variations]"
Change component parameters (AddParameter): Name = "ComponentLink2Description"; Value = "Datasheet"; VariantName = "[No Variations]"
Change component parameters (AddParameter): Name = "ComponentLink2URL"; Value = "http://www.diodes.com/_files/datasheets/ds16008.pdf"; VariantName = "[No Variations]"
Change component parameters (AddParameter): Name = "DatasheetVersion"; Value = "Rev. 11-2, 12/2014"; VariantName = "[No Variations]"
Change component parameters (AddParameter): Name = "Height"; Value = "2.1 mm"; VariantName = "[No Variations]"
Change component parameters (AddParameter): Name = "Length"; Value = "4.6 mm"; VariantName = "[No Variations]"
Change component parameters (AddParameter): Name = "Manufacturer"; Value = "Diodes Inc"; VariantName = "[No Variations]"
Change component parameters (AddParameter): Name = "Max Operating Temperature"; Value = "150 degC"; VariantName = "[No Variations]"
Change component parameters (AddParameter): Name = "Min Operating Temperature"; Value = "-65 degC"; VariantName = "[No Variations]"
Change component parameters (AddParameter): Name = "Mount"; Value = "Surface Mount"; VariantName = "[No Variations]"
Change component parameters (AddParameter): Name = "Mounting Technology"; Value = "Surface Mount"; VariantName = "[No Variations]"
Change component parameters (AddParameter): Name = "Package Quantity"; Value = "1"; VariantName = "[No Variations]"
Change component parameters (AddParameter): Name = "PackageDescription"; Value = "2-Pin Surface Mount Device, Body 4.3 x 2.605 mm"; VariantName = "[No Variations]"
Change component parameters (AddParameter): Name = "PackageReference"; Value = "SMA-2"; VariantName = "[No Variations]"
Change component parameters (AddParameter): Name = "Packaging"; Value = "Cut Tape"; VariantName = "[No Variations]"
Change component parameters (AddParameter): Name = "Pins"; Value = "2"; VariantName = "[No Variations]"
Change component parameters (AddParameter): Name = "REACH SVHC"; Value = "Yes"; VariantName = "[No Variations]"
Change component parameters (AddParameter): Name = "RoHSCompliant"; Value = "true"; VariantName = "[No Variations]"
Change component parameters: Designator = "D53" ("D53"); Footprint = "FP-1N4007-MFG"; UniqueID = "\KZENVPEN" ("\KZENVPEN")
Change component parameters (AddParameter): Name = "ComponentLink1Description"; Value = "Manufacturer URL"; VariantName = "[No Variations]"
Change component parameters (AddParameter): Name = "ComponentLink1URL"; Value = "http://www.diodes.com/"; VariantName = "[No Variations]"
Change component parameters (AddParameter): Name = "ComponentLink2Description"; Value = "Datasheet"; VariantName = "[No Variations]"
Change component parameters (AddParameter): Name = "ComponentLink2URL"; Value = "http://www.diodes.com/_files/datasheets/ds16008.pdf"; VariantName = "[No Variations]"
Change component parameters (AddParameter): Name = "DatasheetVersion"; Value = "Rev. 11-2, 12/2014"; VariantName = "[No Variations]"
Change component parameters (AddParameter): Name = "Height"; Value = "2.1 mm"; VariantName = "[No Variations]"
Change component parameters (AddParameter): Name = "Length"; Value = "4.6 mm"; VariantName = "[No Variations]"
Change component parameters (AddParameter): Name = "Manufacturer"; Value = "Diodes Inc"; VariantName = "[No Variations]"
Change component parameters (AddParameter): Name = "Max Operating Temperature"; Value = "150 degC"; VariantName = "[No Variations]"
Change component parameters (AddParameter): Name = "Min Operating Temperature"; Value = "-65 degC"; VariantName = "[No Variations]"
Change component parameters (AddParameter): Name = "Mount"; Value = "Surface Mount"; VariantName = "[No Variations]"
Change component parameters (AddParameter): Name = "Mounting Technology"; Value = "Surface Mount"; VariantName = "[No Variations]"
Change component parameters (AddParameter): Name = "Package Quantity"; Value = "1"; VariantName = "[No Variations]"
Change component parameters (AddParameter): Name = "PackageDescription"; Value = "2-Pin Surface Mount Device, Body 4.3 x 2.605 mm"; VariantName = "[No Variations]"
Change component parameters (AddParameter): Name = "PackageReference"; Value = "SMA-2"; VariantName = "[No Variations]"
Change component parameters (AddParameter): Name = "Packaging"; Value = "Cut Tape"; VariantName = "[No Variations]"
Change component parameters (AddParameter): Name = "Pins"; Value = "2"; VariantName = "[No Variations]"
Change component parameters (AddParameter): Name = "REACH SVHC"; Value = "Yes"; VariantName = "[No Variations]"
Change component parameters (AddParameter): Name = "RoHSCompliant"; Value = "true"; VariantName = "[No Variations]"
Change component parameters: Designator = "D54" ("D54"); Footprint = "FP-1N4007-MFG"; UniqueID = "\VCRSIYJE" ("\VCRSIYJE")
Change component parameters (AddParameter): Name = "ComponentLink1Description"; Value = "Manufacturer URL"; VariantName = "[No Variations]"
Change component parameters (AddParameter): Name = "ComponentLink1URL"; Value = "http://www.diodes.com/"; VariantName = "[No Variations]"
Change component parameters (AddParameter): Name = "ComponentLink2Description"; Value = "Datasheet"; VariantName = "[No Variations]"
Change component parameters (AddParameter): Name = "ComponentLink2URL"; Value = "http://www.diodes.com/_files/datasheets/ds16008.pdf"; VariantName = "[No Variations]"
Change component parameters (AddParameter): Name = "DatasheetVersion"; Value = "Rev. 11-2, 12/2014"; VariantName = "[No Variations]"
Change component parameters (AddParameter): Name = "Height"; Value = "2.1 mm"; VariantName = "[No Variations]"
Change component parameters (AddParameter): Name = "Length"; Value = "4.6 mm"; VariantName = "[No Variations]"
Change component parameters (AddParameter): Name = "Manufacturer"; Value = "Diodes Inc"; VariantName = "[No Variations]"
Change component parameters (AddParameter): Name = "Max Operating Temperature"; Value = "150 degC"; VariantName = "[No Variations]"
Change component parameters (AddParameter): Name = "Min Operating Temperature"; Value = "-65 degC"; VariantName = "[No Variations]"
Change component parameters (AddParameter): Name = "Mount"; Value = "Surface Mount"; VariantName = "[No Variations]"
Change component parameters (AddParameter): Name = "Mounting Technology"; Value = "Surface Mount"; VariantName = "[No Variations]"
Change component parameters (AddParameter): Name = "Package Quantity"; Value = "1"; VariantName = "[No Variations]"
Change component parameters (AddParameter): Name = "PackageDescription"; Value = "2-Pin Surface Mount Device, Body 4.3 x 2.605 mm"; VariantName = "[No Variations]"
Change component parameters (AddParameter): Name = "PackageReference"; Value = "SMA-2"; VariantName = "[No Variations]"
Change component parameters (AddParameter): Name = "Packaging"; Value = "Cut Tape"; VariantName = "[No Variations]"
Change component parameters (AddParameter): Name = "Pins"; Value = "2"; VariantName = "[No Variations]"
Change component parameters (AddParameter): Name = "REACH SVHC"; Value = "Yes"; VariantName = "[No Variations]"
Change component parameters (AddParameter): Name = "RoHSCompliant"; Value = "true"; VariantName = "[No Variations]"
Added Pin To Net: NetName=MOTOR1_CHA-RAW Pin=D1-1
Added Pin To Net: NetName=+24V_MOTOR Pin=D1-2
Added Pin To Net: NetName=MOTOR1_CHB Pin=D2-1
Added Pin To Net: NetName=+24V_MOTOR Pin=D2-2
Added Pin To Net: NetName=GND Pin=D5-1
Added Pin To Net: NetName=MOTOR1_CHA-RAW Pin=D5-2
Added Pin To Net: NetName=MOTOR1_CHB Pin=D6-2
Added Pin To Net: NetName=MOTOR2_CHA-RAW Pin=D17-1
Added Pin To Net: NetName=+24V_MOTOR Pin=D17-2
Added Pin To Net: NetName=MOTOR2_CHB Pin=D18-1
Added Pin To Net: NetName=+24V_MOTOR Pin=D18-2
Added Pin To Net: NetName=GND Pin=D21-1
Added Pin To Net: NetName=MOTOR2_CHA-RAW Pin=D21-2
Added Pin To Net: NetName=MOTOR2_CHB Pin=D22-2
Added Pin To Net: NetName=MOTOR3_CHA-RAW Pin=D33-1
Added Pin To Net: NetName=+24V_MOTOR Pin=D33-2
Added Pin To Net: NetName=MOTOR3_CHB Pin=D34-1
Added Pin To Net: NetName=+24V_MOTOR Pin=D34-2
Added Pin To Net: NetName=GND Pin=D37-1
Added Pin To Net: NetName=MOTOR3_CHA-RAW Pin=D37-2
Added Pin To Net: NetName=MOTOR3_CHB Pin=D38-2
Added Pin To Net: NetName=MOTOR4_CHA-RAW Pin=D49-1
Added Pin To Net: NetName=+24V_MOTOR Pin=D49-2
Added Pin To Net: NetName=MOTOR4_CHB Pin=D50-1
Added Pin To Net: NetName=+24V_MOTOR Pin=D50-2
Added Pin To Net: NetName=GND Pin=D53-1
Added Pin To Net: NetName=MOTOR4_CHA-RAW Pin=D53-2
Added Pin To Net: NetName=GND Pin=D54-1
Added Pin To Net: NetName=MOTOR4_CHB Pin=D54-2
