Removed Pin From Net: NetName=GND Pin=L298P_M1_1-1
Removed Pin From Net: NetName=M1-1-SENSE-A Pin=L298P_M1_1-2
Removed Pin From Net: NetName=MOTOR1_CHA-RAW Pin=L298P_M1_1-4
Removed Pin From Net: NetName=MOTOR1_CHB Pin=L298P_M1_1-5
Removed Pin From Net: NetName=+24V_MOTOR Pin=L298P_M1_1-6
Removed Pin From Net: NetName=L298P-M1-1-IN1 Pin=L298P_M1_1-7
Removed Pin From Net: NetName=MOTOR1_PWM Pin=L298P_M1_1-8
Removed Pin From Net: NetName=L298P-M1-1-IN2 Pin=L298P_M1_1-9
Removed Pin From Net: NetName=GND Pin=L298P_M1_1-10
Removed Pin From Net: NetName=GND Pin=L298P_M1_1-11
Removed Pin From Net: NetName=+5V Pin=L298P_M1_1-12
Removed Pin From Net: NetName=L298P-M1-1-IN2 Pin=L298P_M1_1-13
Removed Pin From Net: NetName=MOTOR1_PWM Pin=L298P_M1_1-14
Removed Pin From Net: NetName=L298P-M1-1-IN1 Pin=L298P_M1_1-15
Removed Pin From Net: NetName=MOTOR1_CHB Pin=L298P_M1_1-16
Removed Pin From Net: NetName=MOTOR1_CHA-RAW Pin=L298P_M1_1-17
Removed Pin From Net: NetName=M1-1-SENSE-B Pin=L298P_M1_1-19
Removed Pin From Net: NetName=GND Pin=L298P_M1_1-20
Removed Pin From Net: NetName=GND Pin=L298P_M1_1-21
Removed Pin From Net: NetName=GND Pin=L298P_M1_2-1
Removed Pin From Net: NetName=M1-2-SENSE-A Pin=L298P_M1_2-2
Removed Pin From Net: NetName=MOTOR1_CHA-RAW Pin=L298P_M1_2-4
Removed Pin From Net: NetName=MOTOR1_CHB Pin=L298P_M1_2-5
Removed Pin From Net: NetName=+24V_MOTOR Pin=L298P_M1_2-6
Removed Pin From Net: NetName=L298P-M1-2-IN1 Pin=L298P_M1_2-7
Removed Pin From Net: NetName=MOTOR1_PWM Pin=L298P_M1_2-8
Removed Pin From Net: NetName=L298P-M1-2-IN2 Pin=L298P_M1_2-9
Removed Pin From Net: NetName=GND Pin=L298P_M1_2-10
Removed Pin From Net: NetName=GND Pin=L298P_M1_2-11
Removed Pin From Net: NetName=+5V Pin=L298P_M1_2-12
Removed Pin From Net: NetName=L298P-M1-2-IN2 Pin=L298P_M1_2-13
Removed Pin From Net: NetName=MOTOR1_PWM Pin=L298P_M1_2-14
Removed Pin From Net: NetName=L298P-M1-2-IN1 Pin=L298P_M1_2-15
Removed Pin From Net: NetName=MOTOR1_CHB Pin=L298P_M1_2-16
Removed Pin From Net: NetName=MOTOR1_CHA-RAW Pin=L298P_M1_2-17
Removed Pin From Net: NetName=M1-2-SENSE-B Pin=L298P_M1_2-19
Removed Pin From Net: NetName=GND Pin=L298P_M1_2-20
Removed Pin From Net: NetName=GND Pin=L298P_M1_2-21
Removed Pin From Net: NetName=GND Pin=L298P_M2_1-1
Removed Pin From Net: NetName=M2-1-SENSE-A Pin=L298P_M2_1-2
Removed Pin From Net: NetName=MOTOR2_CHA-RAW Pin=L298P_M2_1-4
Removed Pin From Net: NetName=MOTOR2_CHB Pin=L298P_M2_1-5
Removed Pin From Net: NetName=+24V_MOTOR Pin=L298P_M2_1-6
Removed Pin From Net: NetName=L298P-M2-1-IN1 Pin=L298P_M2_1-7
Removed Pin From Net: NetName=MOTOR2_PWM Pin=L298P_M2_1-8
Removed Pin From Net: NetName=L298P-M2-1-IN2 Pin=L298P_M2_1-9
Removed Pin From Net: NetName=GND Pin=L298P_M2_1-10
Removed Pin From Net: NetName=GND Pin=L298P_M2_1-11
Removed Pin From Net: NetName=+5V Pin=L298P_M2_1-12
Removed Pin From Net: NetName=L298P-M2-1-IN2 Pin=L298P_M2_1-13
Removed Pin From Net: NetName=MOTOR2_PWM Pin=L298P_M2_1-14
Removed Pin From Net: NetName=L298P-M2-1-IN1 Pin=L298P_M2_1-15
Removed Pin From Net: NetName=MOTOR2_CHB Pin=L298P_M2_1-16
Removed Pin From Net: NetName=MOTOR2_CHA-RAW Pin=L298P_M2_1-17
Removed Pin From Net: NetName=M2-1-SENSE-B Pin=L298P_M2_1-19
Removed Pin From Net: NetName=GND Pin=L298P_M2_1-20
Removed Pin From Net: NetName=GND Pin=L298P_M2_1-21
Removed Pin From Net: NetName=GND Pin=L298P_M2_2-1
Removed Pin From Net: NetName=M2-2-SENSE-A Pin=L298P_M2_2-2
Removed Pin From Net: NetName=MOTOR2_CHA-RAW Pin=L298P_M2_2-4
Removed Pin From Net: NetName=MOTOR2_CHB Pin=L298P_M2_2-5
Removed Pin From Net: NetName=+24V_MOTOR Pin=L298P_M2_2-6
Removed Pin From Net: NetName=L298P-M2-2-IN1 Pin=L298P_M2_2-7
Removed Pin From Net: NetName=MOTOR2_PWM Pin=L298P_M2_2-8
Removed Pin From Net: NetName=L298P-M2-2-IN2 Pin=L298P_M2_2-9
Removed Pin From Net: NetName=GND Pin=L298P_M2_2-10
Removed Pin From Net: NetName=GND Pin=L298P_M2_2-11
Removed Pin From Net: NetName=+5V Pin=L298P_M2_2-12
Removed Pin From Net: NetName=L298P-M2-2-IN2 Pin=L298P_M2_2-13
Removed Pin From Net: NetName=MOTOR2_PWM Pin=L298P_M2_2-14
Removed Pin From Net: NetName=L298P-M2-2-IN1 Pin=L298P_M2_2-15
Removed Pin From Net: NetName=MOTOR2_CHB Pin=L298P_M2_2-16
Removed Pin From Net: NetName=MOTOR2_CHA-RAW Pin=L298P_M2_2-17
Removed Pin From Net: NetName=M2-2-SENSE-B Pin=L298P_M2_2-19
Removed Pin From Net: NetName=GND Pin=L298P_M2_2-20
Removed Pin From Net: NetName=GND Pin=L298P_M2_2-21
Removed Pin From Net: NetName=GND Pin=L298P_M3_1-1
Removed Pin From Net: NetName=M3-1-SENSE-A Pin=L298P_M3_1-2
Removed Pin From Net: NetName=MOTOR3_CHA-RAW Pin=L298P_M3_1-4
Removed Pin From Net: NetName=MOTOR3_CHB Pin=L298P_M3_1-5
Removed Pin From Net: NetName=+24V_MOTOR Pin=L298P_M3_1-6
Removed Pin From Net: NetName=L298P-M3-1-IN1 Pin=L298P_M3_1-7
Removed Pin From Net: NetName=MOTOR3_PWM Pin=L298P_M3_1-8
Removed Pin From Net: NetName=L298P-M3-1-IN2 Pin=L298P_M3_1-9
Removed Pin From Net: NetName=GND Pin=L298P_M3_1-10
Removed Pin From Net: NetName=GND Pin=L298P_M3_1-11
Removed Pin From Net: NetName=+5V Pin=L298P_M3_1-12
Removed Pin From Net: NetName=L298P-M3-1-IN2 Pin=L298P_M3_1-13
Removed Pin From Net: NetName=MOTOR3_PWM Pin=L298P_M3_1-14
Removed Pin From Net: NetName=L298P-M3-1-IN1 Pin=L298P_M3_1-15
Removed Pin From Net: NetName=MOTOR3_CHB Pin=L298P_M3_1-16
Removed Pin From Net: NetName=MOTOR3_CHA-RAW Pin=L298P_M3_1-17
Removed Pin From Net: NetName=M3-1-SENSE-B Pin=L298P_M3_1-19
Removed Pin From Net: NetName=GND Pin=L298P_M3_1-20
Removed Pin From Net: NetName=GND Pin=L298P_M3_1-21
Removed Pin From Net: NetName=GND Pin=L298P_M3_2-1
Removed Pin From Net: NetName=M3-2-SENSE-A Pin=L298P_M3_2-2
Removed Pin From Net: NetName=MOTOR3_CHA-RAW Pin=L298P_M3_2-4
Removed Pin From Net: NetName=MOTOR3_CHB Pin=L298P_M3_2-5
Removed Pin From Net: NetName=+24V_MOTOR Pin=L298P_M3_2-6
Removed Pin From Net: NetName=L298P-M3-2-IN1 Pin=L298P_M3_2-7
Removed Pin From Net: NetName=MOTOR3_PWM Pin=L298P_M3_2-8
Removed Pin From Net: NetName=L298P-M3-2-IN2 Pin=L298P_M3_2-9
Removed Pin From Net: NetName=GND Pin=L298P_M3_2-10
Removed Pin From Net: NetName=GND Pin=L298P_M3_2-11
Removed Pin From Net: NetName=+5V Pin=L298P_M3_2-12
Removed Pin From Net: NetName=L298P-M3-2-IN2 Pin=L298P_M3_2-13
Removed Pin From Net: NetName=MOTOR3_PWM Pin=L298P_M3_2-14
Removed Pin From Net: NetName=L298P-M3-2-IN1 Pin=L298P_M3_2-15
Removed Pin From Net: NetName=MOTOR3_CHB Pin=L298P_M3_2-16
Removed Pin From Net: NetName=MOTOR3_CHA-RAW Pin=L298P_M3_2-17
Removed Pin From Net: NetName=M3-2-SENSE-B Pin=L298P_M3_2-19
Removed Pin From Net: NetName=GND Pin=L298P_M3_2-20
Removed Pin From Net: NetName=GND Pin=L298P_M3_2-21
Removed Pin From Net: NetName=GND Pin=L298P_M4_1-1
Removed Pin From Net: NetName=M4-1-SENSE-A Pin=L298P_M4_1-2
Removed Pin From Net: NetName=MOTOR4_CHA-RAW Pin=L298P_M4_1-4
Removed Pin From Net: NetName=MOTOR4_CHB Pin=L298P_M4_1-5
Removed Pin From Net: NetName=+24V_MOTOR Pin=L298P_M4_1-6
Removed Pin From Net: NetName=L298P-M4-1-IN1 Pin=L298P_M4_1-7
Removed Pin From Net: NetName=MOTOR4_PWM Pin=L298P_M4_1-8
Removed Pin From Net: NetName=L298P-M4-1-IN2 Pin=L298P_M4_1-9
Removed Pin From Net: NetName=GND Pin=L298P_M4_1-10
Removed Pin From Net: NetName=GND Pin=L298P_M4_1-11
Removed Pin From Net: NetName=+5V Pin=L298P_M4_1-12
Removed Pin From Net: NetName=L298P-M4-1-IN2 Pin=L298P_M4_1-13
Removed Pin From Net: NetName=MOTOR4_PWM Pin=L298P_M4_1-14
Removed Pin From Net: NetName=L298P-M4-1-IN1 Pin=L298P_M4_1-15
Removed Pin From Net: NetName=MOTOR4_CHB Pin=L298P_M4_1-16
Removed Pin From Net: NetName=MOTOR4_CHA-RAW Pin=L298P_M4_1-17
Removed Pin From Net: NetName=M4-1-SENSE-B Pin=L298P_M4_1-19
Removed Pin From Net: NetName=GND Pin=L298P_M4_1-20
Removed Pin From Net: NetName=GND Pin=L298P_M4_1-21
Removed Pin From Net: NetName=GND Pin=L298P_M4_2-1
Removed Pin From Net: NetName=M4-2-SENSE-A Pin=L298P_M4_2-2
Removed Pin From Net: NetName=MOTOR4_CHA-RAW Pin=L298P_M4_2-4
Removed Pin From Net: NetName=MOTOR4_CHB Pin=L298P_M4_2-5
Removed Pin From Net: NetName=+24V_MOTOR Pin=L298P_M4_2-6
Removed Pin From Net: NetName=L298P-M4-2-IN1 Pin=L298P_M4_2-7
Removed Pin From Net: NetName=MOTOR4_PWM Pin=L298P_M4_2-8
Removed Pin From Net: NetName=L298P-M4-2-IN2 Pin=L298P_M4_2-9
Removed Pin From Net: NetName=GND Pin=L298P_M4_2-10
Removed Pin From Net: NetName=GND Pin=L298P_M4_2-11
Removed Pin From Net: NetName=+5V Pin=L298P_M4_2-12
Removed Pin From Net: NetName=L298P-M4-2-IN2 Pin=L298P_M4_2-13
Removed Pin From Net: NetName=MOTOR4_PWM Pin=L298P_M4_2-14
Removed Pin From Net: NetName=L298P-M4-2-IN1 Pin=L298P_M4_2-15
Removed Pin From Net: NetName=MOTOR4_CHB Pin=L298P_M4_2-16
Removed Pin From Net: NetName=MOTOR4_CHA-RAW Pin=L298P_M4_2-17
Removed Pin From Net: NetName=M4-2-SENSE-B Pin=L298P_M4_2-19
Removed Pin From Net: NetName=GND Pin=L298P_M4_2-20
Removed Pin From Net: NetName=GND Pin=L298P_M4_2-21
Removed Member From Class: ClassName=MOTOR1 Member=L298P_M1_1
Removed Member From Class: ClassName=MOTOR1 Member=L298P_M1_2
Removed Member From Class: ClassName=MOTOR2 Member=L298P_M2_1
Removed Member From Class: ClassName=MOTOR2 Member=L298P_M2_2
Removed Member From Class: ClassName=MOTOR3 Member=L298P_M3_1
Removed Member From Class: ClassName=MOTOR3 Member=L298P_M3_2
Removed Member From Class: ClassName=MOTOR4 Member=L298P_M4_1
Removed Member From Class: ClassName=MOTOR4 Member=L298P_M4_2
