Removed Pin From Net: NetName=MOTOR1_CHA-RAW Pin=FUSE-M1-2
Removed Pin From Net: NetName=MOTOR1_CHA Pin=FUSE-M1-3
Removed Pin From Net: NetName=MOTOR1_CHA Pin=FUSE-M1-4
Removed Pin From Net: NetName=MOTOR2_CHA-RAW Pin=FUSE-M2-2
Removed Pin From Net: NetName=MOTOR2_CHA Pin=FUSE-M2-3
Removed Pin From Net: NetName=MOTOR2_CHA Pin=FUSE-M2-4
Removed Pin From Net: NetName=MOTOR3_CHA-RAW Pin=FUSE-M3-2
Removed Pin From Net: NetName=MOTOR3_CHA Pin=FUSE-M3-3
Removed Pin From Net: NetName=MOTOR3_CHA Pin=FUSE-M3-4
Removed Pin From Net: NetName=MOTOR4_CHA-RAW Pin=FUSE-M4-2
Removed Pin From Net: NetName=MOTOR4_CHA Pin=FUSE-M4-3
Removed Pin From Net: NetName=MOTOR4_CHA Pin=FUSE-M4-4
Change Component Footprint: Designator=FUSE-M1 Old Footprint=KSTN-3568_V New Footprint=3413.0326.22
Change Component Footprint: Designator=FUSE-M2 Old Footprint=KSTN-3568_V New Footprint=3413.0326.22
Change Component Footprint: Designator=FUSE-M3 Old Footprint=KSTN-3568_V New Footprint=3413.0326.22
Change Component Footprint: Designator=FUSE-M4 Old Footprint=KSTN-3568_V New Footprint=3413.0326.22
Change Component Comment : Designator=FUSE-M1 Old Comment=3568 New Comment=3413.0326.22
Change Component Comment : Designator=FUSE-M2 Old Comment=3568 New Comment=3413.0326.22
Change Component Comment : Designator=FUSE-M3 Old Comment=3568 New Comment=3413.0326.22
Change Component Comment : Designator=FUSE-M4 Old Comment=3568 New Comment=3413.0326.22
Change Managed Component Library Link : Designator=FUSE-M1 Old VaultGUID=B7D15EC3-160A-466F-A46C-7801FE6295A7 New VaultGUID= Old ItemGUID=FCF9347A-3B16-487A-8E97-FAFFF6376B52 New ItemGUID= Old RevisionGUID=F505DEBF-B5EF-4257-83DA-8E479480600C New RevisionGUID=
Change Managed Component Library Link : Designator=FUSE-M2 Old VaultGUID=B7D15EC3-160A-466F-A46C-7801FE6295A7 New VaultGUID= Old ItemGUID=FCF9347A-3B16-487A-8E97-FAFFF6376B52 New ItemGUID= Old RevisionGUID=F505DEBF-B5EF-4257-83DA-8E479480600C New RevisionGUID=
Change Managed Component Library Link : Designator=FUSE-M3 Old VaultGUID=B7D15EC3-160A-466F-A46C-7801FE6295A7 New VaultGUID= Old ItemGUID=FCF9347A-3B16-487A-8E97-FAFFF6376B52 New ItemGUID= Old RevisionGUID=F505DEBF-B5EF-4257-83DA-8E479480600C New RevisionGUID=
Change Managed Component Library Link : Designator=FUSE-M4 Old VaultGUID=B7D15EC3-160A-466F-A46C-7801FE6295A7 New VaultGUID= Old ItemGUID=FCF9347A-3B16-487A-8E97-FAFFF6376B52 New ItemGUID= Old RevisionGUID=F505DEBF-B5EF-4257-83DA-8E479480600C New RevisionGUID=
Change component parameters: Designator = "FUSE-M1" ("FUSE-M1"); Footprint = "KSTN-3568_V"; UniqueID = "\VGCUADTV" ("\VGCUADTV")
Change component parameters: Designator = "FUSE-M2" ("FUSE-M2"); Footprint = "KSTN-3568_V"; UniqueID = "\NTEHLFNZ" ("\NTEHLFNZ")
Change component parameters: Designator = "FUSE-M3" ("FUSE-M3"); Footprint = "KSTN-3568_V"; UniqueID = "\MPNFEFND" ("\MPNFEFND")
Change component parameters: Designator = "FUSE-M4" ("FUSE-M4"); Footprint = "KSTN-3568_V"; UniqueID = "\USYEWTCC" ("\USYEWTCC")
Added Pin To Net: NetName=MOTOR1_CHA Pin=FUSE-M1-2
Added Pin To Net: NetName=MOTOR2_CHA Pin=FUSE-M2-2
Added Pin To Net: NetName=MOTOR3_CHA Pin=FUSE-M3-2
Added Pin To Net: NetName=MOTOR4_CHA Pin=FUSE-M4-2
Added Member To Class: ClassName=MCP23017 - CONTROL Member=Component U5 MCP23017-E/SO
