Added Component: Designator=ANTS ROBOTICS(PCIeX16)
Added Pin To Net: NetName=+24V_DIGITAL Pin=ANTS ROBOTICS-A1
Added Pin To Net: NetName=+24V_DIGITAL Pin=ANTS ROBOTICS-A2
Added Pin To Net: NetName=GND Pin=ANTS ROBOTICS-A3
Added Pin To Net: NetName=GND Pin=ANTS ROBOTICS-A4
Added Pin To Net: NetName=5V_DIGITAL Pin=ANTS ROBOTICS-A5
Added Pin To Net: NetName=5V_DIGITAL Pin=ANTS ROBOTICS-A6
Added Pin To Net: NetName=GND Pin=ANTS ROBOTICS-A7
Added Pin To Net: NetName=GND Pin=ANTS ROBOTICS-A8
Added Pin To Net: NetName=3V3_DIGITAL Pin=ANTS ROBOTICS-A9
Added Pin To Net: NetName=3V3_DIGITAL Pin=ANTS ROBOTICS-A10
Added Pin To Net: NetName=TD+ Pin=ANTS ROBOTICS-A13
Added Pin To Net: NetName=TD- Pin=ANTS ROBOTICS-A14
Added Pin To Net: NetName=GND Pin=ANTS ROBOTICS-A15
Added Pin To Net: NetName=RD+ Pin=ANTS ROBOTICS-A16
Added Pin To Net: NetName=RD- Pin=ANTS ROBOTICS-A17
Added Pin To Net: NetName=GND Pin=ANTS ROBOTICS-A18
Added Pin To Net: NetName=USB2-IN-PWR Pin=ANTS ROBOTICS-A19
Added Pin To Net: NetName=GND Pin=ANTS ROBOTICS-A22
Added Pin To Net: NetName=GND Pin=ANTS ROBOTICS-A23
Added Pin To Net: NetName=ENC1-PWR Pin=ANTS ROBOTICS-A24
Added Pin To Net: NetName=ENC1-A Pin=ANTS ROBOTICS-A25
Added Pin To Net: NetName=ENC1-B Pin=ANTS ROBOTICS-A26
Added Pin To Net: NetName=GND Pin=ANTS ROBOTICS-A28
Added Pin To Net: NetName=ENC4-PWR Pin=ANTS ROBOTICS-A29
Added Pin To Net: NetName=ENC4-A Pin=ANTS ROBOTICS-A30
Added Pin To Net: NetName=ENC4-B Pin=ANTS ROBOTICS-A31
Added Pin To Net: NetName=GND Pin=ANTS ROBOTICS-A33
Added Pin To Net: NetName=GIGAVAC-NC Pin=ANTS ROBOTICS-A34
Added Pin To Net: NetName=GND Pin=ANTS ROBOTICS-A35
Added Pin To Net: NetName=GND Pin=ANTS ROBOTICS-A36
Added Pin To Net: NetName=GND Pin=ANTS ROBOTICS-A37
Added Pin To Net: NetName=MOTOR1_CHA Pin=ANTS ROBOTICS-A38
Added Pin To Net: NetName=MOTOR1_CHA Pin=ANTS ROBOTICS-A39
Added Pin To Net: NetName=MOTOR1_CHA Pin=ANTS ROBOTICS-A40
Added Pin To Net: NetName=MOTOR1_CHA Pin=ANTS ROBOTICS-A41
Added Pin To Net: NetName=MOTOR1_CHA Pin=ANTS ROBOTICS-A42
Added Pin To Net: NetName=GND Pin=ANTS ROBOTICS-A43
Added Pin To Net: NetName=GND Pin=ANTS ROBOTICS-A44
Added Pin To Net: NetName=MOTOR1_CHB Pin=ANTS ROBOTICS-A45
Added Pin To Net: NetName=MOTOR1_CHB Pin=ANTS ROBOTICS-A46
Added Pin To Net: NetName=MOTOR1_CHB Pin=ANTS ROBOTICS-A47
Added Pin To Net: NetName=MOTOR1_CHB Pin=ANTS ROBOTICS-A48
Added Pin To Net: NetName=MOTOR1_CHB Pin=ANTS ROBOTICS-A49
Added Pin To Net: NetName=GND Pin=ANTS ROBOTICS-A50
Added Pin To Net: NetName=GND Pin=ANTS ROBOTICS-A51
Added Pin To Net: NetName=MOTOR4_CHA Pin=ANTS ROBOTICS-A52
Added Pin To Net: NetName=MOTOR4_CHA Pin=ANTS ROBOTICS-A53
Added Pin To Net: NetName=MOTOR4_CHA Pin=ANTS ROBOTICS-A54
Added Pin To Net: NetName=MOTOR4_CHA Pin=ANTS ROBOTICS-A55
Added Pin To Net: NetName=MOTOR4_CHA Pin=ANTS ROBOTICS-A56
Added Pin To Net: NetName=GND Pin=ANTS ROBOTICS-A57
Added Pin To Net: NetName=GND Pin=ANTS ROBOTICS-A58
Added Pin To Net: NetName=MOTOR4_CHB Pin=ANTS ROBOTICS-A59
Added Pin To Net: NetName=MOTOR4_CHB Pin=ANTS ROBOTICS-A60
Added Pin To Net: NetName=MOTOR4_CHB Pin=ANTS ROBOTICS-A61
Added Pin To Net: NetName=MOTOR4_CHB Pin=ANTS ROBOTICS-A62
Added Pin To Net: NetName=MOTOR4_CHB Pin=ANTS ROBOTICS-A63
Added Pin To Net: NetName=GND Pin=ANTS ROBOTICS-A64
Added Pin To Net: NetName=GND Pin=ANTS ROBOTICS-A65
Added Pin To Net: NetName=+24V_MOTOR Pin=ANTS ROBOTICS-A66
Added Pin To Net: NetName=+24V_MOTOR Pin=ANTS ROBOTICS-A67
Added Pin To Net: NetName=+24V_MOTOR Pin=ANTS ROBOTICS-A68
Added Pin To Net: NetName=+24V_MOTOR Pin=ANTS ROBOTICS-A69
Added Pin To Net: NetName=+24V_MOTOR Pin=ANTS ROBOTICS-A70
Added Pin To Net: NetName=+24V_MOTOR Pin=ANTS ROBOTICS-A71
Added Pin To Net: NetName=+24V_MOTOR Pin=ANTS ROBOTICS-A72
Added Pin To Net: NetName=+24V_MOTOR Pin=ANTS ROBOTICS-A73
Added Pin To Net: NetName=+24V_MOTOR Pin=ANTS ROBOTICS-A74
Added Pin To Net: NetName=+24V_MOTOR Pin=ANTS ROBOTICS-A75
Added Pin To Net: NetName=+24V_MOTOR Pin=ANTS ROBOTICS-A76
Added Pin To Net: NetName=+24V_MOTOR Pin=ANTS ROBOTICS-A77
Added Pin To Net: NetName=+24V_MOTOR Pin=ANTS ROBOTICS-A78
Added Pin To Net: NetName=+24V_MOTOR Pin=ANTS ROBOTICS-A79
Added Pin To Net: NetName=+24V_MOTOR Pin=ANTS ROBOTICS-A80
Added Pin To Net: NetName=+24V_MOTOR Pin=ANTS ROBOTICS-A81
Added Pin To Net: NetName=+24V_MOTOR Pin=ANTS ROBOTICS-A82
Added Pin To Net: NetName=+24V_DIGITAL Pin=ANTS ROBOTICS-B1
Added Pin To Net: NetName=+24V_DIGITAL Pin=ANTS ROBOTICS-B2
Added Pin To Net: NetName=GND Pin=ANTS ROBOTICS-B3
Added Pin To Net: NetName=GND Pin=ANTS ROBOTICS-B4
Added Pin To Net: NetName=5V_DIGITAL Pin=ANTS ROBOTICS-B5
Added Pin To Net: NetName=5V_DIGITAL Pin=ANTS ROBOTICS-B6
Added Pin To Net: NetName=GND Pin=ANTS ROBOTICS-B7
Added Pin To Net: NetName=GND Pin=ANTS ROBOTICS-B8
Added Pin To Net: NetName=3V3_DIGITAL Pin=ANTS ROBOTICS-B9
Added Pin To Net: NetName=3V3_DIGITAL Pin=ANTS ROBOTICS-B10
Added Pin To Net: NetName=TCT Pin=ANTS ROBOTICS-B13
Added Pin To Net: NetName=RCT Pin=ANTS ROBOTICS-B14
Added Pin To Net: NetName=GND Pin=ANTS ROBOTICS-B15
Added Pin To Net: NetName=LINK_LED Pin=ANTS ROBOTICS-B16
Added Pin To Net: NetName=ACT_LED Pin=ANTS ROBOTICS-B17
Added Pin To Net: NetName=GND Pin=ANTS ROBOTICS-B18
Added Pin To Net: NetName=GND Pin=ANTS ROBOTICS-B19
Added Pin To Net: NetName=ENC2-PWR Pin=ANTS ROBOTICS-B20
Added Pin To Net: NetName=ENC2-A Pin=ANTS ROBOTICS-B21
Added Pin To Net: NetName=ENC2-B Pin=ANTS ROBOTICS-B22
Added Pin To Net: NetName=GND Pin=ANTS ROBOTICS-B24
Added Pin To Net: NetName=ENC3-PWR Pin=ANTS ROBOTICS-B25
Added Pin To Net: NetName=ENC3-A Pin=ANTS ROBOTICS-B26
Added Pin To Net: NetName=ENC3-B Pin=ANTS ROBOTICS-B27
Added Pin To Net: NetName=GND Pin=ANTS ROBOTICS-B29
Added Pin To Net: NetName=GND Pin=ANTS ROBOTICS-B30
Added Pin To Net: NetName=GND Pin=ANTS ROBOTICS-B31
Added Pin To Net: NetName=GND Pin=ANTS ROBOTICS-B32
Added Pin To Net: NetName=GND Pin=ANTS ROBOTICS-B33
Added Pin To Net: NetName=GIGAVAC-NO Pin=ANTS ROBOTICS-B34
Added Pin To Net: NetName=GND Pin=ANTS ROBOTICS-B35
Added Pin To Net: NetName=GND Pin=ANTS ROBOTICS-B36
Added Pin To Net: NetName=GND Pin=ANTS ROBOTICS-B37
Added Pin To Net: NetName=MOTOR2_CHA Pin=ANTS ROBOTICS-B38
Added Pin To Net: NetName=MOTOR2_CHA Pin=ANTS ROBOTICS-B39
Added Pin To Net: NetName=MOTOR2_CHA Pin=ANTS ROBOTICS-B40
Added Pin To Net: NetName=MOTOR2_CHA Pin=ANTS ROBOTICS-B41
Added Pin To Net: NetName=MOTOR2_CHA Pin=ANTS ROBOTICS-B42
Added Pin To Net: NetName=GND Pin=ANTS ROBOTICS-B43
Added Pin To Net: NetName=GND Pin=ANTS ROBOTICS-B44
Added Pin To Net: NetName=MOTOR2_CHB Pin=ANTS ROBOTICS-B45
Added Pin To Net: NetName=MOTOR2_CHB Pin=ANTS ROBOTICS-B46
Added Pin To Net: NetName=MOTOR2_CHB Pin=ANTS ROBOTICS-B47
Added Pin To Net: NetName=MOTOR2_CHB Pin=ANTS ROBOTICS-B48
Added Pin To Net: NetName=MOTOR2_CHB Pin=ANTS ROBOTICS-B49
Added Pin To Net: NetName=GND Pin=ANTS ROBOTICS-B50
Added Pin To Net: NetName=GND Pin=ANTS ROBOTICS-B51
Added Pin To Net: NetName=MOTOR3_CHA Pin=ANTS ROBOTICS-B52
Added Pin To Net: NetName=MOTOR3_CHA Pin=ANTS ROBOTICS-B53
Added Pin To Net: NetName=MOTOR3_CHA Pin=ANTS ROBOTICS-B54
Added Pin To Net: NetName=MOTOR3_CHA Pin=ANTS ROBOTICS-B55
Added Pin To Net: NetName=MOTOR3_CHA Pin=ANTS ROBOTICS-B56
Added Pin To Net: NetName=GND Pin=ANTS ROBOTICS-B57
Added Pin To Net: NetName=GND Pin=ANTS ROBOTICS-B58
Added Pin To Net: NetName=MOTOR3_CHB Pin=ANTS ROBOTICS-B59
Added Pin To Net: NetName=MOTOR3_CHB Pin=ANTS ROBOTICS-B60
Added Pin To Net: NetName=MOTOR3_CHB Pin=ANTS ROBOTICS-B61
Added Pin To Net: NetName=MOTOR3_CHB Pin=ANTS ROBOTICS-B62
Added Pin To Net: NetName=MOTOR3_CHB Pin=ANTS ROBOTICS-B63
Added Pin To Net: NetName=GND Pin=ANTS ROBOTICS-B64
Added Pin To Net: NetName=GND Pin=ANTS ROBOTICS-B65
Added Pin To Net: NetName=+24V_MOTOR Pin=ANTS ROBOTICS-B66
Added Pin To Net: NetName=+24V_MOTOR Pin=ANTS ROBOTICS-B67
Added Pin To Net: NetName=+24V_MOTOR Pin=ANTS ROBOTICS-B68
Added Pin To Net: NetName=+24V_MOTOR Pin=ANTS ROBOTICS-B69
Added Pin To Net: NetName=+24V_MOTOR Pin=ANTS ROBOTICS-B70
Added Pin To Net: NetName=+24V_MOTOR Pin=ANTS ROBOTICS-B71
Added Pin To Net: NetName=+24V_MOTOR Pin=ANTS ROBOTICS-B72
Added Pin To Net: NetName=+24V_MOTOR Pin=ANTS ROBOTICS-B73
Added Pin To Net: NetName=+24V_MOTOR Pin=ANTS ROBOTICS-B74
Added Pin To Net: NetName=+24V_MOTOR Pin=ANTS ROBOTICS-B75
Added Pin To Net: NetName=+24V_MOTOR Pin=ANTS ROBOTICS-B76
Added Pin To Net: NetName=+24V_MOTOR Pin=ANTS ROBOTICS-B77
Added Pin To Net: NetName=+24V_MOTOR Pin=ANTS ROBOTICS-B78
Added Pin To Net: NetName=+24V_MOTOR Pin=ANTS ROBOTICS-B79
Added Pin To Net: NetName=+24V_MOTOR Pin=ANTS ROBOTICS-B80
Added Pin To Net: NetName=+24V_MOTOR Pin=ANTS ROBOTICS-B81
Added Pin To Net: NetName=+24V_MOTOR Pin=ANTS ROBOTICS-B82
Added Pin To Net: NetName=ENC1-I Pin=ANTS ROBOTICS-A27
Added Net: Name=ENC1-I
Added Pin To Net: NetName=ENC2-I Pin=ANTS ROBOTICS-B23
Added Net: Name=ENC2-I
Added Pin To Net: NetName=ENC3-I Pin=ANTS ROBOTICS-B28
Added Net: Name=ENC3-I
Added Pin To Net: NetName=ENC4-I Pin=ANTS ROBOTICS-A32
Added Net: Name=ENC4-I
Added Member To Class: ClassName=CONN Member=Component ANTS ROBOTICS PCIeX16
