Removed Pin From Net: NetName=+24V_MOTOR Pin=C38-1
Removed Pin From Net: NetName=GND Pin=C38-2
Removed Pin From Net: NetName=+5V Pin=C39-1
Removed Pin From Net: NetName=GND Pin=C39-2
Removed Pin From Net: NetName=+24V_MOTOR Pin=C42-1
Removed Pin From Net: NetName=GND Pin=C42-2
Removed Pin From Net: NetName=+5V Pin=C43-1
Removed Pin From Net: NetName=GND Pin=C43-2
Removed Pin From Net: NetName=+24V_MOTOR Pin=C46-1
Removed Pin From Net: NetName=GND Pin=C46-2
Removed Pin From Net: NetName=+5V Pin=C47-1
Removed Pin From Net: NetName=GND Pin=C47-2
Removed Pin From Net: NetName=+24V_MOTOR Pin=C50-1
Removed Pin From Net: NetName=GND Pin=C50-2
Removed Pin From Net: NetName=+5V Pin=C51-1
Removed Pin From Net: NetName=GND Pin=C51-2
Removed Pin From Net: NetName=+24V_MOTOR Pin=D3-1
Removed Pin From Net: NetName=+24V_MOTOR Pin=D4-1
Removed Pin From Net: NetName=GND Pin=D7-2
Removed Pin From Net: NetName=GND Pin=D8-2
Removed Pin From Net: NetName=+24V_MOTOR Pin=D9-1
Removed Pin From Net: NetName=MOTOR1_CHA Pin=D9-2
Removed Pin From Net: NetName=+24V_MOTOR Pin=D10-1
Removed Pin From Net: NetName=MOTOR1_CHB Pin=D10-2
Removed Pin From Net: NetName=+24V_MOTOR Pin=D11-1
Removed Pin From Net: NetName=+24V_MOTOR Pin=D12-1
Removed Pin From Net: NetName=MOTOR1_CHA Pin=D13-1
Removed Pin From Net: NetName=GND Pin=D13-2
Removed Pin From Net: NetName=MOTOR1_CHB Pin=D14-1
Removed Pin From Net: NetName=GND Pin=D14-2
Removed Pin From Net: NetName=GND Pin=D15-2
Removed Pin From Net: NetName=GND Pin=D16-2
Removed Pin From Net: NetName=+24V_MOTOR Pin=D19-1
Removed Pin From Net: NetName=+24V_MOTOR Pin=D20-1
Removed Pin From Net: NetName=GND Pin=D23-2
Removed Pin From Net: NetName=GND Pin=D24-2
Removed Pin From Net: NetName=+24V_MOTOR Pin=D25-1
Removed Pin From Net: NetName=MOTOR2_CHA Pin=D25-2
Removed Pin From Net: NetName=+24V_MOTOR Pin=D26-1
Removed Pin From Net: NetName=MOTOR2_CHB Pin=D26-2
Removed Pin From Net: NetName=+24V_MOTOR Pin=D27-1
Removed Pin From Net: NetName=+24V_MOTOR Pin=D28-1
Removed Pin From Net: NetName=MOTOR2_CHA Pin=D29-1
Removed Pin From Net: NetName=GND Pin=D29-2
Removed Pin From Net: NetName=MOTOR2_CHB Pin=D30-1
Removed Pin From Net: NetName=GND Pin=D30-2
Removed Pin From Net: NetName=GND Pin=D31-2
Removed Pin From Net: NetName=GND Pin=D32-2
Removed Pin From Net: NetName=+24V_MOTOR Pin=D35-1
Removed Pin From Net: NetName=+24V_MOTOR Pin=D36-1
Removed Pin From Net: NetName=GND Pin=D39-2
Removed Pin From Net: NetName=GND Pin=D40-2
Removed Pin From Net: NetName=+24V_MOTOR Pin=D41-1
Removed Pin From Net: NetName=MOTOR3_CHA Pin=D41-2
Removed Pin From Net: NetName=+24V_MOTOR Pin=D42-1
Removed Pin From Net: NetName=MOTOR3_CHB Pin=D42-2
Removed Pin From Net: NetName=+24V_MOTOR Pin=D43-1
Removed Pin From Net: NetName=+24V_MOTOR Pin=D44-1
Removed Pin From Net: NetName=MOTOR3_CHA Pin=D45-1
Removed Pin From Net: NetName=GND Pin=D45-2
Removed Pin From Net: NetName=MOTOR3_CHB Pin=D46-1
Removed Pin From Net: NetName=GND Pin=D46-2
Removed Pin From Net: NetName=GND Pin=D47-2
Removed Pin From Net: NetName=GND Pin=D48-2
Removed Pin From Net: NetName=+24V_MOTOR Pin=D51-1
Removed Pin From Net: NetName=+24V_MOTOR Pin=D52-1
Removed Pin From Net: NetName=GND Pin=D55-2
Removed Pin From Net: NetName=GND Pin=D56-2
Removed Pin From Net: NetName=+24V_MOTOR Pin=D57-1
Removed Pin From Net: NetName=MOTOR4_CHA Pin=D57-2
Removed Pin From Net: NetName=+24V_MOTOR Pin=D58-1
Removed Pin From Net: NetName=MOTOR4_CHB Pin=D58-2
Removed Pin From Net: NetName=+24V_MOTOR Pin=D59-1
Removed Pin From Net: NetName=+24V_MOTOR Pin=D60-1
Removed Pin From Net: NetName=MOTOR4_CHA Pin=D61-1
Removed Pin From Net: NetName=GND Pin=D61-2
Removed Pin From Net: NetName=MOTOR4_CHB Pin=D62-1
Removed Pin From Net: NetName=GND Pin=D62-2
Removed Pin From Net: NetName=GND Pin=D63-2
Removed Pin From Net: NetName=GND Pin=D64-2
Removed Pin From Net: NetName=MOTOR1_CHA Pin=L298-M1-1-CHA-2
Removed Pin From Net: NetName=MOTOR1_CHB Pin=L298-M1-1-CHB-2
Removed Pin From Net: NetName=MOTOR1_CHA Pin=L298-M1-2-CHA-2
Removed Pin From Net: NetName=MOTOR1_CHB Pin=L298-M1-2-CHB-2
Removed Pin From Net: NetName=MOTOR2_CHA Pin=L298-M2-1-CHA-2
Removed Pin From Net: NetName=MOTOR2_CHB Pin=L298-M2-1-CHB-2
Removed Pin From Net: NetName=MOTOR2_CHA Pin=L298-M2-2-CHA-2
Removed Pin From Net: NetName=MOTOR2_CHB Pin=L298-M2-2-CHB-2
Removed Pin From Net: NetName=MOTOR3_CHA Pin=L298-M3-1-CHA-2
Removed Pin From Net: NetName=MOTOR3_CHB Pin=L298-M3-1-CHB-2
Removed Pin From Net: NetName=MOTOR3_CHA Pin=L298-M3-2-CHA-2
Removed Pin From Net: NetName=MOTOR3_CHB Pin=L298-M3-2-CHB-2
Removed Pin From Net: NetName=MOTOR4_CHA Pin=L298-M4-1-CHA-2
Removed Pin From Net: NetName=MOTOR4_CHB Pin=L298-M4-1-CHB-2
Removed Pin From Net: NetName=MOTOR4_CHA Pin=L298-M4-2-CHA-2
Removed Pin From Net: NetName=MOTOR4_CHB Pin=L298-M4-2-CHB-2
Removed Pin From Net: NetName=GND Pin=L298P_M1_2-1
Removed Pin From Net: NetName=MOTOR1_CHA Pin=L298P_M1_2-4
Removed Pin From Net: NetName=MOTOR1_CHB Pin=L298P_M1_2-5
Removed Pin From Net: NetName=+24V_MOTOR Pin=L298P_M1_2-6
Removed Pin From Net: NetName=L298P-M1-2-IN1 Pin=L298P_M1_2-7
Removed Pin From Net: NetName=MOTOR1_PWM Pin=L298P_M1_2-8
Removed Pin From Net: NetName=L298P-M1-2-IN2 Pin=L298P_M1_2-9
Removed Pin From Net: NetName=GND Pin=L298P_M1_2-10
Removed Pin From Net: NetName=GND Pin=L298P_M1_2-11
Removed Pin From Net: NetName=+5V Pin=L298P_M1_2-12
Removed Pin From Net: NetName=L298P-M1-2-IN1 Pin=L298P_M1_2-13
Removed Pin From Net: NetName=MOTOR1_PWM Pin=L298P_M1_2-14
Removed Pin From Net: NetName=L298P-M1-2-IN2 Pin=L298P_M1_2-15
Removed Pin From Net: NetName=GND Pin=L298P_M1_2-20
Removed Pin From Net: NetName=GND Pin=L298P_M1_2-21
Removed Pin From Net: NetName=GND Pin=L298P_M2_2-1
Removed Pin From Net: NetName=MOTOR2_CHA Pin=L298P_M2_2-4
Removed Pin From Net: NetName=MOTOR2_CHB Pin=L298P_M2_2-5
Removed Pin From Net: NetName=+24V_MOTOR Pin=L298P_M2_2-6
Removed Pin From Net: NetName=L298P-M2-2-IN1 Pin=L298P_M2_2-7
Removed Pin From Net: NetName=MOTOR2_PWM Pin=L298P_M2_2-8
Removed Pin From Net: NetName=L298P-M2-2-IN2 Pin=L298P_M2_2-9
Removed Pin From Net: NetName=GND Pin=L298P_M2_2-10
Removed Pin From Net: NetName=GND Pin=L298P_M2_2-11
Removed Pin From Net: NetName=+5V Pin=L298P_M2_2-12
Removed Pin From Net: NetName=L298P-M2-2-IN1 Pin=L298P_M2_2-13
Removed Pin From Net: NetName=MOTOR2_PWM Pin=L298P_M2_2-14
Removed Pin From Net: NetName=L298P-M2-2-IN2 Pin=L298P_M2_2-15
Removed Pin From Net: NetName=GND Pin=L298P_M2_2-20
Removed Pin From Net: NetName=GND Pin=L298P_M2_2-21
Removed Pin From Net: NetName=GND Pin=L298P_M3_2-1
Removed Pin From Net: NetName=MOTOR3_CHA Pin=L298P_M3_2-4
Removed Pin From Net: NetName=MOTOR3_CHB Pin=L298P_M3_2-5
Removed Pin From Net: NetName=+24V_MOTOR Pin=L298P_M3_2-6
Removed Pin From Net: NetName=L298P-M3-2-IN1 Pin=L298P_M3_2-7
Removed Pin From Net: NetName=MOTOR3_PWM Pin=L298P_M3_2-8
Removed Pin From Net: NetName=L298P-M3-2-IN2 Pin=L298P_M3_2-9
Removed Pin From Net: NetName=GND Pin=L298P_M3_2-10
Removed Pin From Net: NetName=GND Pin=L298P_M3_2-11
Removed Pin From Net: NetName=+5V Pin=L298P_M3_2-12
Removed Pin From Net: NetName=L298P-M3-2-IN1 Pin=L298P_M3_2-13
Removed Pin From Net: NetName=MOTOR3_PWM Pin=L298P_M3_2-14
Removed Pin From Net: NetName=L298P-M3-2-IN2 Pin=L298P_M3_2-15
Removed Pin From Net: NetName=GND Pin=L298P_M3_2-20
Removed Pin From Net: NetName=GND Pin=L298P_M3_2-21
Removed Pin From Net: NetName=GND Pin=L298P_M4_2-1
Removed Pin From Net: NetName=MOTOR4_CHA Pin=L298P_M4_2-4
Removed Pin From Net: NetName=MOTOR4_CHB Pin=L298P_M4_2-5
Removed Pin From Net: NetName=+24V_MOTOR Pin=L298P_M4_2-6
Removed Pin From Net: NetName=L298P-M4-2-IN1 Pin=L298P_M4_2-7
Removed Pin From Net: NetName=MOTOR4_PWM Pin=L298P_M4_2-8
Removed Pin From Net: NetName=L298P-M4-2-IN2 Pin=L298P_M4_2-9
Removed Pin From Net: NetName=GND Pin=L298P_M4_2-10
Removed Pin From Net: NetName=GND Pin=L298P_M4_2-11
Removed Pin From Net: NetName=+5V Pin=L298P_M4_2-12
Removed Pin From Net: NetName=L298P-M4-2-IN1 Pin=L298P_M4_2-13
Removed Pin From Net: NetName=MOTOR4_PWM Pin=L298P_M4_2-14
Removed Pin From Net: NetName=L298P-M4-2-IN2 Pin=L298P_M4_2-15
Removed Pin From Net: NetName=GND Pin=L298P_M4_2-20
Removed Pin From Net: NetName=GND Pin=L298P_M4_2-21
Removed Pin From Net: NetName=GND Pin=R42-1
Removed Pin From Net: NetName=GND Pin=R43-1
Removed Pin From Net: NetName=GND Pin=R46-1
Removed Pin From Net: NetName=GND Pin=R47-1
Removed Pin From Net: NetName=GND Pin=R50-1
Removed Pin From Net: NetName=GND Pin=R51-1
Removed Pin From Net: NetName=GND Pin=R54-1
Removed Pin From Net: NetName=GND Pin=R55-1
Removed Member From Class: ClassName=L298P_MOTOR1 Member=C38
Removed Member From Class: ClassName=L298P_MOTOR1 Member=C39
Removed Member From Class: ClassName=L298P_MOTOR2 Member=C42
Removed Member From Class: ClassName=L298P_MOTOR2 Member=C43
Removed Member From Class: ClassName=L298P_MOTOR3 Member=C46
Removed Member From Class: ClassName=L298P_MOTOR3 Member=C47
Removed Member From Class: ClassName=L298P_MOTOR4 Member=C50
Removed Member From Class: ClassName=L298P_MOTOR4 Member=C51
Removed Member From Class: ClassName=L298P_MOTOR1 Member=D3
Removed Member From Class: ClassName=L298P_MOTOR1 Member=D4
Removed Member From Class: ClassName=L298P_MOTOR1 Member=D7
Removed Member From Class: ClassName=L298P_MOTOR1 Member=D8
Removed Member From Class: ClassName=L298P_MOTOR1 Member=D9
Removed Member From Class: ClassName=L298P_MOTOR1 Member=D10
Removed Member From Class: ClassName=L298P_MOTOR1 Member=D11
Removed Member From Class: ClassName=L298P_MOTOR1 Member=D12
Removed Member From Class: ClassName=L298P_MOTOR1 Member=D13
Removed Member From Class: ClassName=L298P_MOTOR1 Member=D14
Removed Member From Class: ClassName=L298P_MOTOR1 Member=D15
Removed Member From Class: ClassName=L298P_MOTOR1 Member=D16
Removed Member From Class: ClassName=L298P_MOTOR2 Member=D19
Removed Member From Class: ClassName=L298P_MOTOR2 Member=D20
Removed Member From Class: ClassName=L298P_MOTOR2 Member=D23
Removed Member From Class: ClassName=L298P_MOTOR2 Member=D24
Removed Member From Class: ClassName=L298P_MOTOR2 Member=D25
Removed Member From Class: ClassName=L298P_MOTOR2 Member=D26
Removed Member From Class: ClassName=L298P_MOTOR2 Member=D27
Removed Member From Class: ClassName=L298P_MOTOR2 Member=D28
Removed Member From Class: ClassName=L298P_MOTOR2 Member=D29
Removed Member From Class: ClassName=L298P_MOTOR2 Member=D30
Removed Member From Class: ClassName=L298P_MOTOR2 Member=D31
Removed Member From Class: ClassName=L298P_MOTOR2 Member=D32
Removed Member From Class: ClassName=L298P_MOTOR3 Member=D35
Removed Member From Class: ClassName=L298P_MOTOR3 Member=D36
Removed Member From Class: ClassName=L298P_MOTOR3 Member=D39
Removed Member From Class: ClassName=L298P_MOTOR3 Member=D40
Removed Member From Class: ClassName=L298P_MOTOR3 Member=D41
Removed Member From Class: ClassName=L298P_MOTOR3 Member=D42
Removed Member From Class: ClassName=L298P_MOTOR3 Member=D43
Removed Member From Class: ClassName=L298P_MOTOR3 Member=D44
Removed Member From Class: ClassName=L298P_MOTOR3 Member=D45
Removed Member From Class: ClassName=L298P_MOTOR3 Member=D46
Removed Member From Class: ClassName=L298P_MOTOR3 Member=D47
Removed Member From Class: ClassName=L298P_MOTOR3 Member=D48
Removed Member From Class: ClassName=L298P_MOTOR4 Member=D51
Removed Member From Class: ClassName=L298P_MOTOR4 Member=D52
Removed Member From Class: ClassName=L298P_MOTOR4 Member=D55
Removed Member From Class: ClassName=L298P_MOTOR4 Member=D56
Removed Member From Class: ClassName=L298P_MOTOR4 Member=D57
Removed Member From Class: ClassName=L298P_MOTOR4 Member=D58
Removed Member From Class: ClassName=L298P_MOTOR4 Member=D59
Removed Member From Class: ClassName=L298P_MOTOR4 Member=D60
Removed Member From Class: ClassName=L298P_MOTOR4 Member=D61
Removed Member From Class: ClassName=L298P_MOTOR4 Member=D62
Removed Member From Class: ClassName=L298P_MOTOR4 Member=D63
Removed Member From Class: ClassName=L298P_MOTOR4 Member=D64
Removed Member From Class: ClassName=L298P_MOTOR1 Member=L298-M1-1-CHA
Removed Member From Class: ClassName=L298P_MOTOR1 Member=L298-M1-1-CHB
Removed Member From Class: ClassName=L298P_MOTOR1 Member=L298-M1-2-CHA
Removed Member From Class: ClassName=L298P_MOTOR1 Member=L298-M1-2-CHB
Removed Member From Class: ClassName=L298P_MOTOR2 Member=L298-M2-1-CHA
Removed Member From Class: ClassName=L298P_MOTOR2 Member=L298-M2-1-CHB
Removed Member From Class: ClassName=L298P_MOTOR2 Member=L298-M2-2-CHA
Removed Member From Class: ClassName=L298P_MOTOR2 Member=L298-M2-2-CHB
Removed Member From Class: ClassName=L298P_MOTOR3 Member=L298-M3-1-CHA
Removed Member From Class: ClassName=L298P_MOTOR3 Member=L298-M3-1-CHB
Removed Member From Class: ClassName=L298P_MOTOR3 Member=L298-M3-2-CHA
Removed Member From Class: ClassName=L298P_MOTOR3 Member=L298-M3-2-CHB
Removed Member From Class: ClassName=L298P_MOTOR4 Member=L298-M4-1-CHA
Removed Member From Class: ClassName=L298P_MOTOR4 Member=L298-M4-1-CHB
Removed Member From Class: ClassName=L298P_MOTOR4 Member=L298-M4-2-CHA
Removed Member From Class: ClassName=L298P_MOTOR4 Member=L298-M4-2-CHB
Removed Member From Class: ClassName=L298P_MOTOR1 Member=L298P_M1_2
Removed Member From Class: ClassName=L298P_MOTOR2 Member=L298P_M2_2
Removed Member From Class: ClassName=L298P_MOTOR3 Member=L298P_M3_2
Removed Member From Class: ClassName=L298P_MOTOR4 Member=L298P_M4_2
Removed Member From Class: ClassName=L298P_MOTOR1 Member=R42
Removed Member From Class: ClassName=L298P_MOTOR1 Member=R43
Removed Member From Class: ClassName=L298P_MOTOR2 Member=R46
Removed Member From Class: ClassName=L298P_MOTOR2 Member=R47
Removed Member From Class: ClassName=L298P_MOTOR3 Member=R50
Removed Member From Class: ClassName=L298P_MOTOR3 Member=R51
Removed Member From Class: ClassName=L298P_MOTOR4 Member=R54
Removed Member From Class: ClassName=L298P_MOTOR4 Member=R55
Added Pin To Net: NetName=MOTOR1_CHB Pin=L298P_M1_1-16
Added Pin To Net: NetName=MOTOR1_CHA Pin=L298P_M1_1-17
Added Pin To Net: NetName=MOTOR2_CHB Pin=L298P_M2_1-16
Added Pin To Net: NetName=MOTOR2_CHA Pin=L298P_M2_1-17
Added Pin To Net: NetName=MOTOR3_CHB Pin=L298P_M3_1-16
Added Pin To Net: NetName=MOTOR3_CHA Pin=L298P_M3_1-17
Added Pin To Net: NetName=MOTOR4_CHB Pin=L298P_M4_1-16
Added Pin To Net: NetName=MOTOR4_CHA Pin=L298P_M4_1-17
