Removed Pin From Net: NetName=+24V_MOTOR Pin=C38-1
Removed Pin From Net: NetName=GND Pin=C38-2
Removed Pin From Net: NetName=+5V Pin=C39-1
Removed Pin From Net: NetName=GND Pin=C39-2
Removed Pin From Net: NetName=+24V_MOTOR Pin=C42-1
Removed Pin From Net: NetName=GND Pin=C42-2
Removed Pin From Net: NetName=+5V Pin=C43-1
Removed Pin From Net: NetName=GND Pin=C43-2
Removed Pin From Net: NetName=+24V_MOTOR Pin=C46-1
Removed Pin From Net: NetName=GND Pin=C46-2
Removed Pin From Net: NetName=+5V Pin=C47-1
Removed Pin From Net: NetName=GND Pin=C47-2
Removed Pin From Net: NetName=+24V_MOTOR Pin=C50-1
Removed Pin From Net: NetName=GND Pin=C50-2
Removed Pin From Net: NetName=+5V Pin=C51-1
Removed Pin From Net: NetName=GND Pin=C51-2
Removed Pin From Net: NetName=GND Pin=L298P_M1_2-1
Removed Pin From Net: NetName=MOTOR1_CHA-RAW Pin=L298P_M1_2-4
Removed Pin From Net: NetName=MOTOR1_CHB Pin=L298P_M1_2-5
Removed Pin From Net: NetName=+24V_MOTOR Pin=L298P_M1_2-6
Removed Pin From Net: NetName=L298P-M1-1-IN1 Pin=L298P_M1_2-7
Removed Pin From Net: NetName=MOTOR1_PWM Pin=L298P_M1_2-8
Removed Pin From Net: NetName=L298P-M1-1-IN2 Pin=L298P_M1_2-9
Removed Pin From Net: NetName=GND Pin=L298P_M1_2-10
Removed Pin From Net: NetName=GND Pin=L298P_M1_2-11
Removed Pin From Net: NetName=+5V Pin=L298P_M1_2-12
Removed Pin From Net: NetName=L298P-M1-1-IN2 Pin=L298P_M1_2-13
Removed Pin From Net: NetName=MOTOR1_PWM Pin=L298P_M1_2-14
Removed Pin From Net: NetName=L298P-M1-1-IN1 Pin=L298P_M1_2-15
Removed Pin From Net: NetName=MOTOR1_CHB Pin=L298P_M1_2-16
Removed Pin From Net: NetName=MOTOR1_CHA-RAW Pin=L298P_M1_2-17
Removed Pin From Net: NetName=GND Pin=L298P_M1_2-20
Removed Pin From Net: NetName=GND Pin=L298P_M1_2-21
Removed Pin From Net: NetName=GND Pin=L298P_M2_2-1
Removed Pin From Net: NetName=MOTOR2_CHA-RAW Pin=L298P_M2_2-4
Removed Pin From Net: NetName=MOTOR2_CHB Pin=L298P_M2_2-5
Removed Pin From Net: NetName=+24V_MOTOR Pin=L298P_M2_2-6
Removed Pin From Net: NetName=L298P-M2-1-IN1 Pin=L298P_M2_2-7
Removed Pin From Net: NetName=MOTOR2_PWM Pin=L298P_M2_2-8
Removed Pin From Net: NetName=L298P-M2-1-IN2 Pin=L298P_M2_2-9
Removed Pin From Net: NetName=GND Pin=L298P_M2_2-10
Removed Pin From Net: NetName=GND Pin=L298P_M2_2-11
Removed Pin From Net: NetName=+5V Pin=L298P_M2_2-12
Removed Pin From Net: NetName=L298P-M2-1-IN2 Pin=L298P_M2_2-13
Removed Pin From Net: NetName=MOTOR2_PWM Pin=L298P_M2_2-14
Removed Pin From Net: NetName=L298P-M2-1-IN1 Pin=L298P_M2_2-15
Removed Pin From Net: NetName=MOTOR2_CHB Pin=L298P_M2_2-16
Removed Pin From Net: NetName=MOTOR2_CHA-RAW Pin=L298P_M2_2-17
Removed Pin From Net: NetName=GND Pin=L298P_M2_2-20
Removed Pin From Net: NetName=GND Pin=L298P_M2_2-21
Removed Pin From Net: NetName=GND Pin=L298P_M3_2-1
Removed Pin From Net: NetName=MOTOR3_CHA-RAW Pin=L298P_M3_2-4
Removed Pin From Net: NetName=MOTOR3_CHB Pin=L298P_M3_2-5
Removed Pin From Net: NetName=+24V_MOTOR Pin=L298P_M3_2-6
Removed Pin From Net: NetName=L298P-M3-1-IN1 Pin=L298P_M3_2-7
Removed Pin From Net: NetName=MOTOR3_PWM Pin=L298P_M3_2-8
Removed Pin From Net: NetName=L298P-M3-1-IN2 Pin=L298P_M3_2-9
Removed Pin From Net: NetName=GND Pin=L298P_M3_2-10
Removed Pin From Net: NetName=GND Pin=L298P_M3_2-11
Removed Pin From Net: NetName=+5V Pin=L298P_M3_2-12
Removed Pin From Net: NetName=L298P-M3-1-IN2 Pin=L298P_M3_2-13
Removed Pin From Net: NetName=MOTOR3_PWM Pin=L298P_M3_2-14
Removed Pin From Net: NetName=L298P-M3-1-IN1 Pin=L298P_M3_2-15
Removed Pin From Net: NetName=MOTOR3_CHB Pin=L298P_M3_2-16
Removed Pin From Net: NetName=MOTOR3_CHA-RAW Pin=L298P_M3_2-17
Removed Pin From Net: NetName=GND Pin=L298P_M3_2-20
Removed Pin From Net: NetName=GND Pin=L298P_M3_2-21
Removed Pin From Net: NetName=GND Pin=L298P_M4_2-1
Removed Pin From Net: NetName=MOTOR4_CHA-RAW Pin=L298P_M4_2-4
Removed Pin From Net: NetName=MOTOR4_CHB Pin=L298P_M4_2-5
Removed Pin From Net: NetName=+24V_MOTOR Pin=L298P_M4_2-6
Removed Pin From Net: NetName=L298P-M4-1-IN1 Pin=L298P_M4_2-7
Removed Pin From Net: NetName=MOTOR4_PWM Pin=L298P_M4_2-8
Removed Pin From Net: NetName=L298P-M4-1-IN2 Pin=L298P_M4_2-9
Removed Pin From Net: NetName=GND Pin=L298P_M4_2-10
Removed Pin From Net: NetName=GND Pin=L298P_M4_2-11
Removed Pin From Net: NetName=+5V Pin=L298P_M4_2-12
Removed Pin From Net: NetName=L298P-M4-1-IN2 Pin=L298P_M4_2-13
Removed Pin From Net: NetName=MOTOR4_PWM Pin=L298P_M4_2-14
Removed Pin From Net: NetName=L298P-M4-1-IN1 Pin=L298P_M4_2-15
Removed Pin From Net: NetName=MOTOR4_CHB Pin=L298P_M4_2-16
Removed Pin From Net: NetName=MOTOR4_CHA-RAW Pin=L298P_M4_2-17
Removed Pin From Net: NetName=GND Pin=L298P_M4_2-20
Removed Pin From Net: NetName=GND Pin=L298P_M4_2-21
Removed Pin From Net: NetName=GND Pin=R42-1
Removed Pin From Net: NetName=GND Pin=R43-1
Removed Pin From Net: NetName=GND Pin=R46-1
Removed Pin From Net: NetName=GND Pin=R47-1
Removed Pin From Net: NetName=GND Pin=R50-1
Removed Pin From Net: NetName=GND Pin=R51-1
Removed Pin From Net: NetName=GND Pin=R54-1
Removed Pin From Net: NetName=GND Pin=R55-1
Removed Member From Class: ClassName=MOTOR1 Member=C38
Removed Member From Class: ClassName=MOTOR1 Member=C39
Removed Member From Class: ClassName=MOTOR2 Member=C42
Removed Member From Class: ClassName=MOTOR2 Member=C43
Removed Member From Class: ClassName=MOTOR3 Member=C46
Removed Member From Class: ClassName=MOTOR3 Member=C47
Removed Member From Class: ClassName=MOTOR4 Member=C50
Removed Member From Class: ClassName=MOTOR4 Member=C51
Removed Member From Class: ClassName=MOTOR1 Member=L298P_M1_2
Removed Member From Class: ClassName=MOTOR2 Member=L298P_M2_2
Removed Member From Class: ClassName=MOTOR3 Member=L298P_M3_2
Removed Member From Class: ClassName=MOTOR4 Member=L298P_M4_2
Removed Member From Class: ClassName=MOTOR1 Member=R42
Removed Member From Class: ClassName=MOTOR1 Member=R43
Removed Member From Class: ClassName=MOTOR2 Member=R46
Removed Member From Class: ClassName=MOTOR2 Member=R47
Removed Member From Class: ClassName=MOTOR3 Member=R50
Removed Member From Class: ClassName=MOTOR3 Member=R51
Removed Member From Class: ClassName=MOTOR4 Member=R54
Removed Member From Class: ClassName=MOTOR4 Member=R55
Change Component Footprint: Designator=L298P_M1_1 Old Footprint=L298P New Footprint=STM-PowerSO20_M
Change Component Footprint: Designator=L298P_M2_1 Old Footprint=L298P New Footprint=STM-PowerSO20_M
Change Component Footprint: Designator=L298P_M3_1 Old Footprint=L298P New Footprint=STM-PowerSO20_M
Change Component Footprint: Designator=L298P_M4_1 Old Footprint=L298P New Footprint=STM-PowerSO20_M
Change Managed Component Library Link : Designator=L298P_M1_1 Old VaultGUID= New VaultGUID=B7D15EC3-160A-466F-A46C-7801FE6295A7 Old ItemGUID= New ItemGUID=1B96A461-EDB0-4595-A3C7-CCE01C4FE2C9 Old RevisionGUID= New RevisionGUID=78598D05-7A03-47C3-9AE3-D5135FBDE9C5
Change Managed Component Library Link : Designator=L298P_M2_1 Old VaultGUID= New VaultGUID=B7D15EC3-160A-466F-A46C-7801FE6295A7 Old ItemGUID= New ItemGUID=1B96A461-EDB0-4595-A3C7-CCE01C4FE2C9 Old RevisionGUID= New RevisionGUID=78598D05-7A03-47C3-9AE3-D5135FBDE9C5
Change Managed Component Library Link : Designator=L298P_M3_1 Old VaultGUID= New VaultGUID=B7D15EC3-160A-466F-A46C-7801FE6295A7 Old ItemGUID= New ItemGUID=1B96A461-EDB0-4595-A3C7-CCE01C4FE2C9 Old RevisionGUID= New RevisionGUID=78598D05-7A03-47C3-9AE3-D5135FBDE9C5
Change Managed Component Library Link : Designator=L298P_M4_1 Old VaultGUID= New VaultGUID=B7D15EC3-160A-466F-A46C-7801FE6295A7 Old ItemGUID= New ItemGUID=1B96A461-EDB0-4595-A3C7-CCE01C4FE2C9 Old RevisionGUID= New RevisionGUID=78598D05-7A03-47C3-9AE3-D5135FBDE9C5
