Removed Pin From Net: NetName=+24V_DIGITAL Pin=ANTS ROBOTICS-A1
Removed Pin From Net: NetName=+24V_DIGITAL Pin=ANTS ROBOTICS-A2
Removed Pin From Net: NetName=GND Pin=ANTS ROBOTICS-A3
Removed Pin From Net: NetName=GND Pin=ANTS ROBOTICS-A4
Removed Pin From Net: NetName=5V_DIGITAL Pin=ANTS ROBOTICS-A5
Removed Pin From Net: NetName=5V_DIGITAL Pin=ANTS ROBOTICS-A6
Removed Pin From Net: NetName=GND Pin=ANTS ROBOTICS-A7
Removed Pin From Net: NetName=GND Pin=ANTS ROBOTICS-A8
Removed Pin From Net: NetName=3V3_DIGITAL Pin=ANTS ROBOTICS-A9
Removed Pin From Net: NetName=3V3_DIGITAL Pin=ANTS ROBOTICS-A10
Removed Pin From Net: NetName=GND Pin=ANTS ROBOTICS-A11
Removed Pin From Net: NetName=GND Pin=ANTS ROBOTICS-A12
Removed Pin From Net: NetName=TD+ Pin=ANTS ROBOTICS-A13
Removed Pin From Net: NetName=TD- Pin=ANTS ROBOTICS-A14
Removed Pin From Net: NetName=GND Pin=ANTS ROBOTICS-A15
Removed Pin From Net: NetName=RD+ Pin=ANTS ROBOTICS-A16
Removed Pin From Net: NetName=RD- Pin=ANTS ROBOTICS-A17
Removed Pin From Net: NetName=GND Pin=ANTS ROBOTICS-A18
Removed Pin From Net: NetName=USB2-IN-PWR Pin=ANTS ROBOTICS-A19
Removed Pin From Net: NetName=GND Pin=ANTS ROBOTICS-A22
Removed Pin From Net: NetName=GND Pin=ANTS ROBOTICS-A23
Removed Pin From Net: NetName=ENC1-PWR Pin=ANTS ROBOTICS-A24
Removed Pin From Net: NetName=ENC1-A Pin=ANTS ROBOTICS-A25
Removed Pin From Net: NetName=ENC1-B Pin=ANTS ROBOTICS-A26
Removed Pin From Net: NetName=GND Pin=ANTS ROBOTICS-A28
Removed Pin From Net: NetName=ENC4-PWR Pin=ANTS ROBOTICS-A29
Removed Pin From Net: NetName=ENC4-A Pin=ANTS ROBOTICS-A30
Removed Pin From Net: NetName=ENC4-B Pin=ANTS ROBOTICS-A31
Removed Pin From Net: NetName=GND Pin=ANTS ROBOTICS-A33
Removed Pin From Net: NetName=GIGAVAC-NC Pin=ANTS ROBOTICS-A34
Removed Pin From Net: NetName=GND Pin=ANTS ROBOTICS-A35
Removed Pin From Net: NetName=GND Pin=ANTS ROBOTICS-A36
Removed Pin From Net: NetName=GND Pin=ANTS ROBOTICS-A37
Removed Pin From Net: NetName=MOTOR1_CHA Pin=ANTS ROBOTICS-A38
Removed Pin From Net: NetName=MOTOR1_CHA Pin=ANTS ROBOTICS-A39
Removed Pin From Net: NetName=MOTOR1_CHA Pin=ANTS ROBOTICS-A40
Removed Pin From Net: NetName=MOTOR1_CHA Pin=ANTS ROBOTICS-A41
Removed Pin From Net: NetName=MOTOR1_CHA Pin=ANTS ROBOTICS-A42
Removed Pin From Net: NetName=GND Pin=ANTS ROBOTICS-A43
Removed Pin From Net: NetName=GND Pin=ANTS ROBOTICS-A44
Removed Pin From Net: NetName=MOTOR1_CHB Pin=ANTS ROBOTICS-A45
Removed Pin From Net: NetName=MOTOR1_CHB Pin=ANTS ROBOTICS-A46
Removed Pin From Net: NetName=MOTOR1_CHB Pin=ANTS ROBOTICS-A47
Removed Pin From Net: NetName=MOTOR1_CHB Pin=ANTS ROBOTICS-A48
Removed Pin From Net: NetName=MOTOR1_CHB Pin=ANTS ROBOTICS-A49
Removed Pin From Net: NetName=GND Pin=ANTS ROBOTICS-A50
Removed Pin From Net: NetName=GND Pin=ANTS ROBOTICS-A51
Removed Pin From Net: NetName=MOTOR4_CHA Pin=ANTS ROBOTICS-A52
Removed Pin From Net: NetName=MOTOR4_CHA Pin=ANTS ROBOTICS-A53
Removed Pin From Net: NetName=MOTOR4_CHA Pin=ANTS ROBOTICS-A54
Removed Pin From Net: NetName=MOTOR4_CHA Pin=ANTS ROBOTICS-A55
Removed Pin From Net: NetName=MOTOR4_CHA Pin=ANTS ROBOTICS-A56
Removed Pin From Net: NetName=GND Pin=ANTS ROBOTICS-A57
Removed Pin From Net: NetName=GND Pin=ANTS ROBOTICS-A58
Removed Pin From Net: NetName=MOTOR4_CHB Pin=ANTS ROBOTICS-A59
Removed Pin From Net: NetName=MOTOR4_CHB Pin=ANTS ROBOTICS-A60
Removed Pin From Net: NetName=MOTOR4_CHB Pin=ANTS ROBOTICS-A61
Removed Pin From Net: NetName=MOTOR4_CHB Pin=ANTS ROBOTICS-A62
Removed Pin From Net: NetName=MOTOR4_CHB Pin=ANTS ROBOTICS-A63
Removed Pin From Net: NetName=GND Pin=ANTS ROBOTICS-A64
Removed Pin From Net: NetName=GND Pin=ANTS ROBOTICS-A65
Removed Pin From Net: NetName=+24V_MOTOR Pin=ANTS ROBOTICS-A66
Removed Pin From Net: NetName=+24V_MOTOR Pin=ANTS ROBOTICS-A67
Removed Pin From Net: NetName=+24V_MOTOR Pin=ANTS ROBOTICS-A68
Removed Pin From Net: NetName=+24V_MOTOR Pin=ANTS ROBOTICS-A69
Removed Pin From Net: NetName=+24V_MOTOR Pin=ANTS ROBOTICS-A70
Removed Pin From Net: NetName=+24V_MOTOR Pin=ANTS ROBOTICS-A71
Removed Pin From Net: NetName=+24V_MOTOR Pin=ANTS ROBOTICS-A72
Removed Pin From Net: NetName=+24V_MOTOR Pin=ANTS ROBOTICS-A73
Removed Pin From Net: NetName=+24V_MOTOR Pin=ANTS ROBOTICS-A74
Removed Pin From Net: NetName=+24V_MOTOR Pin=ANTS ROBOTICS-A75
Removed Pin From Net: NetName=+24V_MOTOR Pin=ANTS ROBOTICS-A76
Removed Pin From Net: NetName=+24V_MOTOR Pin=ANTS ROBOTICS-A77
Removed Pin From Net: NetName=+24V_MOTOR Pin=ANTS ROBOTICS-A78
Removed Pin From Net: NetName=+24V_MOTOR Pin=ANTS ROBOTICS-A79
Removed Pin From Net: NetName=+24V_MOTOR Pin=ANTS ROBOTICS-A80
Removed Pin From Net: NetName=+24V_MOTOR Pin=ANTS ROBOTICS-A81
Removed Pin From Net: NetName=+24V_MOTOR Pin=ANTS ROBOTICS-A82
Removed Pin From Net: NetName=+24V_DIGITAL Pin=ANTS ROBOTICS-B1
Removed Pin From Net: NetName=+24V_DIGITAL Pin=ANTS ROBOTICS-B2
Removed Pin From Net: NetName=GND Pin=ANTS ROBOTICS-B3
Removed Pin From Net: NetName=GND Pin=ANTS ROBOTICS-B4
Removed Pin From Net: NetName=5V_DIGITAL Pin=ANTS ROBOTICS-B5
Removed Pin From Net: NetName=5V_DIGITAL Pin=ANTS ROBOTICS-B6
Removed Pin From Net: NetName=GND Pin=ANTS ROBOTICS-B7
Removed Pin From Net: NetName=GND Pin=ANTS ROBOTICS-B8
Removed Pin From Net: NetName=3V3_DIGITAL Pin=ANTS ROBOTICS-B9
Removed Pin From Net: NetName=3V3_DIGITAL Pin=ANTS ROBOTICS-B10
Removed Pin From Net: NetName=GND Pin=ANTS ROBOTICS-B11
Removed Pin From Net: NetName=GND Pin=ANTS ROBOTICS-B12
Removed Pin From Net: NetName=TCT Pin=ANTS ROBOTICS-B13
Removed Pin From Net: NetName=RCT Pin=ANTS ROBOTICS-B14
Removed Pin From Net: NetName=GND Pin=ANTS ROBOTICS-B15
Removed Pin From Net: NetName=LINK_LED Pin=ANTS ROBOTICS-B16
Removed Pin From Net: NetName=ACT_LED Pin=ANTS ROBOTICS-B17
Removed Pin From Net: NetName=GND Pin=ANTS ROBOTICS-B18
Removed Pin From Net: NetName=GND Pin=ANTS ROBOTICS-B19
Removed Pin From Net: NetName=ENC2-PWR Pin=ANTS ROBOTICS-B20
Removed Pin From Net: NetName=ENC2-A Pin=ANTS ROBOTICS-B21
Removed Pin From Net: NetName=ENC2-B Pin=ANTS ROBOTICS-B22
Removed Pin From Net: NetName=GND Pin=ANTS ROBOTICS-B24
Removed Pin From Net: NetName=ENC3-PWR Pin=ANTS ROBOTICS-B25
Removed Pin From Net: NetName=ENC3-A Pin=ANTS ROBOTICS-B26
Removed Pin From Net: NetName=ENC3-B Pin=ANTS ROBOTICS-B27
Removed Pin From Net: NetName=GND Pin=ANTS ROBOTICS-B29
Removed Pin From Net: NetName=GND Pin=ANTS ROBOTICS-B30
Removed Pin From Net: NetName=GND Pin=ANTS ROBOTICS-B31
Removed Pin From Net: NetName=GND Pin=ANTS ROBOTICS-B32
Removed Pin From Net: NetName=GND Pin=ANTS ROBOTICS-B33
Removed Pin From Net: NetName=GIGAVAC-NO Pin=ANTS ROBOTICS-B34
Removed Pin From Net: NetName=GND Pin=ANTS ROBOTICS-B35
Removed Pin From Net: NetName=GND Pin=ANTS ROBOTICS-B36
Removed Pin From Net: NetName=GND Pin=ANTS ROBOTICS-B37
Removed Pin From Net: NetName=MOTOR2_CHA Pin=ANTS ROBOTICS-B38
Removed Pin From Net: NetName=MOTOR2_CHA Pin=ANTS ROBOTICS-B39
Removed Pin From Net: NetName=MOTOR2_CHA Pin=ANTS ROBOTICS-B40
Removed Pin From Net: NetName=MOTOR2_CHA Pin=ANTS ROBOTICS-B41
Removed Pin From Net: NetName=MOTOR2_CHA Pin=ANTS ROBOTICS-B42
Removed Pin From Net: NetName=GND Pin=ANTS ROBOTICS-B43
Removed Pin From Net: NetName=GND Pin=ANTS ROBOTICS-B44
Removed Pin From Net: NetName=MOTOR2_CHB Pin=ANTS ROBOTICS-B45
Removed Pin From Net: NetName=MOTOR2_CHB Pin=ANTS ROBOTICS-B46
Removed Pin From Net: NetName=MOTOR2_CHB Pin=ANTS ROBOTICS-B47
Removed Pin From Net: NetName=MOTOR2_CHB Pin=ANTS ROBOTICS-B48
Removed Pin From Net: NetName=MOTOR2_CHB Pin=ANTS ROBOTICS-B49
Removed Pin From Net: NetName=GND Pin=ANTS ROBOTICS-B50
Removed Pin From Net: NetName=GND Pin=ANTS ROBOTICS-B51
Removed Pin From Net: NetName=MOTOR3_CHA Pin=ANTS ROBOTICS-B52
Removed Pin From Net: NetName=MOTOR3_CHA Pin=ANTS ROBOTICS-B53
Removed Pin From Net: NetName=MOTOR3_CHA Pin=ANTS ROBOTICS-B54
Removed Pin From Net: NetName=MOTOR3_CHA Pin=ANTS ROBOTICS-B55
Removed Pin From Net: NetName=MOTOR3_CHA Pin=ANTS ROBOTICS-B56
Removed Pin From Net: NetName=GND Pin=ANTS ROBOTICS-B57
Removed Pin From Net: NetName=GND Pin=ANTS ROBOTICS-B58
Removed Pin From Net: NetName=MOTOR3_CHB Pin=ANTS ROBOTICS-B59
Removed Pin From Net: NetName=MOTOR3_CHB Pin=ANTS ROBOTICS-B60
Removed Pin From Net: NetName=MOTOR3_CHB Pin=ANTS ROBOTICS-B61
Removed Pin From Net: NetName=MOTOR3_CHB Pin=ANTS ROBOTICS-B62
Removed Pin From Net: NetName=MOTOR3_CHB Pin=ANTS ROBOTICS-B63
Removed Pin From Net: NetName=GND Pin=ANTS ROBOTICS-B64
Removed Pin From Net: NetName=GND Pin=ANTS ROBOTICS-B65
Removed Pin From Net: NetName=+24V_MOTOR Pin=ANTS ROBOTICS-B66
Removed Pin From Net: NetName=+24V_MOTOR Pin=ANTS ROBOTICS-B67
Removed Pin From Net: NetName=+24V_MOTOR Pin=ANTS ROBOTICS-B68
Removed Pin From Net: NetName=+24V_MOTOR Pin=ANTS ROBOTICS-B69
Removed Pin From Net: NetName=+24V_MOTOR Pin=ANTS ROBOTICS-B70
Removed Pin From Net: NetName=+24V_MOTOR Pin=ANTS ROBOTICS-B71
Removed Pin From Net: NetName=+24V_MOTOR Pin=ANTS ROBOTICS-B72
Removed Pin From Net: NetName=+24V_MOTOR Pin=ANTS ROBOTICS-B73
Removed Pin From Net: NetName=+24V_MOTOR Pin=ANTS ROBOTICS-B74
Removed Pin From Net: NetName=+24V_MOTOR Pin=ANTS ROBOTICS-B75
Removed Pin From Net: NetName=+24V_MOTOR Pin=ANTS ROBOTICS-B76
Removed Pin From Net: NetName=+24V_MOTOR Pin=ANTS ROBOTICS-B77
Removed Pin From Net: NetName=+24V_MOTOR Pin=ANTS ROBOTICS-B78
Removed Pin From Net: NetName=+24V_MOTOR Pin=ANTS ROBOTICS-B79
Removed Pin From Net: NetName=+24V_MOTOR Pin=ANTS ROBOTICS-B80
Removed Pin From Net: NetName=+24V_MOTOR Pin=ANTS ROBOTICS-B81
Removed Pin From Net: NetName=+24V_MOTOR Pin=ANTS ROBOTICS-B82
