Added Component: Designator=L298P_M1_1(L298P)
Add component (AddParameter): Name = "Case/Package"; Value = "SOIC"; VariantName = "[No Variations]"
Add component (AddParameter): Name = "Collector Emitter Voltage (VCEO)"; Value = "46V"; VariantName = "[No Variations]"
Add component (AddParameter): Name = "Datasheet URL"; Value = "http://www.st.com/content/ccc/resource/technical/document/datasheet/82/cc/3f/39/0a/29/4d/f0/CD00000240.pdf/files/CD00000240.pdf/jcr:content/translations/en.CD00000240.pdf"; VariantName = "[No Variations]"
Add component (AddParameter): Name = "Datasheet Version"; Value = "36526.0"; VariantName = "[No Variations]"
Add component (AddParameter): Name = "Height"; Value = "3.3mm"; VariantName = "[No Variations]"
Add component (AddParameter): Name = "Lead Free"; Value = "LeadFree"; VariantName = "[No Variations]"
Add component (AddParameter): Name = "Length"; Value = "16mm"; VariantName = "[No Variations]"
Add component (AddParameter): Name = "Manufacturer"; Value = "STMicroelectronics"; VariantName = "[No Variations]"
Add component (AddParameter): Name = "Manufacturer URL"; Value = "http://www.st.com/"; VariantName = "[No Variations]"
Add component (AddParameter): Name = "Max Collector Current"; Value = "3A"; VariantName = "[No Variations]"
Add component (AddParameter): Name = "Max Operating Temperature"; Value = "130degC"; VariantName = "[No Variations]"
Add component (AddParameter): Name = "Max Output Current"; Value = "3A"; VariantName = "[No Variations]"
Add component (AddParameter): Name = "Max Supply Voltage"; Value = "46V"; VariantName = "[No Variations]"
Add component (AddParameter): Name = "Min Operating Temperature"; Value = "-25degC"; VariantName = "[No Variations]"
Add component (AddParameter): Name = "Min Supply Voltage"; Value = "4.8V"; VariantName = "[No Variations]"
Add component (AddParameter): Name = "Mount"; Value = "SurfaceMount"; VariantName = "[No Variations]"
Add component (AddParameter): Name = "Number of Channels"; Value = "2"; VariantName = "[No Variations]"
Add component (AddParameter): Name = "Number of Pins"; Value = "20"; VariantName = "[No Variations]"
Add component (AddParameter): Name = "Operating Supply Current"; Value = "13mA"; VariantName = "[No Variations]"
Add component (AddParameter): Name = "Output Current"; Value = "2A"; VariantName = "[No Variations]"
Add component (AddParameter): Name = "Output Current per Channel"; Value = "2A"; VariantName = "[No Variations]"
Add component (AddParameter): Name = "Package Description"; Value = "20-Pin Small Outline Integrated Circuits, Body 15.9 x 11 mm, Pitch 1.27 mm"; VariantName = "[No Variations]"
Add component (AddParameter): Name = "Package Quantity"; Value = "31"; VariantName = "[No Variations]"
Add component (AddParameter): Name = "Package Reference"; Value = "PowerSO20"; VariantName = "[No Variations]"
Add component (AddParameter): Name = "Packaging"; Value = "Rail/Tube"; VariantName = "[No Variations]"
Add component (AddParameter): Name = "Radiation Hardening"; Value = "No"; VariantName = "[No Variations]"
Add component (AddParameter): Name = "RoHSCompliant"; Value = "true"; VariantName = "[No Variations]"
Add component (AddParameter): Name = "Supply Voltage"; Value = "42V"; VariantName = "[No Variations]"
Add component (AddParameter): Name = "Width"; Value = "11.1mm"; VariantName = "[No Variations]"
Added Component: Designator=L298P_M1_2(L298P)
Add component (AddParameter): Name = "Case/Package"; Value = "SOIC"; VariantName = "[No Variations]"
Add component (AddParameter): Name = "Collector Emitter Voltage (VCEO)"; Value = "46V"; VariantName = "[No Variations]"
Add component (AddParameter): Name = "Datasheet URL"; Value = "http://www.st.com/content/ccc/resource/technical/document/datasheet/82/cc/3f/39/0a/29/4d/f0/CD00000240.pdf/files/CD00000240.pdf/jcr:content/translations/en.CD00000240.pdf"; VariantName = "[No Variations]"
Add component (AddParameter): Name = "Datasheet Version"; Value = "36526.0"; VariantName = "[No Variations]"
Add component (AddParameter): Name = "Height"; Value = "3.3mm"; VariantName = "[No Variations]"
Add component (AddParameter): Name = "Lead Free"; Value = "LeadFree"; VariantName = "[No Variations]"
Add component (AddParameter): Name = "Length"; Value = "16mm"; VariantName = "[No Variations]"
Add component (AddParameter): Name = "Manufacturer"; Value = "STMicroelectronics"; VariantName = "[No Variations]"
Add component (AddParameter): Name = "Manufacturer URL"; Value = "http://www.st.com/"; VariantName = "[No Variations]"
Add component (AddParameter): Name = "Max Collector Current"; Value = "3A"; VariantName = "[No Variations]"
Add component (AddParameter): Name = "Max Operating Temperature"; Value = "130degC"; VariantName = "[No Variations]"
Add component (AddParameter): Name = "Max Output Current"; Value = "3A"; VariantName = "[No Variations]"
Add component (AddParameter): Name = "Max Supply Voltage"; Value = "46V"; VariantName = "[No Variations]"
Add component (AddParameter): Name = "Min Operating Temperature"; Value = "-25degC"; VariantName = "[No Variations]"
Add component (AddParameter): Name = "Min Supply Voltage"; Value = "4.8V"; VariantName = "[No Variations]"
Add component (AddParameter): Name = "Mount"; Value = "SurfaceMount"; VariantName = "[No Variations]"
Add component (AddParameter): Name = "Number of Channels"; Value = "2"; VariantName = "[No Variations]"
Add component (AddParameter): Name = "Number of Pins"; Value = "20"; VariantName = "[No Variations]"
Add component (AddParameter): Name = "Operating Supply Current"; Value = "13mA"; VariantName = "[No Variations]"
Add component (AddParameter): Name = "Output Current"; Value = "2A"; VariantName = "[No Variations]"
Add component (AddParameter): Name = "Output Current per Channel"; Value = "2A"; VariantName = "[No Variations]"
Add component (AddParameter): Name = "Package Description"; Value = "20-Pin Small Outline Integrated Circuits, Body 15.9 x 11 mm, Pitch 1.27 mm"; VariantName = "[No Variations]"
Add component (AddParameter): Name = "Package Quantity"; Value = "31"; VariantName = "[No Variations]"
Add component (AddParameter): Name = "Package Reference"; Value = "PowerSO20"; VariantName = "[No Variations]"
Add component (AddParameter): Name = "Packaging"; Value = "Rail/Tube"; VariantName = "[No Variations]"
Add component (AddParameter): Name = "Radiation Hardening"; Value = "No"; VariantName = "[No Variations]"
Add component (AddParameter): Name = "RoHSCompliant"; Value = "true"; VariantName = "[No Variations]"
Add component (AddParameter): Name = "Supply Voltage"; Value = "42V"; VariantName = "[No Variations]"
Add component (AddParameter): Name = "Width"; Value = "11.1mm"; VariantName = "[No Variations]"
Added Component: Designator=L298P_M2_1(L298P)
Add component (AddParameter): Name = "Case/Package"; Value = "SOIC"; VariantName = "[No Variations]"
Add component (AddParameter): Name = "Collector Emitter Voltage (VCEO)"; Value = "46V"; VariantName = "[No Variations]"
Add component (AddParameter): Name = "Datasheet URL"; Value = "http://www.st.com/content/ccc/resource/technical/document/datasheet/82/cc/3f/39/0a/29/4d/f0/CD00000240.pdf/files/CD00000240.pdf/jcr:content/translations/en.CD00000240.pdf"; VariantName = "[No Variations]"
Add component (AddParameter): Name = "Datasheet Version"; Value = "36526.0"; VariantName = "[No Variations]"
Add component (AddParameter): Name = "Height"; Value = "3.3mm"; VariantName = "[No Variations]"
Add component (AddParameter): Name = "Lead Free"; Value = "LeadFree"; VariantName = "[No Variations]"
Add component (AddParameter): Name = "Length"; Value = "16mm"; VariantName = "[No Variations]"
Add component (AddParameter): Name = "Manufacturer"; Value = "STMicroelectronics"; VariantName = "[No Variations]"
Add component (AddParameter): Name = "Manufacturer URL"; Value = "http://www.st.com/"; VariantName = "[No Variations]"
Add component (AddParameter): Name = "Max Collector Current"; Value = "3A"; VariantName = "[No Variations]"
Add component (AddParameter): Name = "Max Operating Temperature"; Value = "130degC"; VariantName = "[No Variations]"
Add component (AddParameter): Name = "Max Output Current"; Value = "3A"; VariantName = "[No Variations]"
Add component (AddParameter): Name = "Max Supply Voltage"; Value = "46V"; VariantName = "[No Variations]"
Add component (AddParameter): Name = "Min Operating Temperature"; Value = "-25degC"; VariantName = "[No Variations]"
Add component (AddParameter): Name = "Min Supply Voltage"; Value = "4.8V"; VariantName = "[No Variations]"
Add component (AddParameter): Name = "Mount"; Value = "SurfaceMount"; VariantName = "[No Variations]"
Add component (AddParameter): Name = "Number of Channels"; Value = "2"; VariantName = "[No Variations]"
Add component (AddParameter): Name = "Number of Pins"; Value = "20"; VariantName = "[No Variations]"
Add component (AddParameter): Name = "Operating Supply Current"; Value = "13mA"; VariantName = "[No Variations]"
Add component (AddParameter): Name = "Output Current"; Value = "2A"; VariantName = "[No Variations]"
Add component (AddParameter): Name = "Output Current per Channel"; Value = "2A"; VariantName = "[No Variations]"
Add component (AddParameter): Name = "Package Description"; Value = "20-Pin Small Outline Integrated Circuits, Body 15.9 x 11 mm, Pitch 1.27 mm"; VariantName = "[No Variations]"
Add component (AddParameter): Name = "Package Quantity"; Value = "31"; VariantName = "[No Variations]"
Add component (AddParameter): Name = "Package Reference"; Value = "PowerSO20"; VariantName = "[No Variations]"
Add component (AddParameter): Name = "Packaging"; Value = "Rail/Tube"; VariantName = "[No Variations]"
Add component (AddParameter): Name = "Radiation Hardening"; Value = "No"; VariantName = "[No Variations]"
Add component (AddParameter): Name = "RoHSCompliant"; Value = "true"; VariantName = "[No Variations]"
Add component (AddParameter): Name = "Supply Voltage"; Value = "42V"; VariantName = "[No Variations]"
Add component (AddParameter): Name = "Width"; Value = "11.1mm"; VariantName = "[No Variations]"
Added Component: Designator=L298P_M2_2(L298P)
Add component (AddParameter): Name = "Case/Package"; Value = "SOIC"; VariantName = "[No Variations]"
Add component (AddParameter): Name = "Collector Emitter Voltage (VCEO)"; Value = "46V"; VariantName = "[No Variations]"
Add component (AddParameter): Name = "Datasheet URL"; Value = "http://www.st.com/content/ccc/resource/technical/document/datasheet/82/cc/3f/39/0a/29/4d/f0/CD00000240.pdf/files/CD00000240.pdf/jcr:content/translations/en.CD00000240.pdf"; VariantName = "[No Variations]"
Add component (AddParameter): Name = "Datasheet Version"; Value = "36526.0"; VariantName = "[No Variations]"
Add component (AddParameter): Name = "Height"; Value = "3.3mm"; VariantName = "[No Variations]"
Add component (AddParameter): Name = "Lead Free"; Value = "LeadFree"; VariantName = "[No Variations]"
Add component (AddParameter): Name = "Length"; Value = "16mm"; VariantName = "[No Variations]"
Add component (AddParameter): Name = "Manufacturer"; Value = "STMicroelectronics"; VariantName = "[No Variations]"
Add component (AddParameter): Name = "Manufacturer URL"; Value = "http://www.st.com/"; VariantName = "[No Variations]"
Add component (AddParameter): Name = "Max Collector Current"; Value = "3A"; VariantName = "[No Variations]"
Add component (AddParameter): Name = "Max Operating Temperature"; Value = "130degC"; VariantName = "[No Variations]"
Add component (AddParameter): Name = "Max Output Current"; Value = "3A"; VariantName = "[No Variations]"
Add component (AddParameter): Name = "Max Supply Voltage"; Value = "46V"; VariantName = "[No Variations]"
Add component (AddParameter): Name = "Min Operating Temperature"; Value = "-25degC"; VariantName = "[No Variations]"
Add component (AddParameter): Name = "Min Supply Voltage"; Value = "4.8V"; VariantName = "[No Variations]"
Add component (AddParameter): Name = "Mount"; Value = "SurfaceMount"; VariantName = "[No Variations]"
Add component (AddParameter): Name = "Number of Channels"; Value = "2"; VariantName = "[No Variations]"
Add component (AddParameter): Name = "Number of Pins"; Value = "20"; VariantName = "[No Variations]"
Add component (AddParameter): Name = "Operating Supply Current"; Value = "13mA"; VariantName = "[No Variations]"
Add component (AddParameter): Name = "Output Current"; Value = "2A"; VariantName = "[No Variations]"
Add component (AddParameter): Name = "Output Current per Channel"; Value = "2A"; VariantName = "[No Variations]"
Add component (AddParameter): Name = "Package Description"; Value = "20-Pin Small Outline Integrated Circuits, Body 15.9 x 11 mm, Pitch 1.27 mm"; VariantName = "[No Variations]"
Add component (AddParameter): Name = "Package Quantity"; Value = "31"; VariantName = "[No Variations]"
Add component (AddParameter): Name = "Package Reference"; Value = "PowerSO20"; VariantName = "[No Variations]"
Add component (AddParameter): Name = "Packaging"; Value = "Rail/Tube"; VariantName = "[No Variations]"
Add component (AddParameter): Name = "Radiation Hardening"; Value = "No"; VariantName = "[No Variations]"
Add component (AddParameter): Name = "RoHSCompliant"; Value = "true"; VariantName = "[No Variations]"
Add component (AddParameter): Name = "Supply Voltage"; Value = "42V"; VariantName = "[No Variations]"
Add component (AddParameter): Name = "Width"; Value = "11.1mm"; VariantName = "[No Variations]"
Added Component: Designator=L298P_M3_1(L298P)
Add component (AddParameter): Name = "Case/Package"; Value = "SOIC"; VariantName = "[No Variations]"
Add component (AddParameter): Name = "Collector Emitter Voltage (VCEO)"; Value = "46V"; VariantName = "[No Variations]"
Add component (AddParameter): Name = "Datasheet URL"; Value = "http://www.st.com/content/ccc/resource/technical/document/datasheet/82/cc/3f/39/0a/29/4d/f0/CD00000240.pdf/files/CD00000240.pdf/jcr:content/translations/en.CD00000240.pdf"; VariantName = "[No Variations]"
Add component (AddParameter): Name = "Datasheet Version"; Value = "36526.0"; VariantName = "[No Variations]"
Add component (AddParameter): Name = "Height"; Value = "3.3mm"; VariantName = "[No Variations]"
Add component (AddParameter): Name = "Lead Free"; Value = "LeadFree"; VariantName = "[No Variations]"
Add component (AddParameter): Name = "Length"; Value = "16mm"; VariantName = "[No Variations]"
Add component (AddParameter): Name = "Manufacturer"; Value = "STMicroelectronics"; VariantName = "[No Variations]"
Add component (AddParameter): Name = "Manufacturer URL"; Value = "http://www.st.com/"; VariantName = "[No Variations]"
Add component (AddParameter): Name = "Max Collector Current"; Value = "3A"; VariantName = "[No Variations]"
Add component (AddParameter): Name = "Max Operating Temperature"; Value = "130degC"; VariantName = "[No Variations]"
Add component (AddParameter): Name = "Max Output Current"; Value = "3A"; VariantName = "[No Variations]"
Add component (AddParameter): Name = "Max Supply Voltage"; Value = "46V"; VariantName = "[No Variations]"
Add component (AddParameter): Name = "Min Operating Temperature"; Value = "-25degC"; VariantName = "[No Variations]"
Add component (AddParameter): Name = "Min Supply Voltage"; Value = "4.8V"; VariantName = "[No Variations]"
Add component (AddParameter): Name = "Mount"; Value = "SurfaceMount"; VariantName = "[No Variations]"
Add component (AddParameter): Name = "Number of Channels"; Value = "2"; VariantName = "[No Variations]"
Add component (AddParameter): Name = "Number of Pins"; Value = "20"; VariantName = "[No Variations]"
Add component (AddParameter): Name = "Operating Supply Current"; Value = "13mA"; VariantName = "[No Variations]"
Add component (AddParameter): Name = "Output Current"; Value = "2A"; VariantName = "[No Variations]"
Add component (AddParameter): Name = "Output Current per Channel"; Value = "2A"; VariantName = "[No Variations]"
Add component (AddParameter): Name = "Package Description"; Value = "20-Pin Small Outline Integrated Circuits, Body 15.9 x 11 mm, Pitch 1.27 mm"; VariantName = "[No Variations]"
Add component (AddParameter): Name = "Package Quantity"; Value = "31"; VariantName = "[No Variations]"
Add component (AddParameter): Name = "Package Reference"; Value = "PowerSO20"; VariantName = "[No Variations]"
Add component (AddParameter): Name = "Packaging"; Value = "Rail/Tube"; VariantName = "[No Variations]"
Add component (AddParameter): Name = "Radiation Hardening"; Value = "No"; VariantName = "[No Variations]"
Add component (AddParameter): Name = "RoHSCompliant"; Value = "true"; VariantName = "[No Variations]"
Add component (AddParameter): Name = "Supply Voltage"; Value = "42V"; VariantName = "[No Variations]"
Add component (AddParameter): Name = "Width"; Value = "11.1mm"; VariantName = "[No Variations]"
Added Component: Designator=L298P_M3_2(L298P)
Add component (AddParameter): Name = "Case/Package"; Value = "SOIC"; VariantName = "[No Variations]"
Add component (AddParameter): Name = "Collector Emitter Voltage (VCEO)"; Value = "46V"; VariantName = "[No Variations]"
Add component (AddParameter): Name = "Datasheet URL"; Value = "http://www.st.com/content/ccc/resource/technical/document/datasheet/82/cc/3f/39/0a/29/4d/f0/CD00000240.pdf/files/CD00000240.pdf/jcr:content/translations/en.CD00000240.pdf"; VariantName = "[No Variations]"
Add component (AddParameter): Name = "Datasheet Version"; Value = "36526.0"; VariantName = "[No Variations]"
Add component (AddParameter): Name = "Height"; Value = "3.3mm"; VariantName = "[No Variations]"
Add component (AddParameter): Name = "Lead Free"; Value = "LeadFree"; VariantName = "[No Variations]"
Add component (AddParameter): Name = "Length"; Value = "16mm"; VariantName = "[No Variations]"
Add component (AddParameter): Name = "Manufacturer"; Value = "STMicroelectronics"; VariantName = "[No Variations]"
Add component (AddParameter): Name = "Manufacturer URL"; Value = "http://www.st.com/"; VariantName = "[No Variations]"
Add component (AddParameter): Name = "Max Collector Current"; Value = "3A"; VariantName = "[No Variations]"
Add component (AddParameter): Name = "Max Operating Temperature"; Value = "130degC"; VariantName = "[No Variations]"
Add component (AddParameter): Name = "Max Output Current"; Value = "3A"; VariantName = "[No Variations]"
Add component (AddParameter): Name = "Max Supply Voltage"; Value = "46V"; VariantName = "[No Variations]"
Add component (AddParameter): Name = "Min Operating Temperature"; Value = "-25degC"; VariantName = "[No Variations]"
Add component (AddParameter): Name = "Min Supply Voltage"; Value = "4.8V"; VariantName = "[No Variations]"
Add component (AddParameter): Name = "Mount"; Value = "SurfaceMount"; VariantName = "[No Variations]"
Add component (AddParameter): Name = "Number of Channels"; Value = "2"; VariantName = "[No Variations]"
Add component (AddParameter): Name = "Number of Pins"; Value = "20"; VariantName = "[No Variations]"
Add component (AddParameter): Name = "Operating Supply Current"; Value = "13mA"; VariantName = "[No Variations]"
Add component (AddParameter): Name = "Output Current"; Value = "2A"; VariantName = "[No Variations]"
Add component (AddParameter): Name = "Output Current per Channel"; Value = "2A"; VariantName = "[No Variations]"
Add component (AddParameter): Name = "Package Description"; Value = "20-Pin Small Outline Integrated Circuits, Body 15.9 x 11 mm, Pitch 1.27 mm"; VariantName = "[No Variations]"
Add component (AddParameter): Name = "Package Quantity"; Value = "31"; VariantName = "[No Variations]"
Add component (AddParameter): Name = "Package Reference"; Value = "PowerSO20"; VariantName = "[No Variations]"
Add component (AddParameter): Name = "Packaging"; Value = "Rail/Tube"; VariantName = "[No Variations]"
Add component (AddParameter): Name = "Radiation Hardening"; Value = "No"; VariantName = "[No Variations]"
Add component (AddParameter): Name = "RoHSCompliant"; Value = "true"; VariantName = "[No Variations]"
Add component (AddParameter): Name = "Supply Voltage"; Value = "42V"; VariantName = "[No Variations]"
Add component (AddParameter): Name = "Width"; Value = "11.1mm"; VariantName = "[No Variations]"
Added Component: Designator=L298P_M4_1(L298P)
Add component (AddParameter): Name = "Case/Package"; Value = "SOIC"; VariantName = "[No Variations]"
Add component (AddParameter): Name = "Collector Emitter Voltage (VCEO)"; Value = "46V"; VariantName = "[No Variations]"
Add component (AddParameter): Name = "Datasheet URL"; Value = "http://www.st.com/content/ccc/resource/technical/document/datasheet/82/cc/3f/39/0a/29/4d/f0/CD00000240.pdf/files/CD00000240.pdf/jcr:content/translations/en.CD00000240.pdf"; VariantName = "[No Variations]"
Add component (AddParameter): Name = "Datasheet Version"; Value = "36526.0"; VariantName = "[No Variations]"
Add component (AddParameter): Name = "Height"; Value = "3.3mm"; VariantName = "[No Variations]"
Add component (AddParameter): Name = "Lead Free"; Value = "LeadFree"; VariantName = "[No Variations]"
Add component (AddParameter): Name = "Length"; Value = "16mm"; VariantName = "[No Variations]"
Add component (AddParameter): Name = "Manufacturer"; Value = "STMicroelectronics"; VariantName = "[No Variations]"
Add component (AddParameter): Name = "Manufacturer URL"; Value = "http://www.st.com/"; VariantName = "[No Variations]"
Add component (AddParameter): Name = "Max Collector Current"; Value = "3A"; VariantName = "[No Variations]"
Add component (AddParameter): Name = "Max Operating Temperature"; Value = "130degC"; VariantName = "[No Variations]"
Add component (AddParameter): Name = "Max Output Current"; Value = "3A"; VariantName = "[No Variations]"
Add component (AddParameter): Name = "Max Supply Voltage"; Value = "46V"; VariantName = "[No Variations]"
Add component (AddParameter): Name = "Min Operating Temperature"; Value = "-25degC"; VariantName = "[No Variations]"
Add component (AddParameter): Name = "Min Supply Voltage"; Value = "4.8V"; VariantName = "[No Variations]"
Add component (AddParameter): Name = "Mount"; Value = "SurfaceMount"; VariantName = "[No Variations]"
Add component (AddParameter): Name = "Number of Channels"; Value = "2"; VariantName = "[No Variations]"
Add component (AddParameter): Name = "Number of Pins"; Value = "20"; VariantName = "[No Variations]"
Add component (AddParameter): Name = "Operating Supply Current"; Value = "13mA"; VariantName = "[No Variations]"
Add component (AddParameter): Name = "Output Current"; Value = "2A"; VariantName = "[No Variations]"
Add component (AddParameter): Name = "Output Current per Channel"; Value = "2A"; VariantName = "[No Variations]"
Add component (AddParameter): Name = "Package Description"; Value = "20-Pin Small Outline Integrated Circuits, Body 15.9 x 11 mm, Pitch 1.27 mm"; VariantName = "[No Variations]"
Add component (AddParameter): Name = "Package Quantity"; Value = "31"; VariantName = "[No Variations]"
Add component (AddParameter): Name = "Package Reference"; Value = "PowerSO20"; VariantName = "[No Variations]"
Add component (AddParameter): Name = "Packaging"; Value = "Rail/Tube"; VariantName = "[No Variations]"
Add component (AddParameter): Name = "Radiation Hardening"; Value = "No"; VariantName = "[No Variations]"
Add component (AddParameter): Name = "RoHSCompliant"; Value = "true"; VariantName = "[No Variations]"
Add component (AddParameter): Name = "Supply Voltage"; Value = "42V"; VariantName = "[No Variations]"
Add component (AddParameter): Name = "Width"; Value = "11.1mm"; VariantName = "[No Variations]"
Added Component: Designator=L298P_M4_2(L298P)
Add component (AddParameter): Name = "Case/Package"; Value = "SOIC"; VariantName = "[No Variations]"
Add component (AddParameter): Name = "Collector Emitter Voltage (VCEO)"; Value = "46V"; VariantName = "[No Variations]"
Add component (AddParameter): Name = "Datasheet URL"; Value = "http://www.st.com/content/ccc/resource/technical/document/datasheet/82/cc/3f/39/0a/29/4d/f0/CD00000240.pdf/files/CD00000240.pdf/jcr:content/translations/en.CD00000240.pdf"; VariantName = "[No Variations]"
Add component (AddParameter): Name = "Datasheet Version"; Value = "36526.0"; VariantName = "[No Variations]"
Add component (AddParameter): Name = "Height"; Value = "3.3mm"; VariantName = "[No Variations]"
Add component (AddParameter): Name = "Lead Free"; Value = "LeadFree"; VariantName = "[No Variations]"
Add component (AddParameter): Name = "Length"; Value = "16mm"; VariantName = "[No Variations]"
Add component (AddParameter): Name = "Manufacturer"; Value = "STMicroelectronics"; VariantName = "[No Variations]"
Add component (AddParameter): Name = "Manufacturer URL"; Value = "http://www.st.com/"; VariantName = "[No Variations]"
Add component (AddParameter): Name = "Max Collector Current"; Value = "3A"; VariantName = "[No Variations]"
Add component (AddParameter): Name = "Max Operating Temperature"; Value = "130degC"; VariantName = "[No Variations]"
Add component (AddParameter): Name = "Max Output Current"; Value = "3A"; VariantName = "[No Variations]"
Add component (AddParameter): Name = "Max Supply Voltage"; Value = "46V"; VariantName = "[No Variations]"
Add component (AddParameter): Name = "Min Operating Temperature"; Value = "-25degC"; VariantName = "[No Variations]"
Add component (AddParameter): Name = "Min Supply Voltage"; Value = "4.8V"; VariantName = "[No Variations]"
Add component (AddParameter): Name = "Mount"; Value = "SurfaceMount"; VariantName = "[No Variations]"
Add component (AddParameter): Name = "Number of Channels"; Value = "2"; VariantName = "[No Variations]"
Add component (AddParameter): Name = "Number of Pins"; Value = "20"; VariantName = "[No Variations]"
Add component (AddParameter): Name = "Operating Supply Current"; Value = "13mA"; VariantName = "[No Variations]"
Add component (AddParameter): Name = "Output Current"; Value = "2A"; VariantName = "[No Variations]"
Add component (AddParameter): Name = "Output Current per Channel"; Value = "2A"; VariantName = "[No Variations]"
Add component (AddParameter): Name = "Package Description"; Value = "20-Pin Small Outline Integrated Circuits, Body 15.9 x 11 mm, Pitch 1.27 mm"; VariantName = "[No Variations]"
Add component (AddParameter): Name = "Package Quantity"; Value = "31"; VariantName = "[No Variations]"
Add component (AddParameter): Name = "Package Reference"; Value = "PowerSO20"; VariantName = "[No Variations]"
Add component (AddParameter): Name = "Packaging"; Value = "Rail/Tube"; VariantName = "[No Variations]"
Add component (AddParameter): Name = "Radiation Hardening"; Value = "No"; VariantName = "[No Variations]"
Add component (AddParameter): Name = "RoHSCompliant"; Value = "true"; VariantName = "[No Variations]"
Add component (AddParameter): Name = "Supply Voltage"; Value = "42V"; VariantName = "[No Variations]"
Add component (AddParameter): Name = "Width"; Value = "11.1mm"; VariantName = "[No Variations]"
Added Pin To Net: NetName=GND Pin=L298P_M1_1-1
Added Pin To Net: NetName=M1-1-SENSE-A Pin=L298P_M1_1-2
Added Pin To Net: NetName=MOTOR1_CHA-RAW Pin=L298P_M1_1-4
Added Pin To Net: NetName=MOTOR1_CHB Pin=L298P_M1_1-5
Added Pin To Net: NetName=+24V_MOTOR Pin=L298P_M1_1-6
Added Pin To Net: NetName=L298P-M1-1-IN1 Pin=L298P_M1_1-7
Added Pin To Net: NetName=MOTOR1_PWM Pin=L298P_M1_1-8
Added Pin To Net: NetName=L298P-M1-1-IN2 Pin=L298P_M1_1-9
Added Pin To Net: NetName=GND Pin=L298P_M1_1-10
Added Pin To Net: NetName=GND Pin=L298P_M1_1-11
Added Pin To Net: NetName=+5V Pin=L298P_M1_1-12
Added Pin To Net: NetName=L298P-M1-1-IN2 Pin=L298P_M1_1-13
Added Pin To Net: NetName=MOTOR1_PWM Pin=L298P_M1_1-14
Added Pin To Net: NetName=L298P-M1-1-IN1 Pin=L298P_M1_1-15
Added Pin To Net: NetName=MOTOR1_CHB Pin=L298P_M1_1-16
Added Pin To Net: NetName=MOTOR1_CHA-RAW Pin=L298P_M1_1-17
Added Pin To Net: NetName=M1-1-SENSE-B Pin=L298P_M1_1-19
Added Pin To Net: NetName=GND Pin=L298P_M1_1-20
Added Pin To Net: NetName=GND Pin=L298P_M1_1-21
Added Pin To Net: NetName=GND Pin=L298P_M1_2-1
Added Pin To Net: NetName=M1-2-SENSE-A Pin=L298P_M1_2-2
Added Pin To Net: NetName=MOTOR1_CHA-RAW Pin=L298P_M1_2-4
Added Pin To Net: NetName=MOTOR1_CHB Pin=L298P_M1_2-5
Added Pin To Net: NetName=+24V_MOTOR Pin=L298P_M1_2-6
Added Pin To Net: NetName=L298P-M1-2-IN1 Pin=L298P_M1_2-7
Added Pin To Net: NetName=MOTOR1_PWM Pin=L298P_M1_2-8
Added Pin To Net: NetName=L298P-M1-2-IN2 Pin=L298P_M1_2-9
Added Pin To Net: NetName=GND Pin=L298P_M1_2-10
Added Pin To Net: NetName=GND Pin=L298P_M1_2-11
Added Pin To Net: NetName=+5V Pin=L298P_M1_2-12
Added Pin To Net: NetName=L298P-M1-2-IN2 Pin=L298P_M1_2-13
Added Pin To Net: NetName=MOTOR1_PWM Pin=L298P_M1_2-14
Added Pin To Net: NetName=L298P-M1-2-IN1 Pin=L298P_M1_2-15
Added Pin To Net: NetName=MOTOR1_CHB Pin=L298P_M1_2-16
Added Pin To Net: NetName=MOTOR1_CHA-RAW Pin=L298P_M1_2-17
Added Pin To Net: NetName=M1-2-SENSE-B Pin=L298P_M1_2-19
Added Pin To Net: NetName=GND Pin=L298P_M1_2-20
Added Pin To Net: NetName=GND Pin=L298P_M1_2-21
Added Pin To Net: NetName=GND Pin=L298P_M2_1-1
Added Pin To Net: NetName=M2-1-SENSE-A Pin=L298P_M2_1-2
Added Pin To Net: NetName=MOTOR2_CHA-RAW Pin=L298P_M2_1-4
Added Pin To Net: NetName=MOTOR2_CHB Pin=L298P_M2_1-5
Added Pin To Net: NetName=+24V_MOTOR Pin=L298P_M2_1-6
Added Pin To Net: NetName=L298P-M2-1-IN1 Pin=L298P_M2_1-7
Added Pin To Net: NetName=MOTOR2_PWM Pin=L298P_M2_1-8
Added Pin To Net: NetName=L298P-M2-1-IN2 Pin=L298P_M2_1-9
Added Pin To Net: NetName=GND Pin=L298P_M2_1-10
Added Pin To Net: NetName=GND Pin=L298P_M2_1-11
Added Pin To Net: NetName=+5V Pin=L298P_M2_1-12
Added Pin To Net: NetName=L298P-M2-1-IN2 Pin=L298P_M2_1-13
Added Pin To Net: NetName=MOTOR2_PWM Pin=L298P_M2_1-14
Added Pin To Net: NetName=L298P-M2-1-IN1 Pin=L298P_M2_1-15
Added Pin To Net: NetName=MOTOR2_CHB Pin=L298P_M2_1-16
Added Pin To Net: NetName=MOTOR2_CHA-RAW Pin=L298P_M2_1-17
Added Pin To Net: NetName=M2-1-SENSE-B Pin=L298P_M2_1-19
Added Pin To Net: NetName=GND Pin=L298P_M2_1-20
Added Pin To Net: NetName=GND Pin=L298P_M2_1-21
Added Pin To Net: NetName=GND Pin=L298P_M2_2-1
Added Pin To Net: NetName=M2-2-SENSE-A Pin=L298P_M2_2-2
Added Pin To Net: NetName=MOTOR2_CHA-RAW Pin=L298P_M2_2-4
Added Pin To Net: NetName=MOTOR2_CHB Pin=L298P_M2_2-5
Added Pin To Net: NetName=+24V_MOTOR Pin=L298P_M2_2-6
Added Pin To Net: NetName=L298P-M2-2-IN1 Pin=L298P_M2_2-7
Added Pin To Net: NetName=MOTOR2_PWM Pin=L298P_M2_2-8
Added Pin To Net: NetName=L298P-M2-2-IN2 Pin=L298P_M2_2-9
Added Pin To Net: NetName=GND Pin=L298P_M2_2-10
Added Pin To Net: NetName=GND Pin=L298P_M2_2-11
Added Pin To Net: NetName=+5V Pin=L298P_M2_2-12
Added Pin To Net: NetName=L298P-M2-2-IN2 Pin=L298P_M2_2-13
Added Pin To Net: NetName=MOTOR2_PWM Pin=L298P_M2_2-14
Added Pin To Net: NetName=L298P-M2-2-IN1 Pin=L298P_M2_2-15
Added Pin To Net: NetName=MOTOR2_CHB Pin=L298P_M2_2-16
Added Pin To Net: NetName=MOTOR2_CHA-RAW Pin=L298P_M2_2-17
Added Pin To Net: NetName=M2-2-SENSE-B Pin=L298P_M2_2-19
Added Pin To Net: NetName=GND Pin=L298P_M2_2-20
Added Pin To Net: NetName=GND Pin=L298P_M2_2-21
Added Pin To Net: NetName=GND Pin=L298P_M3_1-1
Added Pin To Net: NetName=M3-1-SENSE-A Pin=L298P_M3_1-2
Added Pin To Net: NetName=MOTOR3_CHA-RAW Pin=L298P_M3_1-4
Added Pin To Net: NetName=MOTOR3_CHB Pin=L298P_M3_1-5
Added Pin To Net: NetName=+24V_MOTOR Pin=L298P_M3_1-6
Added Pin To Net: NetName=L298P-M3-1-IN1 Pin=L298P_M3_1-7
Added Pin To Net: NetName=MOTOR3_PWM Pin=L298P_M3_1-8
Added Pin To Net: NetName=L298P-M3-1-IN2 Pin=L298P_M3_1-9
Added Pin To Net: NetName=GND Pin=L298P_M3_1-10
Added Pin To Net: NetName=GND Pin=L298P_M3_1-11
Added Pin To Net: NetName=+5V Pin=L298P_M3_1-12
Added Pin To Net: NetName=L298P-M3-1-IN2 Pin=L298P_M3_1-13
Added Pin To Net: NetName=MOTOR3_PWM Pin=L298P_M3_1-14
Added Pin To Net: NetName=L298P-M3-1-IN1 Pin=L298P_M3_1-15
Added Pin To Net: NetName=MOTOR3_CHB Pin=L298P_M3_1-16
Added Pin To Net: NetName=MOTOR3_CHA-RAW Pin=L298P_M3_1-17
Added Pin To Net: NetName=M3-1-SENSE-B Pin=L298P_M3_1-19
Added Pin To Net: NetName=GND Pin=L298P_M3_1-20
Added Pin To Net: NetName=GND Pin=L298P_M3_1-21
Added Pin To Net: NetName=GND Pin=L298P_M3_2-1
Added Pin To Net: NetName=M3-2-SENSE-A Pin=L298P_M3_2-2
Added Pin To Net: NetName=MOTOR3_CHA-RAW Pin=L298P_M3_2-4
Added Pin To Net: NetName=MOTOR3_CHB Pin=L298P_M3_2-5
Added Pin To Net: NetName=+24V_MOTOR Pin=L298P_M3_2-6
Added Pin To Net: NetName=L298P-M3-2-IN1 Pin=L298P_M3_2-7
Added Pin To Net: NetName=MOTOR3_PWM Pin=L298P_M3_2-8
Added Pin To Net: NetName=L298P-M3-2-IN2 Pin=L298P_M3_2-9
Added Pin To Net: NetName=GND Pin=L298P_M3_2-10
Added Pin To Net: NetName=GND Pin=L298P_M3_2-11
Added Pin To Net: NetName=+5V Pin=L298P_M3_2-12
Added Pin To Net: NetName=L298P-M3-2-IN2 Pin=L298P_M3_2-13
Added Pin To Net: NetName=MOTOR3_PWM Pin=L298P_M3_2-14
Added Pin To Net: NetName=L298P-M3-2-IN1 Pin=L298P_M3_2-15
Added Pin To Net: NetName=MOTOR3_CHB Pin=L298P_M3_2-16
Added Pin To Net: NetName=MOTOR3_CHA-RAW Pin=L298P_M3_2-17
Added Pin To Net: NetName=M3-2-SENSE-B Pin=L298P_M3_2-19
Added Pin To Net: NetName=GND Pin=L298P_M3_2-20
Added Pin To Net: NetName=GND Pin=L298P_M3_2-21
Added Pin To Net: NetName=GND Pin=L298P_M4_1-1
Added Pin To Net: NetName=M4-1-SENSE-A Pin=L298P_M4_1-2
Added Pin To Net: NetName=MOTOR4_CHA-RAW Pin=L298P_M4_1-4
Added Pin To Net: NetName=MOTOR4_CHB Pin=L298P_M4_1-5
Added Pin To Net: NetName=+24V_MOTOR Pin=L298P_M4_1-6
Added Pin To Net: NetName=L298P-M4-1-IN1 Pin=L298P_M4_1-7
Added Pin To Net: NetName=MOTOR4_PWM Pin=L298P_M4_1-8
Added Pin To Net: NetName=L298P-M4-1-IN2 Pin=L298P_M4_1-9
Added Pin To Net: NetName=GND Pin=L298P_M4_1-10
Added Pin To Net: NetName=GND Pin=L298P_M4_1-11
Added Pin To Net: NetName=+5V Pin=L298P_M4_1-12
Added Pin To Net: NetName=L298P-M4-1-IN2 Pin=L298P_M4_1-13
Added Pin To Net: NetName=MOTOR4_PWM Pin=L298P_M4_1-14
Added Pin To Net: NetName=L298P-M4-1-IN1 Pin=L298P_M4_1-15
Added Pin To Net: NetName=MOTOR4_CHB Pin=L298P_M4_1-16
Added Pin To Net: NetName=MOTOR4_CHA-RAW Pin=L298P_M4_1-17
Added Pin To Net: NetName=M4-1-SENSE-B Pin=L298P_M4_1-19
Added Pin To Net: NetName=GND Pin=L298P_M4_1-20
Added Pin To Net: NetName=GND Pin=L298P_M4_1-21
Added Pin To Net: NetName=GND Pin=L298P_M4_2-1
Added Pin To Net: NetName=M4-2-SENSE-A Pin=L298P_M4_2-2
Added Pin To Net: NetName=MOTOR4_CHA-RAW Pin=L298P_M4_2-4
Added Pin To Net: NetName=MOTOR4_CHB Pin=L298P_M4_2-5
Added Pin To Net: NetName=+24V_MOTOR Pin=L298P_M4_2-6
Added Pin To Net: NetName=L298P-M4-2-IN1 Pin=L298P_M4_2-7
Added Pin To Net: NetName=MOTOR4_PWM Pin=L298P_M4_2-8
Added Pin To Net: NetName=L298P-M4-2-IN2 Pin=L298P_M4_2-9
Added Pin To Net: NetName=GND Pin=L298P_M4_2-10
Added Pin To Net: NetName=GND Pin=L298P_M4_2-11
Added Pin To Net: NetName=+5V Pin=L298P_M4_2-12
Added Pin To Net: NetName=L298P-M4-2-IN2 Pin=L298P_M4_2-13
Added Pin To Net: NetName=MOTOR4_PWM Pin=L298P_M4_2-14
Added Pin To Net: NetName=L298P-M4-2-IN1 Pin=L298P_M4_2-15
Added Pin To Net: NetName=MOTOR4_CHB Pin=L298P_M4_2-16
Added Pin To Net: NetName=MOTOR4_CHA-RAW Pin=L298P_M4_2-17
Added Pin To Net: NetName=M4-2-SENSE-B Pin=L298P_M4_2-19
Added Pin To Net: NetName=GND Pin=L298P_M4_2-20
Added Pin To Net: NetName=GND Pin=L298P_M4_2-21
Added Member To Class: ClassName=MOTOR1 Member=Component L298P_M1_1 L298P
Added Member To Class: ClassName=MOTOR1 Member=Component L298P_M1_2 L298P
Added Member To Class: ClassName=MOTOR2 Member=Component L298P_M2_1 L298P
Added Member To Class: ClassName=MOTOR2 Member=Component L298P_M2_2 L298P
Added Member To Class: ClassName=MOTOR3 Member=Component L298P_M3_1 L298P
Added Member To Class: ClassName=MOTOR3 Member=Component L298P_M3_2 L298P
Added Member To Class: ClassName=MOTOR4 Member=Component L298P_M4_1 L298P
Added Member To Class: ClassName=MOTOR4 Member=Component L298P_M4_2 L298P
