Removed Pin From Net: NetName=+24V_MOTOR Pin=C36-1
Removed Pin From Net: NetName=GND Pin=C36-2
Removed Pin From Net: NetName=+5V Pin=C37-1
Removed Pin From Net: NetName=GND Pin=C37-2
Removed Pin From Net: NetName=+24V_MOTOR Pin=C38-1
Removed Pin From Net: NetName=GND Pin=C38-2
Removed Pin From Net: NetName=+5V Pin=C39-1
Removed Pin From Net: NetName=GND Pin=C39-2
Removed Pin From Net: NetName=+24V_MOTOR Pin=C40-1
Removed Pin From Net: NetName=GND Pin=C40-2
Removed Pin From Net: NetName=+5V Pin=C41-1
Removed Pin From Net: NetName=GND Pin=C41-2
Removed Pin From Net: NetName=+24V_MOTOR Pin=C42-1
Removed Pin From Net: NetName=GND Pin=C42-2
Removed Pin From Net: NetName=+5V Pin=C43-1
Removed Pin From Net: NetName=GND Pin=C43-2
Removed Pin From Net: NetName=+24V_MOTOR Pin=C44-1
Removed Pin From Net: NetName=GND Pin=C44-2
Removed Pin From Net: NetName=+5V Pin=C45-1
Removed Pin From Net: NetName=GND Pin=C45-2
Removed Pin From Net: NetName=+24V_MOTOR Pin=C46-1
Removed Pin From Net: NetName=GND Pin=C46-2
Removed Pin From Net: NetName=+5V Pin=C47-1
Removed Pin From Net: NetName=GND Pin=C47-2
Removed Pin From Net: NetName=+24V_MOTOR Pin=C48-1
Removed Pin From Net: NetName=GND Pin=C48-2
Removed Pin From Net: NetName=+5V Pin=C49-1
Removed Pin From Net: NetName=GND Pin=C49-2
Removed Pin From Net: NetName=+24V_MOTOR Pin=C50-1
Removed Pin From Net: NetName=GND Pin=C50-2
Removed Pin From Net: NetName=+5V Pin=C51-1
Removed Pin From Net: NetName=GND Pin=C51-2
Removed Pin From Net: NetName=+24V_MOTOR Pin=D1-2
Removed Pin From Net: NetName=MOTOR1_CHB Pin=D2-1
Removed Pin From Net: NetName=+24V_MOTOR Pin=D2-2
Removed Pin From Net: NetName=GND Pin=D5-1
Removed Pin From Net: NetName=GND Pin=D6-1
Removed Pin From Net: NetName=MOTOR1_CHB Pin=D6-2
Removed Pin From Net: NetName=+24V_MOTOR Pin=D17-2
Removed Pin From Net: NetName=MOTOR2_CHB Pin=D18-1
Removed Pin From Net: NetName=+24V_MOTOR Pin=D18-2
Removed Pin From Net: NetName=GND Pin=D21-1
Removed Pin From Net: NetName=GND Pin=D22-1
Removed Pin From Net: NetName=MOTOR2_CHB Pin=D22-2
Removed Pin From Net: NetName=+24V_MOTOR Pin=D33-2
Removed Pin From Net: NetName=MOTOR3_CHB Pin=D34-1
Removed Pin From Net: NetName=+24V_MOTOR Pin=D34-2
Removed Pin From Net: NetName=GND Pin=D37-1
Removed Pin From Net: NetName=GND Pin=D38-1
Removed Pin From Net: NetName=MOTOR3_CHB Pin=D38-2
Removed Pin From Net: NetName=+24V_MOTOR Pin=D49-2
Removed Pin From Net: NetName=MOTOR4_CHB Pin=D50-1
Removed Pin From Net: NetName=+24V_MOTOR Pin=D50-2
Removed Pin From Net: NetName=GND Pin=D53-1
Removed Pin From Net: NetName=GND Pin=D54-1
Removed Pin From Net: NetName=MOTOR4_CHB Pin=D54-2
Removed Pin From Net: NetName=MOTOR1_CHA Pin=FUSE-M1-3
Removed Pin From Net: NetName=MOTOR1_CHA Pin=FUSE-M1-4
Removed Pin From Net: NetName=MOTOR2_CHA Pin=FUSE-M2-3
Removed Pin From Net: NetName=MOTOR2_CHA Pin=FUSE-M2-4
Removed Pin From Net: NetName=MOTOR3_CHA Pin=FUSE-M3-3
Removed Pin From Net: NetName=MOTOR3_CHA Pin=FUSE-M3-4
Removed Pin From Net: NetName=MOTOR4_CHA Pin=FUSE-M4-3
Removed Pin From Net: NetName=MOTOR4_CHA Pin=FUSE-M4-4
Removed Pin From Net: NetName=GND Pin=L298P_M1_1-1
Removed Pin From Net: NetName=MOTOR1_CHB Pin=L298P_M1_1-5
Removed Pin From Net: NetName=+24V_MOTOR Pin=L298P_M1_1-6
Removed Pin From Net: NetName=L298P-M1-1-IN1 Pin=L298P_M1_1-7
Removed Pin From Net: NetName=MOTOR1_PWM Pin=L298P_M1_1-8
Removed Pin From Net: NetName=L298P-M1-1-IN2 Pin=L298P_M1_1-9
Removed Pin From Net: NetName=GND Pin=L298P_M1_1-10
Removed Pin From Net: NetName=GND Pin=L298P_M1_1-11
Removed Pin From Net: NetName=+5V Pin=L298P_M1_1-12
Removed Pin From Net: NetName=L298P-M1-1-IN2 Pin=L298P_M1_1-13
Removed Pin From Net: NetName=MOTOR1_PWM Pin=L298P_M1_1-14
Removed Pin From Net: NetName=L298P-M1-1-IN1 Pin=L298P_M1_1-15
Removed Pin From Net: NetName=MOTOR1_CHB Pin=L298P_M1_1-16
Removed Pin From Net: NetName=GND Pin=L298P_M1_1-20
Removed Pin From Net: NetName=GND Pin=L298P_M1_1-21
Removed Pin From Net: NetName=GND Pin=L298P_M1_2-1
Removed Pin From Net: NetName=MOTOR1_CHB Pin=L298P_M1_2-5
Removed Pin From Net: NetName=+24V_MOTOR Pin=L298P_M1_2-6
Removed Pin From Net: NetName=L298P-M1-1-IN1 Pin=L298P_M1_2-7
Removed Pin From Net: NetName=MOTOR1_PWM Pin=L298P_M1_2-8
Removed Pin From Net: NetName=L298P-M1-1-IN2 Pin=L298P_M1_2-9
Removed Pin From Net: NetName=GND Pin=L298P_M1_2-10
Removed Pin From Net: NetName=GND Pin=L298P_M1_2-11
Removed Pin From Net: NetName=+5V Pin=L298P_M1_2-12
Removed Pin From Net: NetName=L298P-M1-1-IN2 Pin=L298P_M1_2-13
Removed Pin From Net: NetName=MOTOR1_PWM Pin=L298P_M1_2-14
Removed Pin From Net: NetName=L298P-M1-1-IN1 Pin=L298P_M1_2-15
Removed Pin From Net: NetName=MOTOR1_CHB Pin=L298P_M1_2-16
Removed Pin From Net: NetName=GND Pin=L298P_M1_2-20
Removed Pin From Net: NetName=GND Pin=L298P_M1_2-21
Removed Pin From Net: NetName=GND Pin=L298P_M2_1-1
Removed Pin From Net: NetName=MOTOR2_CHB Pin=L298P_M2_1-5
Removed Pin From Net: NetName=+24V_MOTOR Pin=L298P_M2_1-6
Removed Pin From Net: NetName=L298P-M2-1-IN1 Pin=L298P_M2_1-7
Removed Pin From Net: NetName=MOTOR2_PWM Pin=L298P_M2_1-8
Removed Pin From Net: NetName=L298P-M2-1-IN2 Pin=L298P_M2_1-9
Removed Pin From Net: NetName=GND Pin=L298P_M2_1-10
Removed Pin From Net: NetName=GND Pin=L298P_M2_1-11
Removed Pin From Net: NetName=+5V Pin=L298P_M2_1-12
Removed Pin From Net: NetName=L298P-M2-1-IN2 Pin=L298P_M2_1-13
Removed Pin From Net: NetName=MOTOR2_PWM Pin=L298P_M2_1-14
Removed Pin From Net: NetName=L298P-M2-1-IN1 Pin=L298P_M2_1-15
Removed Pin From Net: NetName=MOTOR2_CHB Pin=L298P_M2_1-16
Removed Pin From Net: NetName=GND Pin=L298P_M2_1-20
Removed Pin From Net: NetName=GND Pin=L298P_M2_1-21
Removed Pin From Net: NetName=GND Pin=L298P_M2_2-1
Removed Pin From Net: NetName=MOTOR2_CHB Pin=L298P_M2_2-5
Removed Pin From Net: NetName=+24V_MOTOR Pin=L298P_M2_2-6
Removed Pin From Net: NetName=L298P-M2-1-IN1 Pin=L298P_M2_2-7
Removed Pin From Net: NetName=MOTOR2_PWM Pin=L298P_M2_2-8
Removed Pin From Net: NetName=L298P-M2-1-IN2 Pin=L298P_M2_2-9
Removed Pin From Net: NetName=GND Pin=L298P_M2_2-10
Removed Pin From Net: NetName=GND Pin=L298P_M2_2-11
Removed Pin From Net: NetName=+5V Pin=L298P_M2_2-12
Removed Pin From Net: NetName=L298P-M2-1-IN2 Pin=L298P_M2_2-13
Removed Pin From Net: NetName=MOTOR2_PWM Pin=L298P_M2_2-14
Removed Pin From Net: NetName=L298P-M2-1-IN1 Pin=L298P_M2_2-15
Removed Pin From Net: NetName=MOTOR2_CHB Pin=L298P_M2_2-16
Removed Pin From Net: NetName=GND Pin=L298P_M2_2-20
Removed Pin From Net: NetName=GND Pin=L298P_M2_2-21
Removed Pin From Net: NetName=GND Pin=L298P_M3_1-1
Removed Pin From Net: NetName=MOTOR3_CHB Pin=L298P_M3_1-5
Removed Pin From Net: NetName=+24V_MOTOR Pin=L298P_M3_1-6
Removed Pin From Net: NetName=L298P-M3-1-IN1 Pin=L298P_M3_1-7
Removed Pin From Net: NetName=MOTOR3_PWM Pin=L298P_M3_1-8
Removed Pin From Net: NetName=L298P-M3-1-IN2 Pin=L298P_M3_1-9
Removed Pin From Net: NetName=GND Pin=L298P_M3_1-10
Removed Pin From Net: NetName=GND Pin=L298P_M3_1-11
Removed Pin From Net: NetName=+5V Pin=L298P_M3_1-12
Removed Pin From Net: NetName=L298P-M3-1-IN2 Pin=L298P_M3_1-13
Removed Pin From Net: NetName=MOTOR3_PWM Pin=L298P_M3_1-14
Removed Pin From Net: NetName=L298P-M3-1-IN1 Pin=L298P_M3_1-15
Removed Pin From Net: NetName=MOTOR3_CHB Pin=L298P_M3_1-16
Removed Pin From Net: NetName=GND Pin=L298P_M3_1-20
Removed Pin From Net: NetName=GND Pin=L298P_M3_1-21
Removed Pin From Net: NetName=GND Pin=L298P_M3_2-1
Removed Pin From Net: NetName=MOTOR3_CHB Pin=L298P_M3_2-5
Removed Pin From Net: NetName=+24V_MOTOR Pin=L298P_M3_2-6
Removed Pin From Net: NetName=L298P-M3-1-IN1 Pin=L298P_M3_2-7
Removed Pin From Net: NetName=MOTOR3_PWM Pin=L298P_M3_2-8
Removed Pin From Net: NetName=L298P-M3-1-IN2 Pin=L298P_M3_2-9
Removed Pin From Net: NetName=GND Pin=L298P_M3_2-10
Removed Pin From Net: NetName=GND Pin=L298P_M3_2-11
Removed Pin From Net: NetName=+5V Pin=L298P_M3_2-12
Removed Pin From Net: NetName=L298P-M3-1-IN2 Pin=L298P_M3_2-13
Removed Pin From Net: NetName=MOTOR3_PWM Pin=L298P_M3_2-14
Removed Pin From Net: NetName=L298P-M3-1-IN1 Pin=L298P_M3_2-15
Removed Pin From Net: NetName=MOTOR3_CHB Pin=L298P_M3_2-16
Removed Pin From Net: NetName=GND Pin=L298P_M3_2-20
Removed Pin From Net: NetName=GND Pin=L298P_M3_2-21
Removed Pin From Net: NetName=GND Pin=L298P_M4_1-1
Removed Pin From Net: NetName=MOTOR4_CHB Pin=L298P_M4_1-5
Removed Pin From Net: NetName=+24V_MOTOR Pin=L298P_M4_1-6
Removed Pin From Net: NetName=L298P-M4-1-IN1 Pin=L298P_M4_1-7
Removed Pin From Net: NetName=MOTOR4_PWM Pin=L298P_M4_1-8
Removed Pin From Net: NetName=L298P-M4-1-IN2 Pin=L298P_M4_1-9
Removed Pin From Net: NetName=GND Pin=L298P_M4_1-10
Removed Pin From Net: NetName=GND Pin=L298P_M4_1-11
Removed Pin From Net: NetName=+5V Pin=L298P_M4_1-12
Removed Pin From Net: NetName=L298P-M4-1-IN2 Pin=L298P_M4_1-13
Removed Pin From Net: NetName=MOTOR4_PWM Pin=L298P_M4_1-14
Removed Pin From Net: NetName=L298P-M4-1-IN1 Pin=L298P_M4_1-15
Removed Pin From Net: NetName=MOTOR4_CHB Pin=L298P_M4_1-16
Removed Pin From Net: NetName=GND Pin=L298P_M4_1-20
Removed Pin From Net: NetName=GND Pin=L298P_M4_1-21
Removed Pin From Net: NetName=GND Pin=L298P_M4_2-1
Removed Pin From Net: NetName=MOTOR4_CHB Pin=L298P_M4_2-5
Removed Pin From Net: NetName=+24V_MOTOR Pin=L298P_M4_2-6
Removed Pin From Net: NetName=L298P-M4-1-IN1 Pin=L298P_M4_2-7
Removed Pin From Net: NetName=MOTOR4_PWM Pin=L298P_M4_2-8
Removed Pin From Net: NetName=L298P-M4-1-IN2 Pin=L298P_M4_2-9
Removed Pin From Net: NetName=GND Pin=L298P_M4_2-10
Removed Pin From Net: NetName=GND Pin=L298P_M4_2-11
Removed Pin From Net: NetName=+5V Pin=L298P_M4_2-12
Removed Pin From Net: NetName=L298P-M4-1-IN2 Pin=L298P_M4_2-13
Removed Pin From Net: NetName=MOTOR4_PWM Pin=L298P_M4_2-14
Removed Pin From Net: NetName=L298P-M4-1-IN1 Pin=L298P_M4_2-15
Removed Pin From Net: NetName=MOTOR4_CHB Pin=L298P_M4_2-16
Removed Pin From Net: NetName=GND Pin=L298P_M4_2-20
Removed Pin From Net: NetName=GND Pin=L298P_M4_2-21
Removed Pin From Net: NetName=GND Pin=R40-1
Removed Pin From Net: NetName=GND Pin=R41-1
Removed Pin From Net: NetName=GND Pin=R42-1
Removed Pin From Net: NetName=GND Pin=R43-1
Removed Pin From Net: NetName=GND Pin=R44-1
Removed Pin From Net: NetName=GND Pin=R45-1
Removed Pin From Net: NetName=GND Pin=R46-1
Removed Pin From Net: NetName=GND Pin=R47-1
Removed Pin From Net: NetName=GND Pin=R48-1
Removed Pin From Net: NetName=GND Pin=R49-1
Removed Pin From Net: NetName=GND Pin=R50-1
Removed Pin From Net: NetName=GND Pin=R51-1
Removed Pin From Net: NetName=GND Pin=R52-1
Removed Pin From Net: NetName=GND Pin=R53-1
Removed Pin From Net: NetName=GND Pin=R54-1
Removed Pin From Net: NetName=GND Pin=R55-1
