Removed Pin From Net: NetName=NetD5_1 Pin=L4-1
Removed Pin From Net: NetName=NetC45_2 Pin=L4-2
Change Component Footprint: Designator=L3 Old Footprint=FP-IHLP-6767GZ-FP_3_825x1-MFG New Footprint=VISH-IHLP4040DZER101M11_V
Change Component Footprint: Designator=L4 Old Footprint=FP-IHLP-6767GZ-FP_3_825x1-MFG New Footprint=VISH-IHLP4040DZER101M11_V
Change Component Comment : Designator=L3 Old Comment=IHLP6767GZER101M11 New Comment=IHLP4040DZER101M11
Change Component Comment : Designator=L4 Old Comment=IHLP6767GZER101M11 New Comment=IHLP4040DZER101M11
Change Managed Component Library Link : Designator=L3 Old VaultGUID=B7D15EC3-160A-466F-A46C-7801FE6295A7 New VaultGUID=B7D15EC3-160A-466F-A46C-7801FE6295A7 Old ItemGUID=3B3EA9EB-7EA5-44FB-8E40-F7A2C0B06695 New ItemGUID=1FB4DD0B-4A73-494A-AEB1-9CCD3A110399 Old RevisionGUID=DE8522AB-B6E4-45E5-8E6C-DA49CD266689 New RevisionGUID=903E7462-A797-413F-A41F-4EC2CC7F5E18
Change Managed Component Library Link : Designator=L4 Old VaultGUID=B7D15EC3-160A-466F-A46C-7801FE6295A7 New VaultGUID=B7D15EC3-160A-466F-A46C-7801FE6295A7 Old ItemGUID=3B3EA9EB-7EA5-44FB-8E40-F7A2C0B06695 New ItemGUID=1FB4DD0B-4A73-494A-AEB1-9CCD3A110399 Old RevisionGUID=DE8522AB-B6E4-45E5-8E6C-DA49CD266689 New RevisionGUID=903E7462-A797-413F-A41F-4EC2CC7F5E18
Change component parameters: Designator = "L3" ("L3"); Footprint = "FP-IHLP-6767GZ-FP_3_825x1-MFG"; UniqueID = "\APPWFVTD" ("\APPWFVTD")
Change component parameters (AddParameter): Name = "Brand"; Value = "Vishay/Dale"; VariantName = "[No Variations]"
Change component parameters (AddParameter): Name = "Datasheet URL"; Value = "http://www.vishay.com/docs/34192/lp40dz11.pdf"; VariantName = "[No Variations]"
Change component parameters (AddParameter): Name = "Datasheet Version"; Value = "08/2015"; VariantName = "[No Variations]"
Change component parameters (AddParameter): Name = "Factory Pack Quantity"; Value = "500"; VariantName = "[No Variations]"
Change component parameters (AddParameter): Name = "Height"; Value = "4mm"; VariantName = "[No Variations]"
Change component parameters (AddParameter): Name = "Inductance"; Value = "100uH"; VariantName = "[No Variations]"
Change component parameters (AddParameter): Name = "Length"; Value = "10.3mm"; VariantName = "[No Variations]"
Change component parameters (AddParameter): Name = "Manufacturer"; Value = "Vishay"; VariantName = "[No Variations]"
Change component parameters (AddParameter): Name = "Manufacturer URL"; Value = "http://www.vishay.com/"; VariantName = "[No Variations]"
Change component parameters (AddParameter): Name = "Maximum DC Current"; Value = "2.25A"; VariantName = "[No Variations]"
Change component parameters (AddParameter): Name = "Maximum DC Resistance"; Value = "270mOhms"; VariantName = "[No Variations]"
Change component parameters (AddParameter): Name = "Mounting Style"; Value = "SMD/SMT"; VariantName = "[No Variations]"
Change component parameters (AddParameter): Name = "Mounting Technology"; Value = "SurfaceMount"; VariantName = "[No Variations]"
Change component parameters (AddParameter): Name = "Operating Temperature Range"; Value = "-55Cto+125C"; VariantName = "[No Variations]"
Change component parameters (AddParameter): Name = "Package / Case"; Value = "4040"; VariantName = "[No Variations]"
Change component parameters (AddParameter): Name = "Package Description"; Value = "2-Pin Surface Mount Device, Body 10.3 x 10.3 mm"; VariantName = "[No Variations]"
Change component parameters (AddParameter): Name = "Package Reference"; Value = "IHLP4040DZER101M11"; VariantName = "[No Variations]"
Change component parameters (AddParameter): Name = "Packaging"; Value = "Reel"; VariantName = "[No Variations]"
Change component parameters (AddParameter): Name = "Product"; Value = "PowerInductors"; VariantName = "[No Variations]"
Change component parameters (AddParameter): Name = "Product Category"; Value = "FixedInductors"; VariantName = "[No Variations]"
Change component parameters (AddParameter): Name = "Qualification"; Value = "AEC-Q200"; VariantName = "[No Variations]"
Change component parameters (AddParameter): Name = "RoHS"; Value = "True"; VariantName = "[No Variations]"
Change component parameters (AddParameter): Name = "Series"; Value = "IHLP-4040DZ-11"; VariantName = "[No Variations]"
Change component parameters (AddParameter): Name = "Shielding"; Value = "Shielded"; VariantName = "[No Variations]"
Change component parameters (AddParameter): Name = "Termination Style"; Value = "SMD/SMT"; VariantName = "[No Variations]"
Change component parameters (AddParameter): Name = "Test Frequency"; Value = "100kHz"; VariantName = "[No Variations]"
Change component parameters (AddParameter): Name = "Tolerance"; Value = "20%"; VariantName = "[No Variations]"
Change component parameters (AddParameter): Name = "Tradename"; Value = "IHLP"; VariantName = "[No Variations]"
Change component parameters (AddParameter): Name = "Type"; Value = "LowProfileHighCurrentIHLPInductor"; VariantName = "[No Variations]"
Change component parameters (AddParameter): Name = "Unit Weight"; Value = "0.070548oz"; VariantName = "[No Variations]"
Change component parameters (AddParameter): Name = "Width"; Value = "10.3mm"; VariantName = "[No Variations]"
Change component parameters: Designator = "L4" ("L4"); Footprint = "FP-IHLP-6767GZ-FP_3_825x1-MFG"; UniqueID = "\BQIIZFOA" ("\BQIIZFOA")
Change component parameters (AddParameter): Name = "Brand"; Value = "Vishay/Dale"; VariantName = "[No Variations]"
Change component parameters (AddParameter): Name = "Datasheet URL"; Value = "http://www.vishay.com/docs/34192/lp40dz11.pdf"; VariantName = "[No Variations]"
Change component parameters (AddParameter): Name = "Datasheet Version"; Value = "08/2015"; VariantName = "[No Variations]"
Change component parameters (AddParameter): Name = "Factory Pack Quantity"; Value = "500"; VariantName = "[No Variations]"
Change component parameters (AddParameter): Name = "Height"; Value = "4mm"; VariantName = "[No Variations]"
Change component parameters (AddParameter): Name = "Inductance"; Value = "100uH"; VariantName = "[No Variations]"
Change component parameters (AddParameter): Name = "Length"; Value = "10.3mm"; VariantName = "[No Variations]"
Change component parameters (AddParameter): Name = "Manufacturer"; Value = "Vishay"; VariantName = "[No Variations]"
Change component parameters (AddParameter): Name = "Manufacturer URL"; Value = "http://www.vishay.com/"; VariantName = "[No Variations]"
Change component parameters (AddParameter): Name = "Maximum DC Current"; Value = "2.25A"; VariantName = "[No Variations]"
Change component parameters (AddParameter): Name = "Maximum DC Resistance"; Value = "270mOhms"; VariantName = "[No Variations]"
Change component parameters (AddParameter): Name = "Mounting Style"; Value = "SMD/SMT"; VariantName = "[No Variations]"
Change component parameters (AddParameter): Name = "Mounting Technology"; Value = "SurfaceMount"; VariantName = "[No Variations]"
Change component parameters (AddParameter): Name = "Operating Temperature Range"; Value = "-55Cto+125C"; VariantName = "[No Variations]"
Change component parameters (AddParameter): Name = "Package / Case"; Value = "4040"; VariantName = "[No Variations]"
Change component parameters (AddParameter): Name = "Package Description"; Value = "2-Pin Surface Mount Device, Body 10.3 x 10.3 mm"; VariantName = "[No Variations]"
Change component parameters (AddParameter): Name = "Package Reference"; Value = "IHLP4040DZER101M11"; VariantName = "[No Variations]"
Change component parameters (AddParameter): Name = "Packaging"; Value = "Reel"; VariantName = "[No Variations]"
Change component parameters (AddParameter): Name = "Product"; Value = "PowerInductors"; VariantName = "[No Variations]"
Change component parameters (AddParameter): Name = "Product Category"; Value = "FixedInductors"; VariantName = "[No Variations]"
Change component parameters (AddParameter): Name = "Qualification"; Value = "AEC-Q200"; VariantName = "[No Variations]"
Change component parameters (AddParameter): Name = "RoHS"; Value = "True"; VariantName = "[No Variations]"
Change component parameters (AddParameter): Name = "Series"; Value = "IHLP-4040DZ-11"; VariantName = "[No Variations]"
Change component parameters (AddParameter): Name = "Shielding"; Value = "Shielded"; VariantName = "[No Variations]"
Change component parameters (AddParameter): Name = "Termination Style"; Value = "SMD/SMT"; VariantName = "[No Variations]"
Change component parameters (AddParameter): Name = "Test Frequency"; Value = "100kHz"; VariantName = "[No Variations]"
Change component parameters (AddParameter): Name = "Tolerance"; Value = "20%"; VariantName = "[No Variations]"
Change component parameters (AddParameter): Name = "Tradename"; Value = "IHLP"; VariantName = "[No Variations]"
Change component parameters (AddParameter): Name = "Type"; Value = "LowProfileHighCurrentIHLPInductor"; VariantName = "[No Variations]"
Change component parameters (AddParameter): Name = "Unit Weight"; Value = "0.070548oz"; VariantName = "[No Variations]"
Change component parameters (AddParameter): Name = "Width"; Value = "10.3mm"; VariantName = "[No Variations]"
Added Pin To Net: NetName=NetC45_2 Pin=L4-1
Added Pin To Net: NetName=NetD5_1 Pin=L4-2
