Added Component: Designator=U6(ACS770LCB-100U-PFF-T)
Add component (AddParameter): Name = "Accuracy"; Value = "0.6%"; VariantName = "[No Variations]"
Add component (AddParameter): Name = "Bandwidth"; Value = "120kHz"; VariantName = "[No Variations]"
Add component (AddParameter): Name = "Current Sensing"; Value = "100A"; VariantName = "[No Variations]"
Add component (AddParameter): Name = "Frequency"; Value = "120kHz"; VariantName = "[No Variations]"
Add component (AddParameter): Name = "Height"; Value = "7mm"; VariantName = "[No Variations]"
Add component (AddParameter): Name = "Length"; Value = "14mm"; VariantName = "[No Variations]"
Add component (AddParameter): Name = "Linearity"; Value = "1%"; VariantName = "[No Variations]"
Add component (AddParameter): Name = "Max Input Voltage"; Value = "5.5V"; VariantName = "[No Variations]"
Add component (AddParameter): Name = "Max Operating Temperature"; Value = "150°C"; VariantName = "[No Variations]"
Add component (AddParameter): Name = "Max Supply Current"; Value = "15mA"; VariantName = "[No Variations]"
Add component (AddParameter): Name = "Min Input Voltage"; Value = "4.5V"; VariantName = "[No Variations]"
Add component (AddParameter): Name = "Min Operating Temperature"; Value = "-40°C"; VariantName = "[No Variations]"
Add component (AddParameter): Name = "Mount"; Value = "Through Hole"; VariantName = "[No Variations]"
Add component (AddParameter): Name = "Number of Channels"; Value = "1"; VariantName = "[No Variations]"
Add component (AddParameter): Name = "Number of Pins"; Value = "5"; VariantName = "[No Variations]"
Add component (AddParameter): Name = "Package Quantity"; Value = "34"; VariantName = "[No Variations]"
Add component (AddParameter): Name = "Packaging"; Value = "Rail/Tube"; VariantName = "[No Variations]"
Add component (AddParameter): Name = "Polarity"; Value = "Unidirectional"; VariantName = "[No Variations]"
Add component (AddParameter): Name = "Quiescent Current"; Value = "10mA"; VariantName = "[No Variations]"
Add component (AddParameter): Name = "Response Time"; Value = "4.6us"; VariantName = "[No Variations]"
Add component (AddParameter): Name = "Sensitivity"; Value = "40mV/A"; VariantName = "[No Variations]"
Add component (AddParameter): Name = "Width"; Value = "13mm"; VariantName = "[No Variations]"
Added Component: Designator=U22(ACS770LCB-100U-PFF-T)
Add component (AddParameter): Name = "Accuracy"; Value = "0.6%"; VariantName = "[No Variations]"
Add component (AddParameter): Name = "Bandwidth"; Value = "120kHz"; VariantName = "[No Variations]"
Add component (AddParameter): Name = "Current Sensing"; Value = "100A"; VariantName = "[No Variations]"
Add component (AddParameter): Name = "Frequency"; Value = "120kHz"; VariantName = "[No Variations]"
Add component (AddParameter): Name = "Height"; Value = "7mm"; VariantName = "[No Variations]"
Add component (AddParameter): Name = "Length"; Value = "14mm"; VariantName = "[No Variations]"
Add component (AddParameter): Name = "Linearity"; Value = "1%"; VariantName = "[No Variations]"
Add component (AddParameter): Name = "Max Input Voltage"; Value = "5.5V"; VariantName = "[No Variations]"
Add component (AddParameter): Name = "Max Operating Temperature"; Value = "150°C"; VariantName = "[No Variations]"
Add component (AddParameter): Name = "Max Supply Current"; Value = "15mA"; VariantName = "[No Variations]"
Add component (AddParameter): Name = "Min Input Voltage"; Value = "4.5V"; VariantName = "[No Variations]"
Add component (AddParameter): Name = "Min Operating Temperature"; Value = "-40°C"; VariantName = "[No Variations]"
Add component (AddParameter): Name = "Mount"; Value = "Through Hole"; VariantName = "[No Variations]"
Add component (AddParameter): Name = "Number of Channels"; Value = "1"; VariantName = "[No Variations]"
Add component (AddParameter): Name = "Number of Pins"; Value = "5"; VariantName = "[No Variations]"
Add component (AddParameter): Name = "Package Quantity"; Value = "34"; VariantName = "[No Variations]"
Add component (AddParameter): Name = "Packaging"; Value = "Rail/Tube"; VariantName = "[No Variations]"
Add component (AddParameter): Name = "Polarity"; Value = "Unidirectional"; VariantName = "[No Variations]"
Add component (AddParameter): Name = "Quiescent Current"; Value = "10mA"; VariantName = "[No Variations]"
Add component (AddParameter): Name = "Response Time"; Value = "4.6us"; VariantName = "[No Variations]"
Add component (AddParameter): Name = "Sensitivity"; Value = "40mV/A"; VariantName = "[No Variations]"
Add component (AddParameter): Name = "Width"; Value = "13mm"; VariantName = "[No Variations]"
Added Pin To Net: NetName=+5V Pin=U6-1
Added Pin To Net: NetName=GND Pin=U6-2
Added Pin To Net: NetName=NetR39_1 Pin=U6-3
Added Pin To Net: NetName=+24V_BAT_FUSE Pin=U6-4
Added Pin To Net: NetName=+24V_BAT Pin=U6-5
Added Pin To Net: NetName=+5V Pin=U22-1
Added Pin To Net: NetName=GND Pin=U22-2
Added Pin To Net: NetName=NetR84_1 Pin=U22-3
Added Pin To Net: NetName=+24V_MOTOR_RF Pin=U22-4
Added Pin To Net: NetName=+24V_MOTOR_RAW Pin=U22-5
Added Member To Class: ClassName=BATTERY-CONTROL Member=Component U6 ACS770LCB-100U-PFF-T
Added Member To Class: ClassName=RELAYS Member=Component U22 ACS770LCB-100U-PFF-T
