Removed Pin From Net: NetName=+24V_DIGITAL Pin=C52-1
Removed Pin From Net: NetName=GND Pin=C52-2
Removed Pin From Net: NetName=+12 Pin=C53-1
Removed Pin From Net: NetName=GND Pin=C53-2
Removed Pin From Net: NetName=+12 Pin=C54-1
Removed Pin From Net: NetName=GND Pin=C54-2
Removed Pin From Net: NetName=+5V_ENC Pin=C55-1
Removed Pin From Net: NetName=GND Pin=C55-2
Removed Pin From Net: NetName=+3V3 Pin=D100-2
Removed Pin From Net: NetName=GND Pin=Q3-2
Removed Pin From Net: NetName=+3V3 Pin=R72-1
Removed Pin From Net: NetName=GIGAVAC-ENABLE Pin=R73-1
Removed Pin From Net: NetName=GND Pin=R74-1
Removed Pin From Net: NetName=+12 Pin=RELAY1-1
Removed Pin From Net: NetName=+3V3 Pin=RELAY1-2
Removed Pin From Net: NetName=GIGAVAC-NO Pin=RELAY1-3
Removed Pin From Net: NetName=GIGAVAC-NC Pin=RELAY1-4
Removed Pin From Net: NetName=+24V_DIGITAL Pin=U8-1
Removed Pin From Net: NetName=+12 Pin=U8-3
Removed Pin From Net: NetName=GND Pin=U8-4
Removed Pin From Net: NetName=+12 Pin=U9-1
Removed Pin From Net: NetName=+5V_ENC Pin=U9-3
Removed Pin From Net: NetName=GND Pin=U9-4
