Removed Pin From Net: NetName=CHARGER_VCC Pin=C33-1
Removed Pin From Net: NetName=GND Pin=C33-2
Removed Pin From Net: NetName=GND Pin=C34-2
Removed Pin From Net: NetName=CHRG_DET_3V3 Pin=R34-1
Removed Pin From Net: NetName=CHRG_DET_3V3 Pin=R35-2
Removed Pin From Net: NetName=CHARGER_VCC Pin=U5-1
Removed Pin From Net: NetName=GND Pin=U5-2
Removed Pin From Net: NetName=GND Pin=U5-4
Removed Member From Class: ClassName=BATTERY-CONTROL Member=C33
Removed Member From Class: ClassName=BATTERY-CONTROL Member=C34
Change Component Footprint: Designator=U5 Old Footprint=FP-LM7805MPX-NOPB-MFG New Footprint=FP-DBV0005A-IPC_B
Change Component Footprint: Designator=R35 Old Footprint=RESC2013X60X35NL10T20 New Footprint=RESC2013X60X35LL10T20
Change Component Footprint: Designator=R34 Old Footprint=RESC2013X60X35NL10T20 New Footprint=RESC2013X60X35ML10T20
Change Component Comment : Designator=R34 Old Comment=10K 1% 0805 New Comment=100K 1% 0805
Change Component Comment : Designator=R35 Old Comment=19K6 1% 0805 New Comment=14K 1% 0805
Change Component Comment : Designator=U5 Old Comment=LM7805MPX/NOPB New Comment=SN74LV1T08DBVR
Change Managed Component Library Link : Designator=R34 Old VaultGUID=B7D15EC3-160A-466F-A46C-7801FE6295A7 New VaultGUID=B7D15EC3-160A-466F-A46C-7801FE6295A7 Old ItemGUID=D2BB4EBD-434C-4A0A-87C3-92BF88F0847C New ItemGUID=2F93C664-9880-4177-BC5C-B835A16D7F39 Old RevisionGUID=E93F9D83-9F5D-47E9-B6A2-6EB4829C9051 New RevisionGUID=8FE9F0CE-511D-4B94-BD48-00AE7611A3BE
Change Managed Component Library Link : Designator=R35 Old VaultGUID=B7D15EC3-160A-466F-A46C-7801FE6295A7 New VaultGUID=B7D15EC3-160A-466F-A46C-7801FE6295A7 Old ItemGUID=D2BB4EBD-434C-4A0A-87C3-92BF88F0847C New ItemGUID=31B21938-1710-45B4-923E-BF9AA8FD4B8F Old RevisionGUID=E93F9D83-9F5D-47E9-B6A2-6EB4829C9051 New RevisionGUID=A4B796ED-E155-4025-8316-276E635BF454
Change Managed Component Library Link : Designator=U5 Old VaultGUID=B7D15EC3-160A-466F-A46C-7801FE6295A7 New VaultGUID=B7D15EC3-160A-466F-A46C-7801FE6295A7 Old ItemGUID=7A55EFCD-D38B-4A66-9110-C516990DCBC2 New ItemGUID=CCD4B83D-EFFE-41D5-9ED3-FAB52D574381 Old RevisionGUID=EFCF1814-D2FE-4981-99CB-EB3B4E64628E New RevisionGUID=1A3ED89D-A23D-49B9-9113-19D5230EE09C
Change component parameters: Designator = "R35" ("R35"); Footprint = "RESC2013X60X35NL10T20"; UniqueID = "\QOKNSFWI" ("\QOKNSFWI")
Change component parameters (AddParameter): Name = "Manufacturer"; Value = "Yageo"; VariantName = "[No Variations]"
Change component parameters (AddParameter): Name = "Part Number"; Value = "RC0805FR-0714KL"; VariantName = "[No Variations]"
Change component parameters: Designator = "R34" ("R34"); Footprint = "RESC2013X60X35NL10T20"; UniqueID = "\GRLLNGSE" ("\GRLLNGSE")
Change component parameters (AddParameter): Name = "Case Code (Imperial)"; Value = "0805"; VariantName = "[No Variations]"
Change component parameters (AddParameter): Name = "Case Code (Metric)"; Value = "2012"; VariantName = "[No Variations]"
Change component parameters (AddParameter): Name = "Case/Package"; Value = "0805"; VariantName = "[No Variations]"
Change component parameters (AddParameter): Name = "Composition"; Value = "ThickFilm"; VariantName = "[No Variations]"
Change component parameters (AddParameter): Name = "Datasheet URL"; Value = "http://www.yageo.com/NewPortal/yageodocoutput?fileName=/pdf/R-Chip/PYu-RC_Group_51_RoHS_L_5.pdf"; VariantName = "[No Variations]"
Change component parameters (AddParameter): Name = "Datasheet Version"; Value = "Rev. 5, 10/2016"; VariantName = "[No Variations]"
Change component parameters (AddParameter): Name = "Depth"; Value = "1.25mm"; VariantName = "[No Variations]"
Change component parameters (AddParameter): Name = "Height"; Value = "0.024inch"; VariantName = "[No Variations]"
Change component parameters (AddParameter): Name = "Lead Free"; Value = "LeadFree"; VariantName = "[No Variations]"
Change component parameters (AddParameter): Name = "Lead Pitch"; Value = "0.4mm"; VariantName = "[No Variations]"
Change component parameters (AddParameter): Name = "Length"; Value = "2mm"; VariantName = "[No Variations]"
Change component parameters (AddParameter): Name = "Manufacturer"; Value = "Yageo"; VariantName = "[No Variations]"
Change component parameters (AddParameter): Name = "Manufacturer URL"; Value = "http://www.yageo.com/"; VariantName = "[No Variations]"
Change component parameters (AddParameter): Name = "Max Operating Temperature"; Value = "155degC"; VariantName = "[No Variations]"
Change component parameters (AddParameter): Name = "Max Power Dissipation"; Value = "125mW"; VariantName = "[No Variations]"
Change component parameters (AddParameter): Name = "Military Standard"; Value = "Not"; VariantName = "[No Variations]"
Change component parameters (AddParameter): Name = "Min Operating Temperature"; Value = "-55degC"; VariantName = "[No Variations]"
Change component parameters (AddParameter): Name = "Number of Pins"; Value = "2"; VariantName = "[No Variations]"
Change component parameters (AddParameter): Name = "Number of Terminations"; Value = "2"; VariantName = "[No Variations]"
Change component parameters (AddParameter): Name = "Package Description"; Value = "2-Pin Surface Mounted Device, Body 2 x 1.25 mm"; VariantName = "[No Variations]"
Change component parameters (AddParameter): Name = "Package Quantity"; Value = "1"; VariantName = "[No Variations]"
Change component parameters (AddParameter): Name = "Package Reference"; Value = "0805"; VariantName = "[No Variations]"
Change component parameters (AddParameter): Name = "Packaging"; Value = "TapeandReel"; VariantName = "[No Variations]"
Change component parameters (AddParameter): Name = "Power Rating"; Value = "125mW"; VariantName = "[No Variations]"
Change component parameters (AddParameter): Name = "REACH SVHC"; Value = "Unknown"; VariantName = "[No Variations]"
Change component parameters (AddParameter): Name = "Resistance"; Value = "100KOhm"; VariantName = "[No Variations]"
Change component parameters (AddParameter): Name = "RoHSCompliant"; Value = "true"; VariantName = "[No Variations]"
Change component parameters (AddParameter): Name = "Temperature Coefficient"; Value = "100ppm/degreesC"; VariantName = "[No Variations]"
Change component parameters (AddParameter): Name = "Termination"; Value = "SMD/SMT"; VariantName = "[No Variations]"
Change component parameters (AddParameter): Name = "Tolerance"; Value = "1%"; VariantName = "[No Variations]"
Change component parameters (AddParameter): Name = "Voltage Rating"; Value = "150V"; VariantName = "[No Variations]"
Change component parameters (AddParameter): Name = "Voltage Rating (DC)"; Value = "150V"; VariantName = "[No Variations]"
Change component parameters (AddParameter): Name = "Width"; Value = "0.049inch"; VariantName = "[No Variations]"
Change component parameters: Designator = "U5" ("U5"); Footprint = "FP-LM7805MPX-NOPB-MFG"; UniqueID = "\ZBCFOXBI" ("\ZBCFOXBI")
Change component parameters (AddParameter): Name = "Case/Package"; Value = "SOT-23-5"; VariantName = "[No Variations]"
Change component parameters (AddParameter): Name = "Height"; Value = "1.45mm"; VariantName = "[No Variations]"
Change component parameters (AddParameter): Name = "High Level Output Current"; Value = "-8mA"; VariantName = "[No Variations]"
Change component parameters (AddParameter): Name = "Lead Free"; Value = "Lead Free"; VariantName = "[No Variations]"
Change component parameters (AddParameter): Name = "Length"; Value = "3.05mm"; VariantName = "[No Variations]"
Change component parameters (AddParameter): Name = "Logic Function"; Value = "AND GATE"; VariantName = "[No Variations]"
Change component parameters (AddParameter): Name = "Low Level Output Current"; Value = "8mA"; VariantName = "[No Variations]"
Change component parameters (AddParameter): Name = "Max Operating Temperature"; Value = "125°C"; VariantName = "[No Variations]"
Change component parameters (AddParameter): Name = "Max Supply Voltage"; Value = "5.5V"; VariantName = "[No Variations]"
Change component parameters (AddParameter): Name = "Min Operating Temperature"; Value = "-40°C"; VariantName = "[No Variations]"
Change component parameters (AddParameter): Name = "Min Supply Voltage"; Value = "1.6V"; VariantName = "[No Variations]"
Change component parameters (AddParameter): Name = "Mount"; Value = "Surface Mount"; VariantName = "[No Variations]"
Change component parameters (AddParameter): Name = "Number of Bits"; Value = "1"; VariantName = "[No Variations]"
Change component parameters (AddParameter): Name = "Number of Circuits"; Value = "1"; VariantName = "[No Variations]"
Change component parameters (AddParameter): Name = "Number of Gates"; Value = "1"; VariantName = "[No Variations]"
Change component parameters (AddParameter): Name = "Number of Input Lines"; Value = "2"; VariantName = "[No Variations]"
Change component parameters (AddParameter): Name = "Number of Inputs"; Value = "2"; VariantName = "[No Variations]"
Change component parameters (AddParameter): Name = "Number of Pins"; Value = "5"; VariantName = "[No Variations]"
Change component parameters (AddParameter): Name = "Package Quantity"; Value = "3000"; VariantName = "[No Variations]"
Change component parameters (AddParameter): Name = "Packaging"; Value = "Tape and Reel"; VariantName = "[No Variations]"
Change component parameters (AddParameter): Name = "Propagation Delay"; Value = "7ns"; VariantName = "[No Variations]"
Change component parameters (AddParameter): Name = "Quiescent Current"; Value = "1uA"; VariantName = "[No Variations]"
Change component parameters (AddParameter): Name = "Radiation Hardening"; Value = "No"; VariantName = "[No Variations]"
Change component parameters (AddParameter): Name = "RoHS Compliant"; Value = "Yes"; VariantName = "[No Variations]"
Change component parameters (AddParameter): Name = "Weight"; Value = "0.000557oz"; VariantName = "[No Variations]"
Change component parameters (AddParameter): Name = "Width"; Value = "1.75mm"; VariantName = "[No Variations]"
Added Pin To Net: NetName=CHARGER_VCC Pin=R34-2
Added Pin To Net: NetName=+5V Pin=U5-1
Added Pin To Net: NetName=GND Pin=U5-3
Added Pin To Net: NetName=CHRG_DET_3V3 Pin=U5-4
Added Pin To Net: NetName=+5V Pin=U5-5
Added Pin To Net: NetName=NetR34_1 Pin=R34-1
Added Pin To Net: NetName=NetR34_1 Pin=R35-2
Added Pin To Net: NetName=NetR34_1 Pin=R36-2
Added Pin To Net: NetName=NetR34_1 Pin=U5-2
Added Net: Name=NetR34_1
