Removed Pin From Net: NetName=NetC45_2 Pin=NO_3V3_MNTRG-1
Removed Pin From Net: NetName=3V3D_RAW Pin=NO_3V3_MNTRG-2
Removed Pin From Net: NetName=NetC41_2 Pin=NO_5V_MNTRG-1
Removed Pin From Net: NetName=5VD_RAW Pin=NO_5V_MNTRG-2
Removed Pin From Net: NetName=NetC53_1 Pin=NO_RTR_MNTRG-1
Removed Pin From Net: NetName=12VRTR_RAW Pin=NO_RTR_MNTRG-2
Removed Pin From Net: NetName=NetC49_1 Pin=NO_SPKR_MNTRG-1
Removed Pin From Net: NetName=12VSPKR_RAW Pin=NO_SPKR_MNTRG-2
Removed Pin From Net: NetName=ESP32-I2C-SCL Pin=R52-1
Removed Pin From Net: NetName=+3V3 Pin=R52-2
Removed Pin From Net: NetName=ESP32-I2C-SDA Pin=R53-1
Removed Pin From Net: NetName=+3V3 Pin=R53-2
Removed Pin From Net: NetName=ESP32-I2C-SCL Pin=R60-1
Removed Pin From Net: NetName=+3V3 Pin=R60-2
Removed Pin From Net: NetName=ESP32-I2C-SDA Pin=R61-1
Removed Pin From Net: NetName=+3V3 Pin=R61-2
Removed Member From Class: ClassName=+5V_3V3_DIGITAL Member=NO_3V3_MNTRG
Removed Member From Class: ClassName=+5V_3V3_DIGITAL Member=NO_5V_MNTRG
Removed Member From Class: ClassName=12V-EXTRA-POWER Member=NO_RTR_MNTRG
Removed Member From Class: ClassName=12V-EXTRA-POWER Member=NO_SPKR_MNTRG
Removed Member From Class: ClassName=POWER_RAIL_MONITORING Member=R52
Removed Member From Class: ClassName=POWER_RAIL_MONITORING Member=R53
Removed Member From Class: ClassName=POWER_RAIL_MONITORING Member=R60
Removed Member From Class: ClassName=POWER_RAIL_MONITORING Member=R61
