Removed Pin From Net: NetName=+5V Pin=C33-1
Removed Pin From Net: NetName=GND Pin=C33-2
Removed Pin From Net: NetName=+5V Pin=C34-1
Removed Pin From Net: NetName=GND Pin=C34-2
Removed Pin From Net: NetName=+5V Pin=C35-1
Removed Pin From Net: NetName=GND Pin=C35-2
Removed Pin From Net: NetName=+5V Pin=CTRL-A0-2
Removed Pin From Net: NetName=+5V Pin=CTRL-A1-2
Removed Pin From Net: NetName=+5V Pin=CTRL-A2-2
Removed Pin From Net: NetName=+5V Pin=ENC_A0-2
Removed Pin From Net: NetName=+5V Pin=ENC_A1-2
Removed Pin From Net: NetName=+5V Pin=ENC_A2-2
Removed Pin From Net: NetName=+5V Pin=R31-1
Removed Pin From Net: NetName=GND Pin=R32-2
Removed Pin From Net: NetName=GND Pin=R33-2
Removed Pin From Net: NetName=GND Pin=R34-2
Removed Pin From Net: NetName=+5V Pin=R35-1
Removed Pin From Net: NetName=GND Pin=R36-2
Removed Pin From Net: NetName=GND Pin=R37-2
Removed Pin From Net: NetName=GND Pin=R38-2
Removed Pin From Net: NetName=+5V Pin=R39-2
Removed Pin From Net: NetName=GND Pin=U5-1
Removed Pin From Net: NetName=GND Pin=U5-2
Removed Pin From Net: NetName=GND Pin=U5-3
Removed Pin From Net: NetName=GND Pin=U5-4
Removed Pin From Net: NetName=GND Pin=U5-5
Removed Pin From Net: NetName=GND Pin=U5-6
Removed Pin From Net: NetName=GND Pin=U5-7
Removed Pin From Net: NetName=GND Pin=U5-8
Removed Pin From Net: NetName=+5V Pin=U5-9
Removed Pin From Net: NetName=GND Pin=U5-10
Removed Pin From Net: NetName=ESP32-I2C-SDA Pin=U5-12
Removed Pin From Net: NetName=ESP32-I2C-SCL Pin=U5-13
Removed Pin From Net: NetName=+5V Pin=U6-9
Removed Pin From Net: NetName=GND Pin=U6-10
Removed Pin From Net: NetName=ESP32-I2C-SDA Pin=U6-12
Removed Pin From Net: NetName=ESP32-I2C-SCL Pin=U6-13
Removed Pin From Net: NetName=ENCODER_INTERRUPT Pin=U6-20
Removed Pin From Net: NetName=ENC1-A Pin=U6-21
Removed Pin From Net: NetName=ENC1-B Pin=U6-22
Removed Pin From Net: NetName=ENC2-A Pin=U6-23
Removed Pin From Net: NetName=ENC2-B Pin=U6-24
Removed Pin From Net: NetName=ENC3-A Pin=U6-25
Removed Pin From Net: NetName=ENC3-B Pin=U6-26
Removed Pin From Net: NetName=ENC4-A Pin=U6-27
Removed Pin From Net: NetName=ENC4-B Pin=U6-28
Removed Pin From Net: NetName=ENC1-B Pin=U7-4
Removed Pin From Net: NetName=ENC1-A Pin=U7-5
Removed Pin From Net: NetName=ENC2-B Pin=U7-6
Removed Pin From Net: NetName=ENC2-A Pin=U7-7
Removed Pin From Net: NetName=ENC3-B Pin=U7-8
Removed Pin From Net: NetName=ENC3-A Pin=U7-9
Removed Pin From Net: NetName=ENC4-B Pin=U7-10
Removed Pin From Net: NetName=ENC4-A Pin=U7-11
Removed Pin From Net: NetName=GND Pin=U7-12
Removed Pin From Net: NetName=ESP32-I2C-SDA Pin=U7-22
Removed Pin From Net: NetName=ESP32-I2C-SCL Pin=U7-23
Removed Pin From Net: NetName=+5V Pin=U7-24
