Removed Pin From Net: NetName=NetQ2_1 Pin=Q2-1
Removed Pin From Net: NetName=NetQ2_2 Pin=Q2-2
Removed Pin From Net: NetName=NetQ1_5 Pin=Q2-7
Removed Pin From Net: NetName=NetQ1_5 Pin=Q2-8
Removed Member From Class: ClassName=GT_4SBalancer Member=Q2
Change component parameters: Designator = "Q1"; Footprint = "ONSC-DFN-8-506BT_V"; UniqueID = "\WEBAFQTE"
Change component parameters. Clean all parameters for all variants
Change component parameters (AddParameter): Name = "Channel Polarity"; Value = "N Channel"; VariantName = "[No Variations]"
Change component parameters (AddParameter): Name = "Ciss Typ (pF)"; Value = "330"; VariantName = "[No Variations]"
Change component parameters (AddParameter): Name = "ComponentLink1Description"; Value = "Manufacturer URL"; VariantName = "[No Variations]"
Change component parameters (AddParameter): Name = "ComponentLink1URL"; Value = "http://www.onsemi.com/"; VariantName = "[No Variations]"
Change component parameters (AddParameter): Name = "ComponentLink2Description"; Value = "Datasheet"; VariantName = "[No Variations]"
Change component parameters (AddParameter): Name = "ComponentLink2URL"; Value = "http://www.onsemi.com/pub_link/Collateral/NVMFD5489NL-D.PDF"; VariantName = "[No Variations]"
Change component parameters (AddParameter): Name = "ComponentLink3Description"; Value = "Package Specification"; VariantName = "[No Variations]"
Change component parameters (AddParameter): Name = "ComponentLink3URL"; Value = "http://www.onsemi.com/pub_link/Collateral/506BT.PDF"; VariantName = "[No Variations]"
Change component parameters (AddParameter): Name = "Configuration"; Value = "Dual"; VariantName = "[No Variations]"
Change component parameters (AddParameter): Name = "Coss Typ (pF)"; Value = "80"; VariantName = "[No Variations]"
Change component parameters (AddParameter): Name = "Crss Typ (pF)"; Value = "39"; VariantName = "[No Variations]"
Change component parameters (AddParameter): Name = "DatasheetVersion"; Value = "Rev. 1"; VariantName = "[No Variations]"
Change component parameters (AddParameter): Name = "ID Max (A)"; Value = "12"; VariantName = "[No Variations]"
Change component parameters (AddParameter): Name = "Manufacturer"; Value = "On Semiconductor"; VariantName = "[No Variations]"
Change component parameters (AddParameter): Name = "Mounting Technology"; Value = "Surface Mount"; VariantName = "[No Variations]"
Change component parameters (AddParameter): Name = "PackageDescription"; Value = "8-Pin Small Outline No-Lead, Body 4.9 x 5.9 mm, Pitch 1.27 mm"; VariantName = "[No Variations]"
Change component parameters (AddParameter): Name = "PackageReference"; Value = "DFN-8-506BT"; VariantName = "[No Variations]"
Change component parameters (AddParameter): Name = "Package Type"; Value = "DFN-8"; VariantName = "[No Variations]"
Change component parameters (AddParameter): Name = "PackageVersion"; Value = "Rev. E, 02/2013"; VariantName = "[No Variations]"
Change component parameters (AddParameter): Name = "Packing"; Value = "Tape and Reel"; VariantName = "[No Variations]"
Change component parameters (AddParameter): Name = "PartId"; Value = "1"; VariantName = "[No Variations]"
Change component parameters (AddParameter): Name = "PartNumber"; Value = "NVMFD5489NLWFT3G"; VariantName = "[No Variations]"
Change component parameters (AddParameter): Name = "Qrr Typ (nC)"; Value = "26.5"; VariantName = "[No Variations]"
Change component parameters (AddParameter): Name = "RoHS"; Value = "Pb-Free"; VariantName = "[No Variations]"
Change component parameters (AddParameter): Name = "V(BR)DSS Min (V)"; Value = "60"; VariantName = "[No Variations]"
Change component parameters (AddParameter): Name = "VGS(th) Max (V)"; Value = "2.5"; VariantName = "[No Variations]"
Change component parameters (AddParameter): Name = "VGS Max (V)"; Value = "20"; VariantName = "[No Variations]"
Added Pin To Net: NetName=NetQ2_1 Pin=Q1-1
Added Pin To Net: NetName=NetQ2_2 Pin=Q1-2
Added Pin To Net: NetName=NetQ1_5 Pin=Q1-7
Added Pin To Net: NetName=NetQ1_5 Pin=Q1-8
Change Net Name : Old Net Name=NetQ2_1 New Net Name=NetQ1_1
Change Net Name : Old Net Name=NetQ2_2 New Net Name=NetQ1_2
Added Member To Class: ClassName=GT_4SBalancer Member=Component C9 CC0603KRX7R7BB104
Added Room: Name=GT_4SBalancer
