Removed Pin From Net: NetName=GND Pin=C5-2
Removed Pin From Net: NetName=GND Pin=C6-2
Removed Pin From Net: NetName=+24V_DIGITAL Pin=DRIVE_CNTRL_UNIT3-A1
Removed Pin From Net: NetName=+24V_DIGITAL Pin=DRIVE_CNTRL_UNIT3-A2
Removed Pin From Net: NetName=GND Pin=DRIVE_CNTRL_UNIT3-A3
Removed Pin From Net: NetName=GND Pin=DRIVE_CNTRL_UNIT3-A4
Removed Pin From Net: NetName=5V_DIGITAL Pin=DRIVE_CNTRL_UNIT3-A5
Removed Pin From Net: NetName=5V_DIGITAL Pin=DRIVE_CNTRL_UNIT3-A6
Removed Pin From Net: NetName=GND Pin=DRIVE_CNTRL_UNIT3-A7
Removed Pin From Net: NetName=GND Pin=DRIVE_CNTRL_UNIT3-A8
Removed Pin From Net: NetName=3V3_DIGITAL Pin=DRIVE_CNTRL_UNIT3-A9
Removed Pin From Net: NetName=3V3_DIGITAL Pin=DRIVE_CNTRL_UNIT3-A10
Removed Pin From Net: NetName=GND Pin=DRIVE_CNTRL_UNIT3-A15
Removed Pin From Net: NetName=GND Pin=DRIVE_CNTRL_UNIT3-A18
Removed Pin From Net: NetName=GND Pin=DRIVE_CNTRL_UNIT3-A20
Removed Pin From Net: NetName=GND Pin=DRIVE_CNTRL_UNIT3-A21
Removed Pin From Net: NetName=GND Pin=DRIVE_CNTRL_UNIT3-A22
Removed Pin From Net: NetName=GND Pin=DRIVE_CNTRL_UNIT3-A23
Removed Pin From Net: NetName=GND Pin=DRIVE_CNTRL_UNIT3-A33
Removed Pin From Net: NetName=GND Pin=DRIVE_CNTRL_UNIT3-A35
Removed Pin From Net: NetName=GND Pin=DRIVE_CNTRL_UNIT3-A36
Removed Pin From Net: NetName=GND Pin=DRIVE_CNTRL_UNIT3-A37
Removed Pin From Net: NetName=MOTOR1_CHA Pin=DRIVE_CNTRL_UNIT3-A38
Removed Pin From Net: NetName=MOTOR1_CHA Pin=DRIVE_CNTRL_UNIT3-A39
Removed Pin From Net: NetName=MOTOR1_CHA Pin=DRIVE_CNTRL_UNIT3-A40
Removed Pin From Net: NetName=MOTOR1_CHA Pin=DRIVE_CNTRL_UNIT3-A41
Removed Pin From Net: NetName=MOTOR1_CHA Pin=DRIVE_CNTRL_UNIT3-A42
Removed Pin From Net: NetName=GND Pin=DRIVE_CNTRL_UNIT3-A43
Removed Pin From Net: NetName=GND Pin=DRIVE_CNTRL_UNIT3-A44
Removed Pin From Net: NetName=MOTOR1_CHB Pin=DRIVE_CNTRL_UNIT3-A45
Removed Pin From Net: NetName=MOTOR1_CHB Pin=DRIVE_CNTRL_UNIT3-A46
Removed Pin From Net: NetName=MOTOR1_CHB Pin=DRIVE_CNTRL_UNIT3-A47
Removed Pin From Net: NetName=MOTOR1_CHB Pin=DRIVE_CNTRL_UNIT3-A48
Removed Pin From Net: NetName=MOTOR1_CHB Pin=DRIVE_CNTRL_UNIT3-A49
Removed Pin From Net: NetName=GND Pin=DRIVE_CNTRL_UNIT3-A50
Removed Pin From Net: NetName=GND Pin=DRIVE_CNTRL_UNIT3-A51
Removed Pin From Net: NetName=MOTOR4_CHA Pin=DRIVE_CNTRL_UNIT3-A52
Removed Pin From Net: NetName=MOTOR4_CHA Pin=DRIVE_CNTRL_UNIT3-A53
Removed Pin From Net: NetName=MOTOR4_CHA Pin=DRIVE_CNTRL_UNIT3-A54
Removed Pin From Net: NetName=MOTOR4_CHA Pin=DRIVE_CNTRL_UNIT3-A55
Removed Pin From Net: NetName=MOTOR4_CHA Pin=DRIVE_CNTRL_UNIT3-A56
Removed Pin From Net: NetName=GND Pin=DRIVE_CNTRL_UNIT3-A57
Removed Pin From Net: NetName=GND Pin=DRIVE_CNTRL_UNIT3-A58
Removed Pin From Net: NetName=MOTOR4_CHB Pin=DRIVE_CNTRL_UNIT3-A59
Removed Pin From Net: NetName=MOTOR4_CHB Pin=DRIVE_CNTRL_UNIT3-A60
Removed Pin From Net: NetName=MOTOR4_CHB Pin=DRIVE_CNTRL_UNIT3-A61
Removed Pin From Net: NetName=MOTOR4_CHB Pin=DRIVE_CNTRL_UNIT3-A62
Removed Pin From Net: NetName=MOTOR4_CHB Pin=DRIVE_CNTRL_UNIT3-A63
Removed Pin From Net: NetName=GND Pin=DRIVE_CNTRL_UNIT3-A64
Removed Pin From Net: NetName=GND Pin=DRIVE_CNTRL_UNIT3-A65
Removed Pin From Net: NetName=+24V_MOTOR Pin=DRIVE_CNTRL_UNIT3-A66
Removed Pin From Net: NetName=+24V_MOTOR Pin=DRIVE_CNTRL_UNIT3-A67
Removed Pin From Net: NetName=+24V_MOTOR Pin=DRIVE_CNTRL_UNIT3-A68
Removed Pin From Net: NetName=+24V_MOTOR Pin=DRIVE_CNTRL_UNIT3-A69
Removed Pin From Net: NetName=+24V_MOTOR Pin=DRIVE_CNTRL_UNIT3-A70
Removed Pin From Net: NetName=+24V_MOTOR Pin=DRIVE_CNTRL_UNIT3-A71
Removed Pin From Net: NetName=+24V_MOTOR Pin=DRIVE_CNTRL_UNIT3-A72
Removed Pin From Net: NetName=+24V_MOTOR Pin=DRIVE_CNTRL_UNIT3-A73
Removed Pin From Net: NetName=+24V_MOTOR Pin=DRIVE_CNTRL_UNIT3-A74
Removed Pin From Net: NetName=+24V_MOTOR Pin=DRIVE_CNTRL_UNIT3-A75
Removed Pin From Net: NetName=+24V_MOTOR Pin=DRIVE_CNTRL_UNIT3-A76
Removed Pin From Net: NetName=+24V_MOTOR Pin=DRIVE_CNTRL_UNIT3-A77
Removed Pin From Net: NetName=+24V_MOTOR Pin=DRIVE_CNTRL_UNIT3-A78
Removed Pin From Net: NetName=+24V_MOTOR Pin=DRIVE_CNTRL_UNIT3-A79
Removed Pin From Net: NetName=+24V_MOTOR Pin=DRIVE_CNTRL_UNIT3-A80
Removed Pin From Net: NetName=+24V_MOTOR Pin=DRIVE_CNTRL_UNIT3-A81
Removed Pin From Net: NetName=+24V_MOTOR Pin=DRIVE_CNTRL_UNIT3-A82
Removed Pin From Net: NetName=+24V_DIGITAL Pin=DRIVE_CNTRL_UNIT3-B1
Removed Pin From Net: NetName=+24V_DIGITAL Pin=DRIVE_CNTRL_UNIT3-B2
Removed Pin From Net: NetName=GND Pin=DRIVE_CNTRL_UNIT3-B3
Removed Pin From Net: NetName=GND Pin=DRIVE_CNTRL_UNIT3-B4
Removed Pin From Net: NetName=5V_DIGITAL Pin=DRIVE_CNTRL_UNIT3-B5
Removed Pin From Net: NetName=5V_DIGITAL Pin=DRIVE_CNTRL_UNIT3-B6
Removed Pin From Net: NetName=GND Pin=DRIVE_CNTRL_UNIT3-B7
Removed Pin From Net: NetName=GND Pin=DRIVE_CNTRL_UNIT3-B8
Removed Pin From Net: NetName=3V3_DIGITAL Pin=DRIVE_CNTRL_UNIT3-B9
Removed Pin From Net: NetName=3V3_DIGITAL Pin=DRIVE_CNTRL_UNIT3-B10
Removed Pin From Net: NetName=GND Pin=DRIVE_CNTRL_UNIT3-B15
Removed Pin From Net: NetName=GND Pin=DRIVE_CNTRL_UNIT3-B18
Removed Pin From Net: NetName=GND Pin=DRIVE_CNTRL_UNIT3-B19
Removed Pin From Net: NetName=GND Pin=DRIVE_CNTRL_UNIT3-B29
Removed Pin From Net: NetName=GND Pin=DRIVE_CNTRL_UNIT3-B30
Removed Pin From Net: NetName=GND Pin=DRIVE_CNTRL_UNIT3-B31
Removed Pin From Net: NetName=GND Pin=DRIVE_CNTRL_UNIT3-B32
Removed Pin From Net: NetName=GND Pin=DRIVE_CNTRL_UNIT3-B33
Removed Pin From Net: NetName=GND Pin=DRIVE_CNTRL_UNIT3-B35
Removed Pin From Net: NetName=GND Pin=DRIVE_CNTRL_UNIT3-B36
Removed Pin From Net: NetName=GND Pin=DRIVE_CNTRL_UNIT3-B37
Removed Pin From Net: NetName=MOTOR2_CHA Pin=DRIVE_CNTRL_UNIT3-B38
Removed Pin From Net: NetName=MOTOR2_CHA Pin=DRIVE_CNTRL_UNIT3-B39
Removed Pin From Net: NetName=MOTOR2_CHA Pin=DRIVE_CNTRL_UNIT3-B40
Removed Pin From Net: NetName=MOTOR2_CHA Pin=DRIVE_CNTRL_UNIT3-B41
Removed Pin From Net: NetName=MOTOR2_CHA Pin=DRIVE_CNTRL_UNIT3-B42
Removed Pin From Net: NetName=GND Pin=DRIVE_CNTRL_UNIT3-B43
Removed Pin From Net: NetName=GND Pin=DRIVE_CNTRL_UNIT3-B44
Removed Pin From Net: NetName=MOTOR2_CHB Pin=DRIVE_CNTRL_UNIT3-B45
Removed Pin From Net: NetName=MOTOR2_CHB Pin=DRIVE_CNTRL_UNIT3-B46
Removed Pin From Net: NetName=MOTOR2_CHB Pin=DRIVE_CNTRL_UNIT3-B47
Removed Pin From Net: NetName=MOTOR2_CHB Pin=DRIVE_CNTRL_UNIT3-B48
Removed Pin From Net: NetName=MOTOR2_CHB Pin=DRIVE_CNTRL_UNIT3-B49
Removed Pin From Net: NetName=GND Pin=DRIVE_CNTRL_UNIT3-B50
Removed Pin From Net: NetName=GND Pin=DRIVE_CNTRL_UNIT3-B51
Removed Pin From Net: NetName=MOTOR3_CHA Pin=DRIVE_CNTRL_UNIT3-B52
Removed Pin From Net: NetName=MOTOR3_CHA Pin=DRIVE_CNTRL_UNIT3-B53
Removed Pin From Net: NetName=MOTOR3_CHA Pin=DRIVE_CNTRL_UNIT3-B54
Removed Pin From Net: NetName=MOTOR3_CHA Pin=DRIVE_CNTRL_UNIT3-B55
Removed Pin From Net: NetName=MOTOR3_CHA Pin=DRIVE_CNTRL_UNIT3-B56
Removed Pin From Net: NetName=GND Pin=DRIVE_CNTRL_UNIT3-B57
Removed Pin From Net: NetName=GND Pin=DRIVE_CNTRL_UNIT3-B58
Removed Pin From Net: NetName=MOTOR3_CHB Pin=DRIVE_CNTRL_UNIT3-B59
Removed Pin From Net: NetName=MOTOR3_CHB Pin=DRIVE_CNTRL_UNIT3-B60
Removed Pin From Net: NetName=MOTOR3_CHB Pin=DRIVE_CNTRL_UNIT3-B61
Removed Pin From Net: NetName=MOTOR3_CHB Pin=DRIVE_CNTRL_UNIT3-B62
Removed Pin From Net: NetName=MOTOR3_CHB Pin=DRIVE_CNTRL_UNIT3-B63
Removed Pin From Net: NetName=GND Pin=DRIVE_CNTRL_UNIT3-B64
Removed Pin From Net: NetName=GND Pin=DRIVE_CNTRL_UNIT3-B65
Removed Pin From Net: NetName=+24V_MOTOR Pin=DRIVE_CNTRL_UNIT3-B66
Removed Pin From Net: NetName=+24V_MOTOR Pin=DRIVE_CNTRL_UNIT3-B67
Removed Pin From Net: NetName=+24V_MOTOR Pin=DRIVE_CNTRL_UNIT3-B68
Removed Pin From Net: NetName=+24V_MOTOR Pin=DRIVE_CNTRL_UNIT3-B69
Removed Pin From Net: NetName=+24V_MOTOR Pin=DRIVE_CNTRL_UNIT3-B70
Removed Pin From Net: NetName=+24V_MOTOR Pin=DRIVE_CNTRL_UNIT3-B71
Removed Pin From Net: NetName=+24V_MOTOR Pin=DRIVE_CNTRL_UNIT3-B72
Removed Pin From Net: NetName=+24V_MOTOR Pin=DRIVE_CNTRL_UNIT3-B73
Removed Pin From Net: NetName=+24V_MOTOR Pin=DRIVE_CNTRL_UNIT3-B74
Removed Pin From Net: NetName=+24V_MOTOR Pin=DRIVE_CNTRL_UNIT3-B75
Removed Pin From Net: NetName=+24V_MOTOR Pin=DRIVE_CNTRL_UNIT3-B76
Removed Pin From Net: NetName=+24V_MOTOR Pin=DRIVE_CNTRL_UNIT3-B77
Removed Pin From Net: NetName=+24V_MOTOR Pin=DRIVE_CNTRL_UNIT3-B78
Removed Pin From Net: NetName=+24V_MOTOR Pin=DRIVE_CNTRL_UNIT3-B79
Removed Pin From Net: NetName=+24V_MOTOR Pin=DRIVE_CNTRL_UNIT3-B80
Removed Pin From Net: NetName=+24V_MOTOR Pin=DRIVE_CNTRL_UNIT3-B81
Removed Pin From Net: NetName=+24V_MOTOR Pin=DRIVE_CNTRL_UNIT3-B82
Removed Pin From Net: NetName=+24V_DIGITAL Pin=DRIVE_CNTRL_UNIT4-A1
Removed Pin From Net: NetName=+24V_DIGITAL Pin=DRIVE_CNTRL_UNIT4-A2
Removed Pin From Net: NetName=GND Pin=DRIVE_CNTRL_UNIT4-A3
Removed Pin From Net: NetName=GND Pin=DRIVE_CNTRL_UNIT4-A4
Removed Pin From Net: NetName=5V_DIGITAL Pin=DRIVE_CNTRL_UNIT4-A5
Removed Pin From Net: NetName=5V_DIGITAL Pin=DRIVE_CNTRL_UNIT4-A6
Removed Pin From Net: NetName=GND Pin=DRIVE_CNTRL_UNIT4-A7
Removed Pin From Net: NetName=GND Pin=DRIVE_CNTRL_UNIT4-A8
Removed Pin From Net: NetName=3V3_DIGITAL Pin=DRIVE_CNTRL_UNIT4-A9
Removed Pin From Net: NetName=3V3_DIGITAL Pin=DRIVE_CNTRL_UNIT4-A10
Removed Pin From Net: NetName=GND Pin=DRIVE_CNTRL_UNIT4-A15
Removed Pin From Net: NetName=GND Pin=DRIVE_CNTRL_UNIT4-A18
Removed Pin From Net: NetName=GND Pin=DRIVE_CNTRL_UNIT4-A20
Removed Pin From Net: NetName=GND Pin=DRIVE_CNTRL_UNIT4-A21
Removed Pin From Net: NetName=GND Pin=DRIVE_CNTRL_UNIT4-A22
Removed Pin From Net: NetName=GND Pin=DRIVE_CNTRL_UNIT4-A23
Removed Pin From Net: NetName=GND Pin=DRIVE_CNTRL_UNIT4-A33
Removed Pin From Net: NetName=GND Pin=DRIVE_CNTRL_UNIT4-A35
Removed Pin From Net: NetName=GND Pin=DRIVE_CNTRL_UNIT4-A36
Removed Pin From Net: NetName=GND Pin=DRIVE_CNTRL_UNIT4-A37
Removed Pin From Net: NetName=MOTOR1_CHA Pin=DRIVE_CNTRL_UNIT4-A38
Removed Pin From Net: NetName=MOTOR1_CHA Pin=DRIVE_CNTRL_UNIT4-A39
Removed Pin From Net: NetName=MOTOR1_CHA Pin=DRIVE_CNTRL_UNIT4-A40
Removed Pin From Net: NetName=MOTOR1_CHA Pin=DRIVE_CNTRL_UNIT4-A41
Removed Pin From Net: NetName=MOTOR1_CHA Pin=DRIVE_CNTRL_UNIT4-A42
Removed Pin From Net: NetName=GND Pin=DRIVE_CNTRL_UNIT4-A43
Removed Pin From Net: NetName=GND Pin=DRIVE_CNTRL_UNIT4-A44
Removed Pin From Net: NetName=MOTOR1_CHB Pin=DRIVE_CNTRL_UNIT4-A45
Removed Pin From Net: NetName=MOTOR1_CHB Pin=DRIVE_CNTRL_UNIT4-A46
Removed Pin From Net: NetName=MOTOR1_CHB Pin=DRIVE_CNTRL_UNIT4-A47
Removed Pin From Net: NetName=MOTOR1_CHB Pin=DRIVE_CNTRL_UNIT4-A48
Removed Pin From Net: NetName=MOTOR1_CHB Pin=DRIVE_CNTRL_UNIT4-A49
Removed Pin From Net: NetName=GND Pin=DRIVE_CNTRL_UNIT4-A50
Removed Pin From Net: NetName=GND Pin=DRIVE_CNTRL_UNIT4-A51
Removed Pin From Net: NetName=MOTOR4_CHA Pin=DRIVE_CNTRL_UNIT4-A52
Removed Pin From Net: NetName=MOTOR4_CHA Pin=DRIVE_CNTRL_UNIT4-A53
Removed Pin From Net: NetName=MOTOR4_CHA Pin=DRIVE_CNTRL_UNIT4-A54
Removed Pin From Net: NetName=MOTOR4_CHA Pin=DRIVE_CNTRL_UNIT4-A55
Removed Pin From Net: NetName=MOTOR4_CHA Pin=DRIVE_CNTRL_UNIT4-A56
Removed Pin From Net: NetName=GND Pin=DRIVE_CNTRL_UNIT4-A57
Removed Pin From Net: NetName=GND Pin=DRIVE_CNTRL_UNIT4-A58
Removed Pin From Net: NetName=MOTOR4_CHB Pin=DRIVE_CNTRL_UNIT4-A59
Removed Pin From Net: NetName=MOTOR4_CHB Pin=DRIVE_CNTRL_UNIT4-A60
Removed Pin From Net: NetName=MOTOR4_CHB Pin=DRIVE_CNTRL_UNIT4-A61
Removed Pin From Net: NetName=MOTOR4_CHB Pin=DRIVE_CNTRL_UNIT4-A62
Removed Pin From Net: NetName=MOTOR4_CHB Pin=DRIVE_CNTRL_UNIT4-A63
Removed Pin From Net: NetName=GND Pin=DRIVE_CNTRL_UNIT4-A64
Removed Pin From Net: NetName=GND Pin=DRIVE_CNTRL_UNIT4-A65
Removed Pin From Net: NetName=+24V_MOTOR Pin=DRIVE_CNTRL_UNIT4-A66
Removed Pin From Net: NetName=+24V_MOTOR Pin=DRIVE_CNTRL_UNIT4-A67
Removed Pin From Net: NetName=+24V_MOTOR Pin=DRIVE_CNTRL_UNIT4-A68
Removed Pin From Net: NetName=+24V_MOTOR Pin=DRIVE_CNTRL_UNIT4-A69
Removed Pin From Net: NetName=+24V_MOTOR Pin=DRIVE_CNTRL_UNIT4-A70
Removed Pin From Net: NetName=+24V_MOTOR Pin=DRIVE_CNTRL_UNIT4-A71
Removed Pin From Net: NetName=+24V_MOTOR Pin=DRIVE_CNTRL_UNIT4-A72
Removed Pin From Net: NetName=+24V_MOTOR Pin=DRIVE_CNTRL_UNIT4-A73
Removed Pin From Net: NetName=+24V_MOTOR Pin=DRIVE_CNTRL_UNIT4-A74
Removed Pin From Net: NetName=+24V_MOTOR Pin=DRIVE_CNTRL_UNIT4-A75
Removed Pin From Net: NetName=+24V_MOTOR Pin=DRIVE_CNTRL_UNIT4-A76
Removed Pin From Net: NetName=+24V_MOTOR Pin=DRIVE_CNTRL_UNIT4-A77
Removed Pin From Net: NetName=+24V_MOTOR Pin=DRIVE_CNTRL_UNIT4-A78
Removed Pin From Net: NetName=+24V_MOTOR Pin=DRIVE_CNTRL_UNIT4-A79
Removed Pin From Net: NetName=+24V_MOTOR Pin=DRIVE_CNTRL_UNIT4-A80
Removed Pin From Net: NetName=+24V_MOTOR Pin=DRIVE_CNTRL_UNIT4-A81
Removed Pin From Net: NetName=+24V_MOTOR Pin=DRIVE_CNTRL_UNIT4-A82
Removed Pin From Net: NetName=+24V_DIGITAL Pin=DRIVE_CNTRL_UNIT4-B1
Removed Pin From Net: NetName=+24V_DIGITAL Pin=DRIVE_CNTRL_UNIT4-B2
Removed Pin From Net: NetName=GND Pin=DRIVE_CNTRL_UNIT4-B3
Removed Pin From Net: NetName=GND Pin=DRIVE_CNTRL_UNIT4-B4
Removed Pin From Net: NetName=5V_DIGITAL Pin=DRIVE_CNTRL_UNIT4-B5
Removed Pin From Net: NetName=5V_DIGITAL Pin=DRIVE_CNTRL_UNIT4-B6
Removed Pin From Net: NetName=GND Pin=DRIVE_CNTRL_UNIT4-B7
Removed Pin From Net: NetName=GND Pin=DRIVE_CNTRL_UNIT4-B8
Removed Pin From Net: NetName=3V3_DIGITAL Pin=DRIVE_CNTRL_UNIT4-B9
Removed Pin From Net: NetName=3V3_DIGITAL Pin=DRIVE_CNTRL_UNIT4-B10
Removed Pin From Net: NetName=GND Pin=DRIVE_CNTRL_UNIT4-B15
Removed Pin From Net: NetName=GND Pin=DRIVE_CNTRL_UNIT4-B18
Removed Pin From Net: NetName=GND Pin=DRIVE_CNTRL_UNIT4-B19
Removed Pin From Net: NetName=GND Pin=DRIVE_CNTRL_UNIT4-B29
Removed Pin From Net: NetName=GND Pin=DRIVE_CNTRL_UNIT4-B30
Removed Pin From Net: NetName=GND Pin=DRIVE_CNTRL_UNIT4-B31
Removed Pin From Net: NetName=GND Pin=DRIVE_CNTRL_UNIT4-B32
Removed Pin From Net: NetName=GND Pin=DRIVE_CNTRL_UNIT4-B33
Removed Pin From Net: NetName=GND Pin=DRIVE_CNTRL_UNIT4-B35
Removed Pin From Net: NetName=GND Pin=DRIVE_CNTRL_UNIT4-B36
Removed Pin From Net: NetName=GND Pin=DRIVE_CNTRL_UNIT4-B37
Removed Pin From Net: NetName=MOTOR2_CHA Pin=DRIVE_CNTRL_UNIT4-B38
Removed Pin From Net: NetName=MOTOR2_CHA Pin=DRIVE_CNTRL_UNIT4-B39
Removed Pin From Net: NetName=MOTOR2_CHA Pin=DRIVE_CNTRL_UNIT4-B40
Removed Pin From Net: NetName=MOTOR2_CHA Pin=DRIVE_CNTRL_UNIT4-B41
Removed Pin From Net: NetName=MOTOR2_CHA Pin=DRIVE_CNTRL_UNIT4-B42
Removed Pin From Net: NetName=GND Pin=DRIVE_CNTRL_UNIT4-B43
Removed Pin From Net: NetName=GND Pin=DRIVE_CNTRL_UNIT4-B44
Removed Pin From Net: NetName=MOTOR2_CHB Pin=DRIVE_CNTRL_UNIT4-B45
Removed Pin From Net: NetName=MOTOR2_CHB Pin=DRIVE_CNTRL_UNIT4-B46
Removed Pin From Net: NetName=MOTOR2_CHB Pin=DRIVE_CNTRL_UNIT4-B47
Removed Pin From Net: NetName=MOTOR2_CHB Pin=DRIVE_CNTRL_UNIT4-B48
Removed Pin From Net: NetName=MOTOR2_CHB Pin=DRIVE_CNTRL_UNIT4-B49
Removed Pin From Net: NetName=GND Pin=DRIVE_CNTRL_UNIT4-B50
Removed Pin From Net: NetName=GND Pin=DRIVE_CNTRL_UNIT4-B51
Removed Pin From Net: NetName=MOTOR3_CHA Pin=DRIVE_CNTRL_UNIT4-B52
Removed Pin From Net: NetName=MOTOR3_CHA Pin=DRIVE_CNTRL_UNIT4-B53
Removed Pin From Net: NetName=MOTOR3_CHA Pin=DRIVE_CNTRL_UNIT4-B54
Removed Pin From Net: NetName=MOTOR3_CHA Pin=DRIVE_CNTRL_UNIT4-B55
Removed Pin From Net: NetName=MOTOR3_CHA Pin=DRIVE_CNTRL_UNIT4-B56
Removed Pin From Net: NetName=GND Pin=DRIVE_CNTRL_UNIT4-B57
Removed Pin From Net: NetName=GND Pin=DRIVE_CNTRL_UNIT4-B58
Removed Pin From Net: NetName=MOTOR3_CHB Pin=DRIVE_CNTRL_UNIT4-B59
Removed Pin From Net: NetName=MOTOR3_CHB Pin=DRIVE_CNTRL_UNIT4-B60
Removed Pin From Net: NetName=MOTOR3_CHB Pin=DRIVE_CNTRL_UNIT4-B61
Removed Pin From Net: NetName=MOTOR3_CHB Pin=DRIVE_CNTRL_UNIT4-B62
Removed Pin From Net: NetName=MOTOR3_CHB Pin=DRIVE_CNTRL_UNIT4-B63
Removed Pin From Net: NetName=GND Pin=DRIVE_CNTRL_UNIT4-B64
Removed Pin From Net: NetName=GND Pin=DRIVE_CNTRL_UNIT4-B65
Removed Pin From Net: NetName=+24V_MOTOR Pin=DRIVE_CNTRL_UNIT4-B66
Removed Pin From Net: NetName=+24V_MOTOR Pin=DRIVE_CNTRL_UNIT4-B67
Removed Pin From Net: NetName=+24V_MOTOR Pin=DRIVE_CNTRL_UNIT4-B68
Removed Pin From Net: NetName=+24V_MOTOR Pin=DRIVE_CNTRL_UNIT4-B69
Removed Pin From Net: NetName=+24V_MOTOR Pin=DRIVE_CNTRL_UNIT4-B70
Removed Pin From Net: NetName=+24V_MOTOR Pin=DRIVE_CNTRL_UNIT4-B71
Removed Pin From Net: NetName=+24V_MOTOR Pin=DRIVE_CNTRL_UNIT4-B72
Removed Pin From Net: NetName=+24V_MOTOR Pin=DRIVE_CNTRL_UNIT4-B73
Removed Pin From Net: NetName=+24V_MOTOR Pin=DRIVE_CNTRL_UNIT4-B74
Removed Pin From Net: NetName=+24V_MOTOR Pin=DRIVE_CNTRL_UNIT4-B75
Removed Pin From Net: NetName=+24V_MOTOR Pin=DRIVE_CNTRL_UNIT4-B76
Removed Pin From Net: NetName=+24V_MOTOR Pin=DRIVE_CNTRL_UNIT4-B77
Removed Pin From Net: NetName=+24V_MOTOR Pin=DRIVE_CNTRL_UNIT4-B78
Removed Pin From Net: NetName=+24V_MOTOR Pin=DRIVE_CNTRL_UNIT4-B79
Removed Pin From Net: NetName=+24V_MOTOR Pin=DRIVE_CNTRL_UNIT4-B80
Removed Pin From Net: NetName=+24V_MOTOR Pin=DRIVE_CNTRL_UNIT4-B81
Removed Pin From Net: NetName=+24V_MOTOR Pin=DRIVE_CNTRL_UNIT4-B82
Removed Pin From Net: NetName=GND Pin=ETH_DCU3-8
Removed Pin From Net: NetName=3V3_DIGITAL Pin=ETH_DCU3-10
Removed Pin From Net: NetName=3V3_DIGITAL Pin=ETH_DCU3-12
Removed Pin From Net: NetName=GND Pin=ETH_DCU4-8
Removed Pin From Net: NetName=3V3_DIGITAL Pin=ETH_DCU4-10
Removed Pin From Net: NetName=3V3_DIGITAL Pin=ETH_DCU4-12
Removed Member From Class: ClassName=Ethernet Member=C5
Removed Member From Class: ClassName=Ethernet Member=C6
Removed Member From Class: ClassName=Ethernet Member=ETH_DCU3
Removed Member From Class: ClassName=Ethernet Member=ETH_DCU4
Removed Member From Class: ClassName=Ethernet Member=R9
Removed Member From Class: ClassName=Ethernet Member=R10
Removed Member From Class: ClassName=Ethernet Member=R11
Removed Member From Class: ClassName=Ethernet Member=R12
